ERROR - 2016-07-20 10:34:31 - exception 'Twig_Error_Syntax' with message 'Unexpected token "end of statement block" of value "" in "./common/header.tpl" at line 85' in C:\xampp\htdocs\KinguinInternship\myProject\Twig\ExpressionParser.php:175
Stack trace:
#0 C:\xampp\htdocs\KinguinInternship\myProject\Twig\ExpressionParser.php(84): Twig_ExpressionParser->parsePrimaryExpression()
#1 C:\xampp\htdocs\KinguinInternship\myProject\Twig\ExpressionParser.php(41): Twig_ExpressionParser->getPrimary()
#2 C:\xampp\htdocs\KinguinInternship\myProject\Twig\TokenParser\If.php(38): Twig_ExpressionParser->parseExpression()
#3 C:\xampp\htdocs\KinguinInternship\myProject\Twig\Parser.php(187): Twig_TokenParser_If->parse(Object(Twig_Token))
#4 C:\xampp\htdocs\KinguinInternship\myProject\Twig\Parser.php(95): Twig_Parser->subparse(NULL, false)
#5 C:\xampp\htdocs\KinguinInternship\myProject\Twig\Environment.php(507): Twig_Parser->parse(Object(Twig_TokenStream))
#6 C:\xampp\htdocs\KinguinInternship\myProject\Twig\Environment.php(559): Twig_Environment->parse(Object(Twig_TokenStream))
#7 C:\xampp\htdocs\KinguinInternship\myProject\Twig\Environment.php(334): Twig_Environment->compileSource('<!DOCTYPE html>...', './common/header...')
#8 C:\xampp\htdocs\KinguinInternship\myProject\cache\templates_c\dc\35\536f4ec51135399b8d24f48520ecd8d9303dbbf278aaefe47e8476532b31.php(19): Twig_Environment->loadTemplate('./common/header...')
#9 C:\xampp\htdocs\KinguinInternship\myProject\Twig\Template.php(279): __TwigTemplate_dc35536f4ec51135399b8d24f48520ecd8d9303dbbf278aaefe47e8476532b31->doDisplay(Array, Array)
#10 C:\xampp\htdocs\KinguinInternship\myProject\Twig\Template.php(253): Twig_Template->displayWithErrorHandling(Array, Array)
#11 C:\xampp\htdocs\KinguinInternship\myProject\Twig\Template.php(264): Twig_Template->display(Array)
#12 C:\xampp\htdocs\KinguinInternship\myProject\Yee\Views\Twig.php(91): Twig_Template->render(Array)
#13 C:\xampp\htdocs\KinguinInternship\myProject\Yee\View.php(255): Yee\Views\Twig->render('pages/myAccount...', NULL)
#14 C:\xampp\htdocs\KinguinInternship\myProject\Yee\View.php(243): Yee\View->fetch('pages/myAccount...', NULL)
#15 C:\xampp\htdocs\KinguinInternship\myProject\Yee\Yee.php(765): Yee\View->display('pages/myAccount...')
#16 C:\xampp\htdocs\KinguinInternship\myProject\App\Controllers\MyAccount\MyAccountController.php(28): Yee\Yee->render('pages/myAccount...', Array)
#17 [internal function]: MyAccountController->indexAction()
#18 C:\xampp\htdocs\KinguinInternship\myProject\Yee\Managers\Controller\Controller.php(22): call_user_func_array(Array, Array)
#19 [internal function]: Yee\Managers\Controller\Controller::__callStatic('___indexAction', Array)
#20 [internal function]: MyAccountController::___indexAction()
#21 C:\xampp\htdocs\KinguinInternship\myProject\Yee\Route.php(462): call_user_func_array('MyAccountContro...', Array)
#22 C:\xampp\htdocs\KinguinInternship\myProject\Yee\Yee.php(1334): Yee\Route->dispatch()
#23 C:\xampp\htdocs\KinguinInternship\myProject\Yee\Middleware\Flash.php(85): Yee\Yee->call()
#24 C:\xampp\htdocs\KinguinInternship\myProject\Yee\Middleware\MethodOverride.php(92): Yee\Middleware\Flash->call()
#25 C:\xampp\htdocs\KinguinInternship\myProject\Yee\Middleware\PrettyExceptions.php(67): Yee\Middleware\MethodOverride->call()
#26 C:\xampp\htdocs\KinguinInternship\myProject\Yee\Yee.php(1279): Yee\Middleware\PrettyExceptions->call()
#27 C:\xampp\htdocs\KinguinInternship\myProject\index.php(49): Yee\Yee->execute()
#28 {main}
ERROR - 2016-07-20 10:34:53 - exception 'Twig_Error_Syntax' with message 'Unexpected token "operator" of value "not" ("end of statement block" expected) in "./common/header.tpl" at line 85' in C:\xampp\htdocs\KinguinInternship\myProject\Twig\TokenStream.php:88
Stack trace:
#0 C:\xampp\htdocs\KinguinInternship\myProject\Twig\TokenParser\If.php(40): Twig_TokenStream->expect(3)
#1 C:\xampp\htdocs\KinguinInternship\myProject\Twig\Parser.php(187): Twig_TokenParser_If->parse(Object(Twig_Token))
#2 C:\xampp\htdocs\KinguinInternship\myProject\Twig\Parser.php(95): Twig_Parser->subparse(NULL, false)
#3 C:\xampp\htdocs\KinguinInternship\myProject\Twig\Environment.php(507): Twig_Parser->parse(Object(Twig_TokenStream))
#4 C:\xampp\htdocs\KinguinInternship\myProject\Twig\Environment.php(559): Twig_Environment->parse(Object(Twig_TokenStream))
#5 C:\xampp\htdocs\KinguinInternship\myProject\Twig\Environment.php(334): Twig_Environment->compileSource('<!DOCTYPE html>...', './common/header...')
#6 C:\xampp\htdocs\KinguinInternship\myProject\cache\templates_c\dc\35\536f4ec51135399b8d24f48520ecd8d9303dbbf278aaefe47e8476532b31.php(19): Twig_Environment->loadTemplate('./common/header...')
#7 C:\xampp\htdocs\KinguinInternship\myProject\Twig\Template.php(279): __TwigTemplate_dc35536f4ec51135399b8d24f48520ecd8d9303dbbf278aaefe47e8476532b31->doDisplay(Array, Array)
#8 C:\xampp\htdocs\KinguinInternship\myProject\Twig\Template.php(253): Twig_Template->displayWithErrorHandling(Array, Array)
#9 C:\xampp\htdocs\KinguinInternship\myProject\Twig\Template.php(264): Twig_Template->display(Array)
#10 C:\xampp\htdocs\KinguinInternship\myProject\Yee\Views\Twig.php(91): Twig_Template->render(Array)
#11 C:\xampp\htdocs\KinguinInternship\myProject\Yee\View.php(255): Yee\Views\Twig->render('pages/myAccount...', NULL)
#12 C:\xampp\htdocs\KinguinInternship\myProject\Yee\View.php(243): Yee\View->fetch('pages/myAccount...', NULL)
#13 C:\xampp\htdocs\KinguinInternship\myProject\Yee\Yee.php(765): Yee\View->display('pages/myAccount...')
#14 C:\xampp\htdocs\KinguinInternship\myProject\App\Controllers\MyAccount\MyAccountController.php(28): Yee\Yee->render('pages/myAccount...', Array)
#15 [internal function]: MyAccountController->indexAction()
#16 C:\xampp\htdocs\KinguinInternship\myProject\Yee\Managers\Controller\Controller.php(22): call_user_func_array(Array, Array)
#17 [internal function]: Yee\Managers\Controller\Controller::__callStatic('___indexAction', Array)
#18 [internal function]: MyAccountController::___indexAction()
#19 C:\xampp\htdocs\KinguinInternship\myProject\Yee\Route.php(462): call_user_func_array('MyAccountContro...', Array)
#20 C:\xampp\htdocs\KinguinInternship\myProject\Yee\Yee.php(1334): Yee\Route->dispatch()
#21 C:\xampp\htdocs\KinguinInternship\myProject\Yee\Middleware\Flash.php(85): Yee\Yee->call()
#22 C:\xampp\htdocs\KinguinInternship\myProject\Yee\Middleware\MethodOverride.php(92): Yee\Middleware\Flash->call()
#23 C:\xampp\htdocs\KinguinInternship\myProject\Yee\Middleware\PrettyExceptions.php(67): Yee\Middleware\MethodOverride->call()
#24 C:\xampp\htdocs\KinguinInternship\myProject\Yee\Yee.php(1279): Yee\Middleware\PrettyExceptions->call()
#25 C:\xampp\htdocs\KinguinInternship\myProject\index.php(49): Yee\Yee->execute()
#26 {main}
ERROR - 2016-07-20 10:36:23 - exception 'Twig_Error_Syntax' with message 'Unexpected character "$" in "./common/header.tpl" at line 85' in C:\xampp\htdocs\KinguinInternship\myProject\Twig\Lexer.php:284
Stack trace:
#0 C:\xampp\htdocs\KinguinInternship\myProject\Twig\Lexer.php(205): Twig_Lexer->lexExpression()
#1 C:\xampp\htdocs\KinguinInternship\myProject\Twig\Lexer.php(111): Twig_Lexer->lexBlock()
#2 C:\xampp\htdocs\KinguinInternship\myProject\Twig\Environment.php(469): Twig_Lexer->tokenize('<!DOCTYPE html>...', './common/header...')
#3 C:\xampp\htdocs\KinguinInternship\myProject\Twig\Environment.php(559): Twig_Environment->tokenize('<!DOCTYPE html>...', './common/header...')
#4 C:\xampp\htdocs\KinguinInternship\myProject\Twig\Environment.php(334): Twig_Environment->compileSource('<!DOCTYPE html>...', './common/header...')
#5 C:\xampp\htdocs\KinguinInternship\myProject\cache\templates_c\02\ce\9d6e49282a54f0be5c5ed44424e7ad67d07f6b07dd05d1da18c632f264f7.php(19): Twig_Environment->loadTemplate('./common/header...')
#6 C:\xampp\htdocs\KinguinInternship\myProject\Twig\Template.php(279): __TwigTemplate_02ce9d6e49282a54f0be5c5ed44424e7ad67d07f6b07dd05d1da18c632f264f7->doDisplay(Array, Array)
#7 C:\xampp\htdocs\KinguinInternship\myProject\Twig\Template.php(253): Twig_Template->displayWithErrorHandling(Array, Array)
#8 C:\xampp\htdocs\KinguinInternship\myProject\Twig\Template.php(264): Twig_Template->display(Array)
#9 C:\xampp\htdocs\KinguinInternship\myProject\Yee\Views\Twig.php(91): Twig_Template->render(Array)
#10 C:\xampp\htdocs\KinguinInternship\myProject\Yee\View.php(255): Yee\Views\Twig->render('pages/signup.tp...', NULL)
#11 C:\xampp\htdocs\KinguinInternship\myProject\Yee\View.php(243): Yee\View->fetch('pages/signup.tp...', NULL)
#12 C:\xampp\htdocs\KinguinInternship\myProject\Yee\Yee.php(765): Yee\View->display('pages/signup.tp...')
#13 C:\xampp\htdocs\KinguinInternship\myProject\App\Controllers\Signup\SignupController.php(23): Yee\Yee->render('pages/signup.tp...', Array)
#14 [internal function]: SignupController->indexAction()
#15 C:\xampp\htdocs\KinguinInternship\myProject\Yee\Managers\Controller\Controller.php(22): call_user_func_array(Array, Array)
#16 [internal function]: Yee\Managers\Controller\Controller::__callStatic('___indexAction', Array)
#17 [internal function]: SignupController::___indexAction()
#18 C:\xampp\htdocs\KinguinInternship\myProject\Yee\Route.php(462): call_user_func_array('SignupControlle...', Array)
#19 C:\xampp\htdocs\KinguinInternship\myProject\Yee\Yee.php(1334): Yee\Route->dispatch()
#20 C:\xampp\htdocs\KinguinInternship\myProject\Yee\Middleware\Flash.php(85): Yee\Yee->call()
#21 C:\xampp\htdocs\KinguinInternship\myProject\Yee\Middleware\MethodOverride.php(92): Yee\Middleware\Flash->call()
#22 C:\xampp\htdocs\KinguinInternship\myProject\Yee\Middleware\PrettyExceptions.php(67): Yee\Middleware\MethodOverride->call()
#23 C:\xampp\htdocs\KinguinInternship\myProject\Yee\Yee.php(1279): Yee\Middleware\PrettyExceptions->call()
#24 C:\xampp\htdocs\KinguinInternship\myProject\index.php(49): Yee\Yee->execute()
#25 {main}
ERROR - 2016-07-20 10:36:39 - exception 'Twig_Error_Syntax' with message 'Unexpected character "$" in "./common/header.tpl" at line 85' in C:\xampp\htdocs\KinguinInternship\myProject\Twig\Lexer.php:284
Stack trace:
#0 C:\xampp\htdocs\KinguinInternship\myProject\Twig\Lexer.php(205): Twig_Lexer->lexExpression()
#1 C:\xampp\htdocs\KinguinInternship\myProject\Twig\Lexer.php(111): Twig_Lexer->lexBlock()
#2 C:\xampp\htdocs\KinguinInternship\myProject\Twig\Environment.php(469): Twig_Lexer->tokenize('<!DOCTYPE html>...', './common/header...')
#3 C:\xampp\htdocs\KinguinInternship\myProject\Twig\Environment.php(559): Twig_Environment->tokenize('<!DOCTYPE html>...', './common/header...')
#4 C:\xampp\htdocs\KinguinInternship\myProject\Twig\Environment.php(334): Twig_Environment->compileSource('<!DOCTYPE html>...', './common/header...')
#5 C:\xampp\htdocs\KinguinInternship\myProject\cache\templates_c\02\ce\9d6e49282a54f0be5c5ed44424e7ad67d07f6b07dd05d1da18c632f264f7.php(19): Twig_Environment->loadTemplate('./common/header...')
#6 C:\xampp\htdocs\KinguinInternship\myProject\Twig\Template.php(279): __TwigTemplate_02ce9d6e49282a54f0be5c5ed44424e7ad67d07f6b07dd05d1da18c632f264f7->doDisplay(Array, Array)
#7 C:\xampp\htdocs\KinguinInternship\myProject\Twig\Template.php(253): Twig_Template->displayWithErrorHandling(Array, Array)
#8 C:\xampp\htdocs\KinguinInternship\myProject\Twig\Template.php(264): Twig_Template->display(Array)
#9 C:\xampp\htdocs\KinguinInternship\myProject\Yee\Views\Twig.php(91): Twig_Template->render(Array)
#10 C:\xampp\htdocs\KinguinInternship\myProject\Yee\View.php(255): Yee\Views\Twig->render('pages/signup.tp...', NULL)
#11 C:\xampp\htdocs\KinguinInternship\myProject\Yee\View.php(243): Yee\View->fetch('pages/signup.tp...', NULL)
#12 C:\xampp\htdocs\KinguinInternship\myProject\Yee\Yee.php(765): Yee\View->display('pages/signup.tp...')
#13 C:\xampp\htdocs\KinguinInternship\myProject\App\Controllers\Signup\SignupController.php(23): Yee\Yee->render('pages/signup.tp...', Array)
#14 [internal function]: SignupController->indexAction()
#15 C:\xampp\htdocs\KinguinInternship\myProject\Yee\Managers\Controller\Controller.php(22): call_user_func_array(Array, Array)
#16 [internal function]: Yee\Managers\Controller\Controller::__callStatic('___indexAction', Array)
#17 [internal function]: SignupController::___indexAction()
#18 C:\xampp\htdocs\KinguinInternship\myProject\Yee\Route.php(462): call_user_func_array('SignupControlle...', Array)
#19 C:\xampp\htdocs\KinguinInternship\myProject\Yee\Yee.php(1334): Yee\Route->dispatch()
#20 C:\xampp\htdocs\KinguinInternship\myProject\Yee\Middleware\Flash.php(85): Yee\Yee->call()
#21 C:\xampp\htdocs\KinguinInternship\myProject\Yee\Middleware\MethodOverride.php(92): Yee\Middleware\Flash->call()
#22 C:\xampp\htdocs\KinguinInternship\myProject\Yee\Middleware\PrettyExceptions.php(67): Yee\Middleware\MethodOverride->call()
#23 C:\xampp\htdocs\KinguinInternship\myProject\Yee\Yee.php(1279): Yee\Middleware\PrettyExceptions->call()
#24 C:\xampp\htdocs\KinguinInternship\myProject\index.php(49): Yee\Yee->execute()
#25 {main}
ERROR - 2016-07-20 10:39:12 - exception 'ErrorException' with message 'Undefined variable: _SESSION' in C:\xampp\htdocs\KinguinInternship\myProject\App\Controllers\MyAccount\MyAccountController.php:18
Stack trace:
#0 C:\xampp\htdocs\KinguinInternship\myProject\App\Controllers\MyAccount\MyAccountController.php(18): Yee\Yee::handleErrors(8, 'Undefined varia...', 'C:\\xampp\\htdocs...', 18, Array)
#1 [internal function]: MyAccountController->indexAction()
#2 C:\xampp\htdocs\KinguinInternship\myProject\Yee\Managers\Controller\Controller.php(22): call_user_func_array(Array, Array)
#3 [internal function]: Yee\Managers\Controller\Controller::__callStatic('___indexAction', Array)
#4 [internal function]: MyAccountController::___indexAction()
#5 C:\xampp\htdocs\KinguinInternship\myProject\Yee\Route.php(462): call_user_func_array('MyAccountContro...', Array)
#6 C:\xampp\htdocs\KinguinInternship\myProject\Yee\Yee.php(1334): Yee\Route->dispatch()
#7 C:\xampp\htdocs\KinguinInternship\myProject\Yee\Middleware\Flash.php(85): Yee\Yee->call()
#8 C:\xampp\htdocs\KinguinInternship\myProject\Yee\Middleware\MethodOverride.php(92): Yee\Middleware\Flash->call()
#9 C:\xampp\htdocs\KinguinInternship\myProject\Yee\Middleware\PrettyExceptions.php(67): Yee\Middleware\MethodOverride->call()
#10 C:\xampp\htdocs\KinguinInternship\myProject\Yee\Yee.php(1279): Yee\Middleware\PrettyExceptions->call()
#11 C:\xampp\htdocs\KinguinInternship\myProject\index.php(49): Yee\Yee->execute()
#12 {main}
ERROR - 2016-07-20 10:40:02 - exception 'ErrorException' with message 'Undefined index: isLogged' in C:\xampp\htdocs\KinguinInternship\myProject\App\Controllers\MyAccount\MyAccountController.php:18
Stack trace:
#0 C:\xampp\htdocs\KinguinInternship\myProject\App\Controllers\MyAccount\MyAccountController.php(18): Yee\Yee::handleErrors(8, 'Undefined index...', 'C:\\xampp\\htdocs...', 18, Array)
#1 [internal function]: MyAccountController->indexAction()
#2 C:\xampp\htdocs\KinguinInternship\myProject\Yee\Managers\Controller\Controller.php(22): call_user_func_array(Array, Array)
#3 [internal function]: Yee\Managers\Controller\Controller::__callStatic('___indexAction', Array)
#4 [internal function]: MyAccountController::___indexAction()
#5 C:\xampp\htdocs\KinguinInternship\myProject\Yee\Route.php(462): call_user_func_array('MyAccountContro...', Array)
#6 C:\xampp\htdocs\KinguinInternship\myProject\Yee\Yee.php(1334): Yee\Route->dispatch()
#7 C:\xampp\htdocs\KinguinInternship\myProject\Yee\Middleware\Flash.php(85): Yee\Yee->call()
#8 C:\xampp\htdocs\KinguinInternship\myProject\Yee\Middleware\MethodOverride.php(92): Yee\Middleware\Flash->call()
#9 C:\xampp\htdocs\KinguinInternship\myProject\Yee\Middleware\PrettyExceptions.php(67): Yee\Middleware\MethodOverride->call()
#10 C:\xampp\htdocs\KinguinInternship\myProject\Yee\Yee.php(1279): Yee\Middleware\PrettyExceptions->call()
#11 C:\xampp\htdocs\KinguinInternship\myProject\index.php(49): Yee\Yee->execute()
#12 {main}
ERROR - 2016-07-20 10:40:10 - exception 'ErrorException' with message 'Undefined index: isLogged' in C:\xampp\htdocs\KinguinInternship\myProject\App\Controllers\MyAccount\MyAccountController.php:18
Stack trace:
#0 C:\xampp\htdocs\KinguinInternship\myProject\App\Controllers\MyAccount\MyAccountController.php(18): Yee\Yee::handleErrors(8, 'Undefined index...', 'C:\\xampp\\htdocs...', 18, Array)
#1 [internal function]: MyAccountController->indexAction()
#2 C:\xampp\htdocs\KinguinInternship\myProject\Yee\Managers\Controller\Controller.php(22): call_user_func_array(Array, Array)
#3 [internal function]: Yee\Managers\Controller\Controller::__callStatic('___indexAction', Array)
#4 [internal function]: MyAccountController::___indexAction()
#5 C:\xampp\htdocs\KinguinInternship\myProject\Yee\Route.php(462): call_user_func_array('MyAccountContro...', Array)
#6 C:\xampp\htdocs\KinguinInternship\myProject\Yee\Yee.php(1334): Yee\Route->dispatch()
#7 C:\xampp\htdocs\KinguinInternship\myProject\Yee\Middleware\Flash.php(85): Yee\Yee->call()
#8 C:\xampp\htdocs\KinguinInternship\myProject\Yee\Middleware\MethodOverride.php(92): Yee\Middleware\Flash->call()
#9 C:\xampp\htdocs\KinguinInternship\myProject\Yee\Middleware\PrettyExceptions.php(67): Yee\Middleware\MethodOverride->call()
#10 C:\xampp\htdocs\KinguinInternship\myProject\Yee\Yee.php(1279): Yee\Middleware\PrettyExceptions->call()
#11 C:\xampp\htdocs\KinguinInternship\myProject\index.php(49): Yee\Yee->execute()
#12 {main}
ERROR - 2016-07-20 10:40:28 - exception 'ErrorException' with message 'Undefined index: isLogged' in C:\xampp\htdocs\KinguinInternship\myProject\App\Controllers\MyAccount\MyAccountController.php:18
Stack trace:
#0 C:\xampp\htdocs\KinguinInternship\myProject\App\Controllers\MyAccount\MyAccountController.php(18): Yee\Yee::handleErrors(8, 'Undefined index...', 'C:\\xampp\\htdocs...', 18, Array)
#1 [internal function]: MyAccountController->indexAction()
#2 C:\xampp\htdocs\KinguinInternship\myProject\Yee\Managers\Controller\Controller.php(22): call_user_func_array(Array, Array)
#3 [internal function]: Yee\Managers\Controller\Controller::__callStatic('___indexAction', Array)
#4 [internal function]: MyAccountController::___indexAction()
#5 C:\xampp\htdocs\KinguinInternship\myProject\Yee\Route.php(462): call_user_func_array('MyAccountContro...', Array)
#6 C:\xampp\htdocs\KinguinInternship\myProject\Yee\Yee.php(1334): Yee\Route->dispatch()
#7 C:\xampp\htdocs\KinguinInternship\myProject\Yee\Middleware\Flash.php(85): Yee\Yee->call()
#8 C:\xampp\htdocs\KinguinInternship\myProject\Yee\Middleware\MethodOverride.php(92): Yee\Middleware\Flash->call()
#9 C:\xampp\htdocs\KinguinInternship\myProject\Yee\Middleware\PrettyExceptions.php(67): Yee\Middleware\MethodOverride->call()
#10 C:\xampp\htdocs\KinguinInternship\myProject\Yee\Yee.php(1279): Yee\Middleware\PrettyExceptions->call()
#11 C:\xampp\htdocs\KinguinInternship\myProject\index.php(49): Yee\Yee->execute()
#12 {main}
ERROR - 2016-07-20 10:41:05 - exception 'ErrorException' with message 'Undefined index: isLogged' in C:\xampp\htdocs\KinguinInternship\myProject\App\Controllers\MyAccount\MyAccountController.php:18
Stack trace:
#0 C:\xampp\htdocs\KinguinInternship\myProject\App\Controllers\MyAccount\MyAccountController.php(18): Yee\Yee::handleErrors(8, 'Undefined index...', 'C:\\xampp\\htdocs...', 18, Array)
#1 [internal function]: MyAccountController->indexAction()
#2 C:\xampp\htdocs\KinguinInternship\myProject\Yee\Managers\Controller\Controller.php(22): call_user_func_array(Array, Array)
#3 [internal function]: Yee\Managers\Controller\Controller::__callStatic('___indexAction', Array)
#4 [internal function]: MyAccountController::___indexAction()
#5 C:\xampp\htdocs\KinguinInternship\myProject\Yee\Route.php(462): call_user_func_array('MyAccountContro...', Array)
#6 C:\xampp\htdocs\KinguinInternship\myProject\Yee\Yee.php(1334): Yee\Route->dispatch()
#7 C:\xampp\htdocs\KinguinInternship\myProject\Yee\Middleware\Flash.php(85): Yee\Yee->call()
#8 C:\xampp\htdocs\KinguinInternship\myProject\Yee\Middleware\MethodOverride.php(92): Yee\Middleware\Flash->call()
#9 C:\xampp\htdocs\KinguinInternship\myProject\Yee\Middleware\PrettyExceptions.php(67): Yee\Middleware\MethodOverride->call()
#10 C:\xampp\htdocs\KinguinInternship\myProject\Yee\Yee.php(1279): Yee\Middleware\PrettyExceptions->call()
#11 C:\xampp\htdocs\KinguinInternship\myProject\index.php(49): Yee\Yee->execute()
#12 {main}
ERROR - 2016-07-20 10:41:28 - exception 'ErrorException' with message 'Undefined variable: account' in C:\xampp\htdocs\KinguinInternship\myProject\App\Controllers\MyAccount\MyAccountController.php:25
Stack trace:
#0 C:\xampp\htdocs\KinguinInternship\myProject\App\Controllers\MyAccount\MyAccountController.php(25): Yee\Yee::handleErrors(8, 'Undefined varia...', 'C:\\xampp\\htdocs...', 25, Array)
#1 [internal function]: MyAccountController->indexAction()
#2 C:\xampp\htdocs\KinguinInternship\myProject\Yee\Managers\Controller\Controller.php(22): call_user_func_array(Array, Array)
#3 [internal function]: Yee\Managers\Controller\Controller::__callStatic('___indexAction', Array)
#4 [internal function]: MyAccountController::___indexAction()
#5 C:\xampp\htdocs\KinguinInternship\myProject\Yee\Route.php(462): call_user_func_array('MyAccountContro...', Array)
#6 C:\xampp\htdocs\KinguinInternship\myProject\Yee\Yee.php(1334): Yee\Route->dispatch()
#7 C:\xampp\htdocs\KinguinInternship\myProject\Yee\Middleware\Flash.php(85): Yee\Yee->call()
#8 C:\xampp\htdocs\KinguinInternship\myProject\Yee\Middleware\MethodOverride.php(92): Yee\Middleware\Flash->call()
#9 C:\xampp\htdocs\KinguinInternship\myProject\Yee\Middleware\PrettyExceptions.php(67): Yee\Middleware\MethodOverride->call()
#10 C:\xampp\htdocs\KinguinInternship\myProject\Yee\Yee.php(1279): Yee\Middleware\PrettyExceptions->call()
#11 C:\xampp\htdocs\KinguinInternship\myProject\index.php(49): Yee\Yee->execute()
#12 {main}
ERROR - 2016-07-20 11:09:26 - exception 'ErrorException' with message 'Undefined variable: account' in C:\xampp\htdocs\KinguinInternship\myProject\App\Controllers\MyAccount\MyAccountController.php:26
Stack trace:
#0 C:\xampp\htdocs\KinguinInternship\myProject\App\Controllers\MyAccount\MyAccountController.php(26): Yee\Yee::handleErrors(8, 'Undefined varia...', 'C:\\xampp\\htdocs...', 26, Array)
#1 [internal function]: MyAccountController->indexAction()
#2 C:\xampp\htdocs\KinguinInternship\myProject\Yee\Managers\Controller\Controller.php(22): call_user_func_array(Array, Array)
#3 [internal function]: Yee\Managers\Controller\Controller::__callStatic('___indexAction', Array)
#4 [internal function]: MyAccountController::___indexAction()
#5 C:\xampp\htdocs\KinguinInternship\myProject\Yee\Route.php(462): call_user_func_array('MyAccountContro...', Array)
#6 C:\xampp\htdocs\KinguinInternship\myProject\Yee\Yee.php(1334): Yee\Route->dispatch()
#7 C:\xampp\htdocs\KinguinInternship\myProject\Yee\Middleware\Flash.php(85): Yee\Yee->call()
#8 C:\xampp\htdocs\KinguinInternship\myProject\Yee\Middleware\MethodOverride.php(92): Yee\Middleware\Flash->call()
#9 C:\xampp\htdocs\KinguinInternship\myProject\Yee\Middleware\PrettyExceptions.php(67): Yee\Middleware\MethodOverride->call()
#10 C:\xampp\htdocs\KinguinInternship\myProject\Yee\Yee.php(1279): Yee\Middleware\PrettyExceptions->call()
#11 C:\xampp\htdocs\KinguinInternship\myProject\index.php(49): Yee\Yee->execute()
#12 {main}
ERROR - 2016-07-20 11:13:08 - exception 'Twig_Error_Loader' with message 'Unable to find template "pages/" (looked into: ./templates).' in C:\xampp\htdocs\KinguinInternship\myProject\Twig\Loader\Filesystem.php:191
Stack trace:
#0 C:\xampp\htdocs\KinguinInternship\myProject\Twig\Loader\Filesystem.php(138): Twig_Loader_Filesystem->findTemplate('pages/')
#1 C:\xampp\htdocs\KinguinInternship\myProject\Twig\Environment.php(265): Twig_Loader_Filesystem->getCacheKey('pages/')
#2 C:\xampp\htdocs\KinguinInternship\myProject\Twig\Environment.php(323): Twig_Environment->getTemplateClass('pages/', NULL)
#3 C:\xampp\htdocs\KinguinInternship\myProject\Yee\Views\Twig.php(87): Twig_Environment->loadTemplate('pages/')
#4 C:\xampp\htdocs\KinguinInternship\myProject\Yee\View.php(255): Yee\Views\Twig->render('pages/', NULL)
#5 C:\xampp\htdocs\KinguinInternship\myProject\Yee\View.php(243): Yee\View->fetch('pages/', NULL)
#6 C:\xampp\htdocs\KinguinInternship\myProject\Yee\Yee.php(765): Yee\View->display('pages/')
#7 C:\xampp\htdocs\KinguinInternship\myProject\App\Controllers\MyAccount\MyAccountController.php(30): Yee\Yee->render('pages/')
#8 [internal function]: MyAccountController->indexAction()
#9 C:\xampp\htdocs\KinguinInternship\myProject\Yee\Managers\Controller\Controller.php(22): call_user_func_array(Array, Array)
#10 [internal function]: Yee\Managers\Controller\Controller::__callStatic('___indexAction', Array)
#11 [internal function]: MyAccountController::___indexAction()
#12 C:\xampp\htdocs\KinguinInternship\myProject\Yee\Route.php(462): call_user_func_array('MyAccountContro...', Array)
#13 C:\xampp\htdocs\KinguinInternship\myProject\Yee\Yee.php(1334): Yee\Route->dispatch()
#14 C:\xampp\htdocs\KinguinInternship\myProject\Yee\Middleware\Flash.php(85): Yee\Yee->call()
#15 C:\xampp\htdocs\KinguinInternship\myProject\Yee\Middleware\MethodOverride.php(92): Yee\Middleware\Flash->call()
#16 C:\xampp\htdocs\KinguinInternship\myProject\Yee\Middleware\PrettyExceptions.php(67): Yee\Middleware\MethodOverride->call()
#17 C:\xampp\htdocs\KinguinInternship\myProject\Yee\Yee.php(1279): Yee\Middleware\PrettyExceptions->call()
#18 C:\xampp\htdocs\KinguinInternship\myProject\index.php(49): Yee\Yee->execute()
#19 {main}
ERROR - 2016-07-20 11:13:19 - exception 'Twig_Error_Loader' with message 'Unable to find template "pages/home" (looked into: ./templates).' in C:\xampp\htdocs\KinguinInternship\myProject\Twig\Loader\Filesystem.php:191
Stack trace:
#0 C:\xampp\htdocs\KinguinInternship\myProject\Twig\Loader\Filesystem.php(138): Twig_Loader_Filesystem->findTemplate('pages/home')
#1 C:\xampp\htdocs\KinguinInternship\myProject\Twig\Environment.php(265): Twig_Loader_Filesystem->getCacheKey('pages/home')
#2 C:\xampp\htdocs\KinguinInternship\myProject\Twig\Environment.php(323): Twig_Environment->getTemplateClass('pages/home', NULL)
#3 C:\xampp\htdocs\KinguinInternship\myProject\Yee\Views\Twig.php(87): Twig_Environment->loadTemplate('pages/home')
#4 C:\xampp\htdocs\KinguinInternship\myProject\Yee\View.php(255): Yee\Views\Twig->render('pages/home', NULL)
#5 C:\xampp\htdocs\KinguinInternship\myProject\Yee\View.php(243): Yee\View->fetch('pages/home', NULL)
#6 C:\xampp\htdocs\KinguinInternship\myProject\Yee\Yee.php(765): Yee\View->display('pages/home')
#7 C:\xampp\htdocs\KinguinInternship\myProject\App\Controllers\MyAccount\MyAccountController.php(30): Yee\Yee->render('pages/home')
#8 [internal function]: MyAccountController->indexAction()
#9 C:\xampp\htdocs\KinguinInternship\myProject\Yee\Managers\Controller\Controller.php(22): call_user_func_array(Array, Array)
#10 [internal function]: Yee\Managers\Controller\Controller::__callStatic('___indexAction', Array)
#11 [internal function]: MyAccountController::___indexAction()
#12 C:\xampp\htdocs\KinguinInternship\myProject\Yee\Route.php(462): call_user_func_array('MyAccountContro...', Array)
#13 C:\xampp\htdocs\KinguinInternship\myProject\Yee\Yee.php(1334): Yee\Route->dispatch()
#14 C:\xampp\htdocs\KinguinInternship\myProject\Yee\Middleware\Flash.php(85): Yee\Yee->call()
#15 C:\xampp\htdocs\KinguinInternship\myProject\Yee\Middleware\MethodOverride.php(92): Yee\Middleware\Flash->call()
#16 C:\xampp\htdocs\KinguinInternship\myProject\Yee\Middleware\PrettyExceptions.php(67): Yee\Middleware\MethodOverride->call()
#17 C:\xampp\htdocs\KinguinInternship\myProject\Yee\Yee.php(1279): Yee\Middleware\PrettyExceptions->call()
#18 C:\xampp\htdocs\KinguinInternship\myProject\index.php(49): Yee\Yee->execute()
#19 {main}
ERROR - 2016-07-20 11:13:24 - exception 'Twig_Error_Loader' with message 'Unable to find template "pages/home.tpl" (looked into: ./templates).' in C:\xampp\htdocs\KinguinInternship\myProject\Twig\Loader\Filesystem.php:191
Stack trace:
#0 C:\xampp\htdocs\KinguinInternship\myProject\Twig\Loader\Filesystem.php(138): Twig_Loader_Filesystem->findTemplate('pages/home.tpl')
#1 C:\xampp\htdocs\KinguinInternship\myProject\Twig\Environment.php(265): Twig_Loader_Filesystem->getCacheKey('pages/home.tpl')
#2 C:\xampp\htdocs\KinguinInternship\myProject\Twig\Environment.php(323): Twig_Environment->getTemplateClass('pages/home.tpl', NULL)
#3 C:\xampp\htdocs\KinguinInternship\myProject\Yee\Views\Twig.php(87): Twig_Environment->loadTemplate('pages/home.tpl')
#4 C:\xampp\htdocs\KinguinInternship\myProject\Yee\View.php(255): Yee\Views\Twig->render('pages/home.tpl', NULL)
#5 C:\xampp\htdocs\KinguinInternship\myProject\Yee\View.php(243): Yee\View->fetch('pages/home.tpl', NULL)
#6 C:\xampp\htdocs\KinguinInternship\myProject\Yee\Yee.php(765): Yee\View->display('pages/home.tpl')
#7 C:\xampp\htdocs\KinguinInternship\myProject\App\Controllers\MyAccount\MyAccountController.php(30): Yee\Yee->render('pages/home.tpl')
#8 [internal function]: MyAccountController->indexAction()
#9 C:\xampp\htdocs\KinguinInternship\myProject\Yee\Managers\Controller\Controller.php(22): call_user_func_array(Array, Array)
#10 [internal function]: Yee\Managers\Controller\Controller::__callStatic('___indexAction', Array)
#11 [internal function]: MyAccountController::___indexAction()
#12 C:\xampp\htdocs\KinguinInternship\myProject\Yee\Route.php(462): call_user_func_array('MyAccountContro...', Array)
#13 C:\xampp\htdocs\KinguinInternship\myProject\Yee\Yee.php(1334): Yee\Route->dispatch()
#14 C:\xampp\htdocs\KinguinInternship\myProject\Yee\Middleware\Flash.php(85): Yee\Yee->call()
#15 C:\xampp\htdocs\KinguinInternship\myProject\Yee\Middleware\MethodOverride.php(92): Yee\Middleware\Flash->call()
#16 C:\xampp\htdocs\KinguinInternship\myProject\Yee\Middleware\PrettyExceptions.php(67): Yee\Middleware\MethodOverride->call()
#17 C:\xampp\htdocs\KinguinInternship\myProject\Yee\Yee.php(1279): Yee\Middleware\PrettyExceptions->call()
#18 C:\xampp\htdocs\KinguinInternship\myProject\index.php(49): Yee\Yee->execute()
#19 {main}
ERROR - 2016-07-20 11:13:44 - exception 'Twig_Error_Loader' with message 'Unable to find template "pages/home.tpl" (looked into: ./templates).' in C:\xampp\htdocs\KinguinInternship\myProject\Twig\Loader\Filesystem.php:191
Stack trace:
#0 C:\xampp\htdocs\KinguinInternship\myProject\Twig\Loader\Filesystem.php(138): Twig_Loader_Filesystem->findTemplate('pages/home.tpl')
#1 C:\xampp\htdocs\KinguinInternship\myProject\Twig\Environment.php(265): Twig_Loader_Filesystem->getCacheKey('pages/home.tpl')
#2 C:\xampp\htdocs\KinguinInternship\myProject\Twig\Environment.php(323): Twig_Environment->getTemplateClass('pages/home.tpl', NULL)
#3 C:\xampp\htdocs\KinguinInternship\myProject\Yee\Views\Twig.php(87): Twig_Environment->loadTemplate('pages/home.tpl')
#4 C:\xampp\htdocs\KinguinInternship\myProject\Yee\View.php(255): Yee\Views\Twig->render('pages/home.tpl', NULL)
#5 C:\xampp\htdocs\KinguinInternship\myProject\Yee\View.php(243): Yee\View->fetch('pages/home.tpl', NULL)
#6 C:\xampp\htdocs\KinguinInternship\myProject\Yee\Yee.php(765): Yee\View->display('pages/home.tpl')
#7 C:\xampp\htdocs\KinguinInternship\myProject\App\Controllers\MyAccount\MyAccountController.php(34): Yee\Yee->render('pages/home.tpl', Array)
#8 [internal function]: MyAccountController->indexAction()
#9 C:\xampp\htdocs\KinguinInternship\myProject\Yee\Managers\Controller\Controller.php(22): call_user_func_array(Array, Array)
#10 [internal function]: Yee\Managers\Controller\Controller::__callStatic('___indexAction', Array)
#11 [internal function]: MyAccountController::___indexAction()
#12 C:\xampp\htdocs\KinguinInternship\myProject\Yee\Route.php(462): call_user_func_array('MyAccountContro...', Array)
#13 C:\xampp\htdocs\KinguinInternship\myProject\Yee\Yee.php(1334): Yee\Route->dispatch()
#14 C:\xampp\htdocs\KinguinInternship\myProject\Yee\Middleware\Flash.php(85): Yee\Yee->call()
#15 C:\xampp\htdocs\KinguinInternship\myProject\Yee\Middleware\MethodOverride.php(92): Yee\Middleware\Flash->call()
#16 C:\xampp\htdocs\KinguinInternship\myProject\Yee\Middleware\PrettyExceptions.php(67): Yee\Middleware\MethodOverride->call()
#17 C:\xampp\htdocs\KinguinInternship\myProject\Yee\Yee.php(1279): Yee\Middleware\PrettyExceptions->call()
#18 C:\xampp\htdocs\KinguinInternship\myProject\index.php(49): Yee\Yee->execute()
#19 {main}
ERROR - 2016-07-20 11:16:02 - exception 'Twig_Error_Loader' with message 'Unable to find template "pages/home.tpl" (looked into: ./templates).' in C:\xampp\htdocs\KinguinInternship\myProject\Twig\Loader\Filesystem.php:191
Stack trace:
#0 C:\xampp\htdocs\KinguinInternship\myProject\Twig\Loader\Filesystem.php(138): Twig_Loader_Filesystem->findTemplate('pages/home.tpl')
#1 C:\xampp\htdocs\KinguinInternship\myProject\Twig\Environment.php(265): Twig_Loader_Filesystem->getCacheKey('pages/home.tpl')
#2 C:\xampp\htdocs\KinguinInternship\myProject\Twig\Environment.php(323): Twig_Environment->getTemplateClass('pages/home.tpl', NULL)
#3 C:\xampp\htdocs\KinguinInternship\myProject\Yee\Views\Twig.php(87): Twig_Environment->loadTemplate('pages/home.tpl')
#4 C:\xampp\htdocs\KinguinInternship\myProject\Yee\View.php(255): Yee\Views\Twig->render('pages/home.tpl', NULL)
#5 C:\xampp\htdocs\KinguinInternship\myProject\Yee\View.php(243): Yee\View->fetch('pages/home.tpl', NULL)
#6 C:\xampp\htdocs\KinguinInternship\myProject\Yee\Yee.php(765): Yee\View->display('pages/home.tpl')
#7 C:\xampp\htdocs\KinguinInternship\myProject\App\Controllers\MyAccount\MyAccountController.php(33): Yee\Yee->render('pages/home.tpl', Array)
#8 [internal function]: MyAccountController->indexAction()
#9 C:\xampp\htdocs\KinguinInternship\myProject\Yee\Managers\Controller\Controller.php(22): call_user_func_array(Array, Array)
#10 [internal function]: Yee\Managers\Controller\Controller::__callStatic('___indexAction', Array)
#11 [internal function]: MyAccountController::___indexAction()
#12 C:\xampp\htdocs\KinguinInternship\myProject\Yee\Route.php(462): call_user_func_array('MyAccountContro...', Array)
#13 C:\xampp\htdocs\KinguinInternship\myProject\Yee\Yee.php(1334): Yee\Route->dispatch()
#14 C:\xampp\htdocs\KinguinInternship\myProject\Yee\Middleware\Flash.php(85): Yee\Yee->call()
#15 C:\xampp\htdocs\KinguinInternship\myProject\Yee\Middleware\MethodOverride.php(92): Yee\Middleware\Flash->call()
#16 C:\xampp\htdocs\KinguinInternship\myProject\Yee\Middleware\PrettyExceptions.php(67): Yee\Middleware\MethodOverride->call()
#17 C:\xampp\htdocs\KinguinInternship\myProject\Yee\Yee.php(1279): Yee\Middleware\PrettyExceptions->call()
#18 C:\xampp\htdocs\KinguinInternship\myProject\index.php(49): Yee\Yee->execute()
#19 {main}
ERROR - 2016-07-20 11:16:17 - exception 'Twig_Error_Loader' with message 'Unable to find template "./templates/pages/home.tpl" (looked into: ./templates).' in C:\xampp\htdocs\KinguinInternship\myProject\Twig\Loader\Filesystem.php:191
Stack trace:
#0 C:\xampp\htdocs\KinguinInternship\myProject\Twig\Loader\Filesystem.php(138): Twig_Loader_Filesystem->findTemplate('./templates/pag...')
#1 C:\xampp\htdocs\KinguinInternship\myProject\Twig\Environment.php(265): Twig_Loader_Filesystem->getCacheKey('./templates/pag...')
#2 C:\xampp\htdocs\KinguinInternship\myProject\Twig\Environment.php(323): Twig_Environment->getTemplateClass('./templates/pag...', NULL)
#3 C:\xampp\htdocs\KinguinInternship\myProject\Yee\Views\Twig.php(87): Twig_Environment->loadTemplate('./templates/pag...')
#4 C:\xampp\htdocs\KinguinInternship\myProject\Yee\View.php(255): Yee\Views\Twig->render('./templates/pag...', NULL)
#5 C:\xampp\htdocs\KinguinInternship\myProject\Yee\View.php(243): Yee\View->fetch('./templates/pag...', NULL)
#6 C:\xampp\htdocs\KinguinInternship\myProject\Yee\Yee.php(765): Yee\View->display('./templates/pag...')
#7 C:\xampp\htdocs\KinguinInternship\myProject\App\Controllers\MyAccount\MyAccountController.php(33): Yee\Yee->render('./templates/pag...', Array)
#8 [internal function]: MyAccountController->indexAction()
#9 C:\xampp\htdocs\KinguinInternship\myProject\Yee\Managers\Controller\Controller.php(22): call_user_func_array(Array, Array)
#10 [internal function]: Yee\Managers\Controller\Controller::__callStatic('___indexAction', Array)
#11 [internal function]: MyAccountController::___indexAction()
#12 C:\xampp\htdocs\KinguinInternship\myProject\Yee\Route.php(462): call_user_func_array('MyAccountContro...', Array)
#13 C:\xampp\htdocs\KinguinInternship\myProject\Yee\Yee.php(1334): Yee\Route->dispatch()
#14 C:\xampp\htdocs\KinguinInternship\myProject\Yee\Middleware\Flash.php(85): Yee\Yee->call()
#15 C:\xampp\htdocs\KinguinInternship\myProject\Yee\Middleware\MethodOverride.php(92): Yee\Middleware\Flash->call()
#16 C:\xampp\htdocs\KinguinInternship\myProject\Yee\Middleware\PrettyExceptions.php(67): Yee\Middleware\MethodOverride->call()
#17 C:\xampp\htdocs\KinguinInternship\myProject\Yee\Yee.php(1279): Yee\Middleware\PrettyExceptions->call()
#18 C:\xampp\htdocs\KinguinInternship\myProject\index.php(49): Yee\Yee->execute()
#19 {main}
ERROR - 2016-07-20 12:18:11 - exception 'ErrorException' with message 'Undefined index: logout' in C:\xampp\htdocs\KinguinInternship\myProject\App\Controllers\MyAccount\MyAccountController.php:18
Stack trace:
#0 C:\xampp\htdocs\KinguinInternship\myProject\App\Controllers\MyAccount\MyAccountController.php(18): Yee\Yee::handleErrors(8, 'Undefined index...', 'C:\\xampp\\htdocs...', 18, Array)
#1 [internal function]: MyAccountController->indexAction()
#2 C:\xampp\htdocs\KinguinInternship\myProject\Yee\Managers\Controller\Controller.php(22): call_user_func_array(Array, Array)
#3 [internal function]: Yee\Managers\Controller\Controller::__callStatic('___indexAction', Array)
#4 [internal function]: MyAccountController::___indexAction()
#5 C:\xampp\htdocs\KinguinInternship\myProject\Yee\Route.php(462): call_user_func_array('MyAccountContro...', Array)
#6 C:\xampp\htdocs\KinguinInternship\myProject\Yee\Yee.php(1334): Yee\Route->dispatch()
#7 C:\xampp\htdocs\KinguinInternship\myProject\Yee\Middleware\Flash.php(85): Yee\Yee->call()
#8 C:\xampp\htdocs\KinguinInternship\myProject\Yee\Middleware\MethodOverride.php(92): Yee\Middleware\Flash->call()
#9 C:\xampp\htdocs\KinguinInternship\myProject\Yee\Middleware\PrettyExceptions.php(67): Yee\Middleware\MethodOverride->call()
#10 C:\xampp\htdocs\KinguinInternship\myProject\Yee\Yee.php(1279): Yee\Middleware\PrettyExceptions->call()
#11 C:\xampp\htdocs\KinguinInternship\myProject\index.php(49): Yee\Yee->execute()
#12 {main}
ERROR - 2016-07-20 12:34:33 - exception 'ErrorException' with message 'A session had already been started - ignoring session_start()' in C:\xampp\htdocs\KinguinInternship\myProject\App\Controllers\Home\HomeController.php:18
Stack trace:
#0 [internal function]: Yee\Yee::handleErrors(8, 'A session had a...', 'C:\\xampp\\htdocs...', 18, Array)
#1 C:\xampp\htdocs\KinguinInternship\myProject\App\Controllers\Home\HomeController.php(18): session_start()
#2 [internal function]: HomeController->indexAction()
#3 C:\xampp\htdocs\KinguinInternship\myProject\Yee\Managers\Controller\Controller.php(22): call_user_func_array(Array, Array)
#4 [internal function]: Yee\Managers\Controller\Controller::__callStatic('___indexAction', Array)
#5 [internal function]: HomeController::___indexAction()
#6 C:\xampp\htdocs\KinguinInternship\myProject\Yee\Route.php(462): call_user_func_array('HomeController:...', Array)
#7 C:\xampp\htdocs\KinguinInternship\myProject\Yee\Yee.php(1334): Yee\Route->dispatch()
#8 C:\xampp\htdocs\KinguinInternship\myProject\Yee\Middleware\Flash.php(85): Yee\Yee->call()
#9 C:\xampp\htdocs\KinguinInternship\myProject\Yee\Middleware\MethodOverride.php(92): Yee\Middleware\Flash->call()
#10 C:\xampp\htdocs\KinguinInternship\myProject\Yee\Middleware\PrettyExceptions.php(67): Yee\Middleware\MethodOverride->call()
#11 C:\xampp\htdocs\KinguinInternship\myProject\Yee\Yee.php(1279): Yee\Middleware\PrettyExceptions->call()
#12 C:\xampp\htdocs\KinguinInternship\myProject\index.php(49): Yee\Yee->execute()
#13 {main}
ERROR - 2016-07-20 12:36:14 - exception 'ErrorException' with message 'Undefined index: logout' in C:\xampp\htdocs\KinguinInternship\myProject\App\Controllers\Home\HomeController.php:17
Stack trace:
#0 C:\xampp\htdocs\KinguinInternship\myProject\App\Controllers\Home\HomeController.php(17): Yee\Yee::handleErrors(8, 'Undefined index...', 'C:\\xampp\\htdocs...', 17, Array)
#1 [internal function]: HomeController->indexAction()
#2 C:\xampp\htdocs\KinguinInternship\myProject\Yee\Managers\Controller\Controller.php(22): call_user_func_array(Array, Array)
#3 [internal function]: Yee\Managers\Controller\Controller::__callStatic('___indexAction', Array)
#4 [internal function]: HomeController::___indexAction()
#5 C:\xampp\htdocs\KinguinInternship\myProject\Yee\Route.php(462): call_user_func_array('HomeController:...', Array)
#6 C:\xampp\htdocs\KinguinInternship\myProject\Yee\Yee.php(1334): Yee\Route->dispatch()
#7 C:\xampp\htdocs\KinguinInternship\myProject\Yee\Middleware\Flash.php(85): Yee\Yee->call()
#8 C:\xampp\htdocs\KinguinInternship\myProject\Yee\Middleware\MethodOverride.php(92): Yee\Middleware\Flash->call()
#9 C:\xampp\htdocs\KinguinInternship\myProject\Yee\Middleware\PrettyExceptions.php(67): Yee\Middleware\MethodOverride->call()
#10 C:\xampp\htdocs\KinguinInternship\myProject\Yee\Yee.php(1279): Yee\Middleware\PrettyExceptions->call()
#11 C:\xampp\htdocs\KinguinInternship\myProject\index.php(49): Yee\Yee->execute()
#12 {main}
