ERROR - 2016-07-11 09:20:18 - exception 'ErrorException' with message 'Use of undefined constant FILTER_VALIDATE_EMAIl - assumed 'FILTER_VALIDATE_EMAIl'' in C:\xampp\htdocs\KinguinInternship\myProject\App\Models\Signup\SignupModel.php:10
Stack trace:
#0 C:\xampp\htdocs\KinguinInternship\myProject\App\Models\Signup\SignupModel.php(10): Yee\Yee::handleErrors(8, 'Use of undefine...', 'C:\\xampp\\htdocs...', 10, Array)
#1 C:\xampp\htdocs\KinguinInternship\myProject\App\Controllers\Signup\SignupController.php(54): App\Models\Signup\SignupModel->isEmail('asdasd')
#2 [internal function]: SignupController->signUpAction()
#3 C:\xampp\htdocs\KinguinInternship\myProject\Yee\Managers\Controller\Controller.php(22): call_user_func_array(Array, Array)
#4 [internal function]: Yee\Managers\Controller\Controller::__callStatic('___signUpAction', Array)
#5 [internal function]: SignupController::___signUpAction()
#6 C:\xampp\htdocs\KinguinInternship\myProject\Yee\Route.php(462): call_user_func_array('SignupControlle...', Array)
#7 C:\xampp\htdocs\KinguinInternship\myProject\Yee\Yee.php(1333): Yee\Route->dispatch()
#8 C:\xampp\htdocs\KinguinInternship\myProject\Yee\Middleware\Flash.php(85): Yee\Yee->call()
#9 C:\xampp\htdocs\KinguinInternship\myProject\Yee\Middleware\MethodOverride.php(92): Yee\Middleware\Flash->call()
#10 C:\xampp\htdocs\KinguinInternship\myProject\Yee\Middleware\PrettyExceptions.php(67): Yee\Middleware\MethodOverride->call()
#11 C:\xampp\htdocs\KinguinInternship\myProject\Yee\Yee.php(1278): Yee\Middleware\PrettyExceptions->call()
#12 C:\xampp\htdocs\KinguinInternship\myProject\index.php(48): Yee\Yee->execute()
#13 {main}
ERROR - 2016-07-11 10:26:50 - exception 'ErrorException' with message 'Undefined variable: signupModel' in C:\xampp\htdocs\KinguinInternship\myProject\App\Controllers\Signup\SignupController.php:61
Stack trace:
#0 C:\xampp\htdocs\KinguinInternship\myProject\App\Controllers\Signup\SignupController.php(61): Yee\Yee::handleErrors(8, 'Undefined varia...', 'C:\\xampp\\htdocs...', 61, Array)
#1 [internal function]: SignupController->signUpAction()
#2 C:\xampp\htdocs\KinguinInternship\myProject\Yee\Managers\Controller\Controller.php(22): call_user_func_array(Array, Array)
#3 [internal function]: Yee\Managers\Controller\Controller::__callStatic('___signUpAction', Array)
#4 [internal function]: SignupController::___signUpAction()
#5 C:\xampp\htdocs\KinguinInternship\myProject\Yee\Route.php(462): call_user_func_array('SignupControlle...', Array)
#6 C:\xampp\htdocs\KinguinInternship\myProject\Yee\Yee.php(1333): Yee\Route->dispatch()
#7 C:\xampp\htdocs\KinguinInternship\myProject\Yee\Middleware\Flash.php(85): Yee\Yee->call()
#8 C:\xampp\htdocs\KinguinInternship\myProject\Yee\Middleware\MethodOverride.php(92): Yee\Middleware\Flash->call()
#9 C:\xampp\htdocs\KinguinInternship\myProject\Yee\Middleware\PrettyExceptions.php(67): Yee\Middleware\MethodOverride->call()
#10 C:\xampp\htdocs\KinguinInternship\myProject\Yee\Yee.php(1278): Yee\Middleware\PrettyExceptions->call()
#11 C:\xampp\htdocs\KinguinInternship\myProject\index.php(48): Yee\Yee->execute()
#12 {main}
ERROR - 2016-07-11 10:27:35 - exception 'ErrorException' with message 'Undefined variable: signupModel' in C:\xampp\htdocs\KinguinInternship\myProject\App\Controllers\Signup\SignupController.php:61
Stack trace:
#0 C:\xampp\htdocs\KinguinInternship\myProject\App\Controllers\Signup\SignupController.php(61): Yee\Yee::handleErrors(8, 'Undefined varia...', 'C:\\xampp\\htdocs...', 61, Array)
#1 [internal function]: SignupController->signUpAction()
#2 C:\xampp\htdocs\KinguinInternship\myProject\Yee\Managers\Controller\Controller.php(22): call_user_func_array(Array, Array)
#3 [internal function]: Yee\Managers\Controller\Controller::__callStatic('___signUpAction', Array)
#4 [internal function]: SignupController::___signUpAction()
#5 C:\xampp\htdocs\KinguinInternship\myProject\Yee\Route.php(462): call_user_func_array('SignupControlle...', Array)
#6 C:\xampp\htdocs\KinguinInternship\myProject\Yee\Yee.php(1333): Yee\Route->dispatch()
#7 C:\xampp\htdocs\KinguinInternship\myProject\Yee\Middleware\Flash.php(85): Yee\Yee->call()
#8 C:\xampp\htdocs\KinguinInternship\myProject\Yee\Middleware\MethodOverride.php(92): Yee\Middleware\Flash->call()
#9 C:\xampp\htdocs\KinguinInternship\myProject\Yee\Middleware\PrettyExceptions.php(67): Yee\Middleware\MethodOverride->call()
#10 C:\xampp\htdocs\KinguinInternship\myProject\Yee\Yee.php(1278): Yee\Middleware\PrettyExceptions->call()
#11 C:\xampp\htdocs\KinguinInternship\myProject\index.php(48): Yee\Yee->execute()
#12 {main}
ERROR - 2016-07-11 10:40:15 - exception 'ErrorException' with message 'preg_match(): Unknown modifier 'g'' in C:\xampp\htdocs\KinguinInternship\myProject\App\Models\Signup\SignupModel.php:25
Stack trace:
#0 [internal function]: Yee\Yee::handleErrors(2, 'preg_match(): U...', 'C:\\xampp\\htdocs...', 25, Array)
#1 C:\xampp\htdocs\KinguinInternship\myProject\App\Models\Signup\SignupModel.php(25): preg_match('/[a-zA-Z0-9]+/g', 'qwerty')
#2 C:\xampp\htdocs\KinguinInternship\myProject\App\Controllers\Signup\SignupController.php(61): App\Models\Signup\SignupModel->checkPass('qwerty', 'qwerty')
#3 [internal function]: SignupController->signUpAction()
#4 C:\xampp\htdocs\KinguinInternship\myProject\Yee\Managers\Controller\Controller.php(22): call_user_func_array(Array, Array)
#5 [internal function]: Yee\Managers\Controller\Controller::__callStatic('___signUpAction', Array)
#6 [internal function]: SignupController::___signUpAction()
#7 C:\xampp\htdocs\KinguinInternship\myProject\Yee\Route.php(462): call_user_func_array('SignupControlle...', Array)
#8 C:\xampp\htdocs\KinguinInternship\myProject\Yee\Yee.php(1333): Yee\Route->dispatch()
#9 C:\xampp\htdocs\KinguinInternship\myProject\Yee\Middleware\Flash.php(85): Yee\Yee->call()
#10 C:\xampp\htdocs\KinguinInternship\myProject\Yee\Middleware\MethodOverride.php(92): Yee\Middleware\Flash->call()
#11 C:\xampp\htdocs\KinguinInternship\myProject\Yee\Middleware\PrettyExceptions.php(67): Yee\Middleware\MethodOverride->call()
#12 C:\xampp\htdocs\KinguinInternship\myProject\Yee\Yee.php(1278): Yee\Middleware\PrettyExceptions->call()
#13 C:\xampp\htdocs\KinguinInternship\myProject\index.php(48): Yee\Yee->execute()
#14 {main}
ERROR - 2016-07-11 10:40:30 - exception 'ErrorException' with message 'preg_match(): Unknown modifier 'g'' in C:\xampp\htdocs\KinguinInternship\myProject\App\Models\Signup\SignupModel.php:25
Stack trace:
#0 [internal function]: Yee\Yee::handleErrors(2, 'preg_match(): U...', 'C:\\xampp\\htdocs...', 25, Array)
#1 C:\xampp\htdocs\KinguinInternship\myProject\App\Models\Signup\SignupModel.php(25): preg_match('/[a-zA-Z0-9]/g', 'qwerty')
#2 C:\xampp\htdocs\KinguinInternship\myProject\App\Controllers\Signup\SignupController.php(61): App\Models\Signup\SignupModel->checkPass('qwerty', 'qwerty')
#3 [internal function]: SignupController->signUpAction()
#4 C:\xampp\htdocs\KinguinInternship\myProject\Yee\Managers\Controller\Controller.php(22): call_user_func_array(Array, Array)
#5 [internal function]: Yee\Managers\Controller\Controller::__callStatic('___signUpAction', Array)
#6 [internal function]: SignupController::___signUpAction()
#7 C:\xampp\htdocs\KinguinInternship\myProject\Yee\Route.php(462): call_user_func_array('SignupControlle...', Array)
#8 C:\xampp\htdocs\KinguinInternship\myProject\Yee\Yee.php(1333): Yee\Route->dispatch()
#9 C:\xampp\htdocs\KinguinInternship\myProject\Yee\Middleware\Flash.php(85): Yee\Yee->call()
#10 C:\xampp\htdocs\KinguinInternship\myProject\Yee\Middleware\MethodOverride.php(92): Yee\Middleware\Flash->call()
#11 C:\xampp\htdocs\KinguinInternship\myProject\Yee\Middleware\PrettyExceptions.php(67): Yee\Middleware\MethodOverride->call()
#12 C:\xampp\htdocs\KinguinInternship\myProject\Yee\Yee.php(1278): Yee\Middleware\PrettyExceptions->call()
#13 C:\xampp\htdocs\KinguinInternship\myProject\index.php(48): Yee\Yee->execute()
#14 {main}
ERROR - 2016-07-11 10:41:02 - exception 'ErrorException' with message 'Undefined variable: signupModel' in C:\xampp\htdocs\KinguinInternship\myProject\App\Controllers\Signup\SignupController.php:63
Stack trace:
#0 C:\xampp\htdocs\KinguinInternship\myProject\App\Controllers\Signup\SignupController.php(63): Yee\Yee::handleErrors(8, 'Undefined varia...', 'C:\\xampp\\htdocs...', 63, Array)
#1 [internal function]: SignupController->signUpAction()
#2 C:\xampp\htdocs\KinguinInternship\myProject\Yee\Managers\Controller\Controller.php(22): call_user_func_array(Array, Array)
#3 [internal function]: Yee\Managers\Controller\Controller::__callStatic('___signUpAction', Array)
#4 [internal function]: SignupController::___signUpAction()
#5 C:\xampp\htdocs\KinguinInternship\myProject\Yee\Route.php(462): call_user_func_array('SignupControlle...', Array)
#6 C:\xampp\htdocs\KinguinInternship\myProject\Yee\Yee.php(1333): Yee\Route->dispatch()
#7 C:\xampp\htdocs\KinguinInternship\myProject\Yee\Middleware\Flash.php(85): Yee\Yee->call()
#8 C:\xampp\htdocs\KinguinInternship\myProject\Yee\Middleware\MethodOverride.php(92): Yee\Middleware\Flash->call()
#9 C:\xampp\htdocs\KinguinInternship\myProject\Yee\Middleware\PrettyExceptions.php(67): Yee\Middleware\MethodOverride->call()
#10 C:\xampp\htdocs\KinguinInternship\myProject\Yee\Yee.php(1278): Yee\Middleware\PrettyExceptions->call()
#11 C:\xampp\htdocs\KinguinInternship\myProject\index.php(48): Yee\Yee->execute()
#12 {main}
