ERROR - 2016-07-25 10:22:19 - exception 'ErrorException' with message 'Undefined variable: firstName' in C:\xampp\htdocs\KinguinInternship\myProject\App\Controllers\Ajax\AjaxController.php:174
Stack trace:
#0 C:\xampp\htdocs\KinguinInternship\myProject\App\Controllers\Ajax\AjaxController.php(174): Yee\Yee::handleErrors(8, 'Undefined varia...', 'C:\\xampp\\htdocs...', 174, Array)
#1 [internal function]: AjaxController->postChangePassword()
#2 C:\xampp\htdocs\KinguinInternship\myProject\Yee\Managers\Controller\Controller.php(22): call_user_func_array(Array, Array)
#3 [internal function]: Yee\Managers\Controller\Controller::__callStatic('___postChangePa...', Array)
#4 [internal function]: AjaxController::___postChangePassword()
#5 C:\xampp\htdocs\KinguinInternship\myProject\Yee\Route.php(462): call_user_func_array('AjaxController:...', Array)
#6 C:\xampp\htdocs\KinguinInternship\myProject\Yee\Yee.php(1334): Yee\Route->dispatch()
#7 C:\xampp\htdocs\KinguinInternship\myProject\Yee\Middleware\Flash.php(85): Yee\Yee->call()
#8 C:\xampp\htdocs\KinguinInternship\myProject\Yee\Middleware\MethodOverride.php(92): Yee\Middleware\Flash->call()
#9 C:\xampp\htdocs\KinguinInternship\myProject\Yee\Middleware\PrettyExceptions.php(67): Yee\Middleware\MethodOverride->call()
#10 C:\xampp\htdocs\KinguinInternship\myProject\Yee\Yee.php(1279): Yee\Middleware\PrettyExceptions->call()
#11 C:\xampp\htdocs\KinguinInternship\myProject\index.php(49): Yee\Yee->execute()
#12 {main}
ERROR - 2016-07-25 10:22:24 - exception 'ErrorException' with message 'Undefined variable: firstName' in C:\xampp\htdocs\KinguinInternship\myProject\App\Controllers\Ajax\AjaxController.php:174
Stack trace:
#0 C:\xampp\htdocs\KinguinInternship\myProject\App\Controllers\Ajax\AjaxController.php(174): Yee\Yee::handleErrors(8, 'Undefined varia...', 'C:\\xampp\\htdocs...', 174, Array)
#1 [internal function]: AjaxController->postChangePassword()
#2 C:\xampp\htdocs\KinguinInternship\myProject\Yee\Managers\Controller\Controller.php(22): call_user_func_array(Array, Array)
#3 [internal function]: Yee\Managers\Controller\Controller::__callStatic('___postChangePa...', Array)
#4 [internal function]: AjaxController::___postChangePassword()
#5 C:\xampp\htdocs\KinguinInternship\myProject\Yee\Route.php(462): call_user_func_array('AjaxController:...', Array)
#6 C:\xampp\htdocs\KinguinInternship\myProject\Yee\Yee.php(1334): Yee\Route->dispatch()
#7 C:\xampp\htdocs\KinguinInternship\myProject\Yee\Middleware\Flash.php(85): Yee\Yee->call()
#8 C:\xampp\htdocs\KinguinInternship\myProject\Yee\Middleware\MethodOverride.php(92): Yee\Middleware\Flash->call()
#9 C:\xampp\htdocs\KinguinInternship\myProject\Yee\Middleware\PrettyExceptions.php(67): Yee\Middleware\MethodOverride->call()
#10 C:\xampp\htdocs\KinguinInternship\myProject\Yee\Yee.php(1279): Yee\Middleware\PrettyExceptions->call()
#11 C:\xampp\htdocs\KinguinInternship\myProject\index.php(49): Yee\Yee->execute()
#12 {main}
ERROR - 2016-07-25 10:22:26 - exception 'ErrorException' with message 'Undefined variable: firstName' in C:\xampp\htdocs\KinguinInternship\myProject\App\Controllers\Ajax\AjaxController.php:174
Stack trace:
#0 C:\xampp\htdocs\KinguinInternship\myProject\App\Controllers\Ajax\AjaxController.php(174): Yee\Yee::handleErrors(8, 'Undefined varia...', 'C:\\xampp\\htdocs...', 174, Array)
#1 [internal function]: AjaxController->postChangePassword()
#2 C:\xampp\htdocs\KinguinInternship\myProject\Yee\Managers\Controller\Controller.php(22): call_user_func_array(Array, Array)
#3 [internal function]: Yee\Managers\Controller\Controller::__callStatic('___postChangePa...', Array)
#4 [internal function]: AjaxController::___postChangePassword()
#5 C:\xampp\htdocs\KinguinInternship\myProject\Yee\Route.php(462): call_user_func_array('AjaxController:...', Array)
#6 C:\xampp\htdocs\KinguinInternship\myProject\Yee\Yee.php(1334): Yee\Route->dispatch()
#7 C:\xampp\htdocs\KinguinInternship\myProject\Yee\Middleware\Flash.php(85): Yee\Yee->call()
#8 C:\xampp\htdocs\KinguinInternship\myProject\Yee\Middleware\MethodOverride.php(92): Yee\Middleware\Flash->call()
#9 C:\xampp\htdocs\KinguinInternship\myProject\Yee\Middleware\PrettyExceptions.php(67): Yee\Middleware\MethodOverride->call()
#10 C:\xampp\htdocs\KinguinInternship\myProject\Yee\Yee.php(1279): Yee\Middleware\PrettyExceptions->call()
#11 C:\xampp\htdocs\KinguinInternship\myProject\index.php(49): Yee\Yee->execute()
#12 {main}
ERROR - 2016-07-25 10:22:37 - exception 'ErrorException' with message 'Undefined variable: firstName' in C:\xampp\htdocs\KinguinInternship\myProject\App\Controllers\Ajax\AjaxController.php:174
Stack trace:
#0 C:\xampp\htdocs\KinguinInternship\myProject\App\Controllers\Ajax\AjaxController.php(174): Yee\Yee::handleErrors(8, 'Undefined varia...', 'C:\\xampp\\htdocs...', 174, Array)
#1 [internal function]: AjaxController->postChangePassword()
#2 C:\xampp\htdocs\KinguinInternship\myProject\Yee\Managers\Controller\Controller.php(22): call_user_func_array(Array, Array)
#3 [internal function]: Yee\Managers\Controller\Controller::__callStatic('___postChangePa...', Array)
#4 [internal function]: AjaxController::___postChangePassword()
#5 C:\xampp\htdocs\KinguinInternship\myProject\Yee\Route.php(462): call_user_func_array('AjaxController:...', Array)
#6 C:\xampp\htdocs\KinguinInternship\myProject\Yee\Yee.php(1334): Yee\Route->dispatch()
#7 C:\xampp\htdocs\KinguinInternship\myProject\Yee\Middleware\Flash.php(85): Yee\Yee->call()
#8 C:\xampp\htdocs\KinguinInternship\myProject\Yee\Middleware\MethodOverride.php(92): Yee\Middleware\Flash->call()
#9 C:\xampp\htdocs\KinguinInternship\myProject\Yee\Middleware\PrettyExceptions.php(67): Yee\Middleware\MethodOverride->call()
#10 C:\xampp\htdocs\KinguinInternship\myProject\Yee\Yee.php(1279): Yee\Middleware\PrettyExceptions->call()
#11 C:\xampp\htdocs\KinguinInternship\myProject\index.php(49): Yee\Yee->execute()
#12 {main}
ERROR - 2016-07-25 10:23:31 - exception 'ErrorException' with message 'Undefined property: App\Models\MyAccount\MyAccountModel::$pass' in C:\xampp\htdocs\KinguinInternship\myProject\App\Models\MyAccount\MyAccountModel.php:48
Stack trace:
#0 C:\xampp\htdocs\KinguinInternship\myProject\App\Models\MyAccount\MyAccountModel.php(48): Yee\Yee::handleErrors(8, 'Undefined prope...', 'C:\\xampp\\htdocs...', 48, Array)
#1 C:\xampp\htdocs\KinguinInternship\myProject\App\Controllers\Ajax\AjaxController.php(186): App\Models\MyAccount\MyAccountModel->validatePassword()
#2 [internal function]: AjaxController->postChangePassword()
#3 C:\xampp\htdocs\KinguinInternship\myProject\Yee\Managers\Controller\Controller.php(22): call_user_func_array(Array, Array)
#4 [internal function]: Yee\Managers\Controller\Controller::__callStatic('___postChangePa...', Array)
#5 [internal function]: AjaxController::___postChangePassword()
#6 C:\xampp\htdocs\KinguinInternship\myProject\Yee\Route.php(462): call_user_func_array('AjaxController:...', Array)
#7 C:\xampp\htdocs\KinguinInternship\myProject\Yee\Yee.php(1334): Yee\Route->dispatch()
#8 C:\xampp\htdocs\KinguinInternship\myProject\Yee\Middleware\Flash.php(85): Yee\Yee->call()
#9 C:\xampp\htdocs\KinguinInternship\myProject\Yee\Middleware\MethodOverride.php(92): Yee\Middleware\Flash->call()
#10 C:\xampp\htdocs\KinguinInternship\myProject\Yee\Middleware\PrettyExceptions.php(67): Yee\Middleware\MethodOverride->call()
#11 C:\xampp\htdocs\KinguinInternship\myProject\Yee\Yee.php(1279): Yee\Middleware\PrettyExceptions->call()
#12 C:\xampp\htdocs\KinguinInternship\myProject\index.php(49): Yee\Yee->execute()
#13 {main}
ERROR - 2016-07-25 10:24:47 - exception 'ErrorException' with message 'Undefined variable: confPass' in C:\xampp\htdocs\KinguinInternship\myProject\App\Models\MyAccount\MyAccountModel.php:49
Stack trace:
#0 C:\xampp\htdocs\KinguinInternship\myProject\App\Models\MyAccount\MyAccountModel.php(49): Yee\Yee::handleErrors(8, 'Undefined varia...', 'C:\\xampp\\htdocs...', 49, Array)
#1 C:\xampp\htdocs\KinguinInternship\myProject\App\Controllers\Ajax\AjaxController.php(186): App\Models\MyAccount\MyAccountModel->validatePassword('qwerty', 'eqw')
#2 [internal function]: AjaxController->postChangePassword()
#3 C:\xampp\htdocs\KinguinInternship\myProject\Yee\Managers\Controller\Controller.php(22): call_user_func_array(Array, Array)
#4 [internal function]: Yee\Managers\Controller\Controller::__callStatic('___postChangePa...', Array)
#5 [internal function]: AjaxController::___postChangePassword()
#6 C:\xampp\htdocs\KinguinInternship\myProject\Yee\Route.php(462): call_user_func_array('AjaxController:...', Array)
#7 C:\xampp\htdocs\KinguinInternship\myProject\Yee\Yee.php(1334): Yee\Route->dispatch()
#8 C:\xampp\htdocs\KinguinInternship\myProject\Yee\Middleware\Flash.php(85): Yee\Yee->call()
#9 C:\xampp\htdocs\KinguinInternship\myProject\Yee\Middleware\MethodOverride.php(92): Yee\Middleware\Flash->call()
#10 C:\xampp\htdocs\KinguinInternship\myProject\Yee\Middleware\PrettyExceptions.php(67): Yee\Middleware\MethodOverride->call()
#11 C:\xampp\htdocs\KinguinInternship\myProject\Yee\Yee.php(1279): Yee\Middleware\PrettyExceptions->call()
#12 C:\xampp\htdocs\KinguinInternship\myProject\index.php(49): Yee\Yee->execute()
#13 {main}
ERROR - 2016-07-25 10:43:56 - exception 'ErrorException' with message 'Undefined variable: error' in C:\xampp\htdocs\KinguinInternship\myProject\App\Controllers\Ajax\AjaxController.php:120
Stack trace:
#0 C:\xampp\htdocs\KinguinInternship\myProject\App\Controllers\Ajax\AjaxController.php(120): Yee\Yee::handleErrors(8, 'Undefined varia...', 'C:\\xampp\\htdocs...', 120, Array)
#1 [internal function]: AjaxController->postUpdateMyAccount()
#2 C:\xampp\htdocs\KinguinInternship\myProject\Yee\Managers\Controller\Controller.php(22): call_user_func_array(Array, Array)
#3 [internal function]: Yee\Managers\Controller\Controller::__callStatic('___postUpdateMy...', Array)
#4 [internal function]: AjaxController::___postUpdateMyAccount()
#5 C:\xampp\htdocs\KinguinInternship\myProject\Yee\Route.php(462): call_user_func_array('AjaxController:...', Array)
#6 C:\xampp\htdocs\KinguinInternship\myProject\Yee\Yee.php(1334): Yee\Route->dispatch()
#7 C:\xampp\htdocs\KinguinInternship\myProject\Yee\Middleware\Flash.php(85): Yee\Yee->call()
#8 C:\xampp\htdocs\KinguinInternship\myProject\Yee\Middleware\MethodOverride.php(92): Yee\Middleware\Flash->call()
#9 C:\xampp\htdocs\KinguinInternship\myProject\Yee\Middleware\PrettyExceptions.php(67): Yee\Middleware\MethodOverride->call()
#10 C:\xampp\htdocs\KinguinInternship\myProject\Yee\Yee.php(1279): Yee\Middleware\PrettyExceptions->call()
#11 C:\xampp\htdocs\KinguinInternship\myProject\index.php(49): Yee\Yee->execute()
#12 {main}
ERROR - 2016-07-25 13:04:51 - exception 'ErrorException' with message 'var_dump() expects at least 1 parameter, 0 given' in C:\xampp\htdocs\KinguinInternship\myProject\App\Controllers\Ajax\AjaxController.php:154
Stack trace:
#0 [internal function]: Yee\Yee::handleErrors(2, 'var_dump() expe...', 'C:\\xampp\\htdocs...', 154, Array)
#1 C:\xampp\htdocs\KinguinInternship\myProject\App\Controllers\Ajax\AjaxController.php(154): var_dump()
#2 [internal function]: AjaxController->postChangePassword()
#3 C:\xampp\htdocs\KinguinInternship\myProject\Yee\Managers\Controller\Controller.php(22): call_user_func_array(Array, Array)
#4 [internal function]: Yee\Managers\Controller\Controller::__callStatic('___postChangePa...', Array)
#5 [internal function]: AjaxController::___postChangePassword()
#6 C:\xampp\htdocs\KinguinInternship\myProject\Yee\Route.php(462): call_user_func_array('AjaxController:...', Array)
#7 C:\xampp\htdocs\KinguinInternship\myProject\Yee\Yee.php(1334): Yee\Route->dispatch()
#8 C:\xampp\htdocs\KinguinInternship\myProject\Yee\Middleware\Flash.php(85): Yee\Yee->call()
#9 C:\xampp\htdocs\KinguinInternship\myProject\Yee\Middleware\MethodOverride.php(92): Yee\Middleware\Flash->call()
#10 C:\xampp\htdocs\KinguinInternship\myProject\Yee\Middleware\PrettyExceptions.php(67): Yee\Middleware\MethodOverride->call()
#11 C:\xampp\htdocs\KinguinInternship\myProject\Yee\Yee.php(1279): Yee\Middleware\PrettyExceptions->call()
#12 C:\xampp\htdocs\KinguinInternship\myProject\index.php(49): Yee\Yee->execute()
#13 {main}
