ERROR - 2016-07-19 09:47:40 - exception 'ErrorException' with message 'Undefined variable: _SESSION' in C:\xampp\htdocs\KinguinInternship\myProject\App\Controllers\Test\TestController.php:46
Stack trace:
#0 C:\xampp\htdocs\KinguinInternship\myProject\App\Controllers\Test\TestController.php(46): Yee\Yee::handleErrors(8, 'Undefined varia...', 'C:\\xampp\\htdocs...', 46, Array)
#1 [internal function]: TestController->testAction()
#2 C:\xampp\htdocs\KinguinInternship\myProject\Yee\Managers\Controller\Controller.php(22): call_user_func_array(Array, Array)
#3 [internal function]: Yee\Managers\Controller\Controller::__callStatic('___testAction', Array)
#4 [internal function]: TestController::___testAction()
#5 C:\xampp\htdocs\KinguinInternship\myProject\Yee\Route.php(462): call_user_func_array('TestController:...', Array)
#6 C:\xampp\htdocs\KinguinInternship\myProject\Yee\Yee.php(1334): Yee\Route->dispatch()
#7 C:\xampp\htdocs\KinguinInternship\myProject\Yee\Middleware\Flash.php(85): Yee\Yee->call()
#8 C:\xampp\htdocs\KinguinInternship\myProject\Yee\Middleware\MethodOverride.php(92): Yee\Middleware\Flash->call()
#9 C:\xampp\htdocs\KinguinInternship\myProject\Yee\Middleware\PrettyExceptions.php(67): Yee\Middleware\MethodOverride->call()
#10 C:\xampp\htdocs\KinguinInternship\myProject\Yee\Yee.php(1279): Yee\Middleware\PrettyExceptions->call()
#11 C:\xampp\htdocs\KinguinInternship\myProject\index.php(48): Yee\Yee->execute()
#12 {main}
ERROR - 2016-07-19 09:48:21 - exception 'ErrorException' with message 'Undefined variable: _SESSION' in C:\xampp\htdocs\KinguinInternship\myProject\App\Controllers\Test\TestController.php:46
Stack trace:
#0 C:\xampp\htdocs\KinguinInternship\myProject\App\Controllers\Test\TestController.php(46): Yee\Yee::handleErrors(8, 'Undefined varia...', 'C:\\xampp\\htdocs...', 46, Array)
#1 [internal function]: TestController->testAction()
#2 C:\xampp\htdocs\KinguinInternship\myProject\Yee\Managers\Controller\Controller.php(22): call_user_func_array(Array, Array)
#3 [internal function]: Yee\Managers\Controller\Controller::__callStatic('___testAction', Array)
#4 [internal function]: TestController::___testAction()
#5 C:\xampp\htdocs\KinguinInternship\myProject\Yee\Route.php(462): call_user_func_array('TestController:...', Array)
#6 C:\xampp\htdocs\KinguinInternship\myProject\Yee\Yee.php(1334): Yee\Route->dispatch()
#7 C:\xampp\htdocs\KinguinInternship\myProject\Yee\Middleware\Flash.php(85): Yee\Yee->call()
#8 C:\xampp\htdocs\KinguinInternship\myProject\Yee\Middleware\MethodOverride.php(92): Yee\Middleware\Flash->call()
#9 C:\xampp\htdocs\KinguinInternship\myProject\Yee\Middleware\PrettyExceptions.php(67): Yee\Middleware\MethodOverride->call()
#10 C:\xampp\htdocs\KinguinInternship\myProject\Yee\Yee.php(1279): Yee\Middleware\PrettyExceptions->call()
#11 C:\xampp\htdocs\KinguinInternship\myProject\index.php(48): Yee\Yee->execute()
#12 {main}
ERROR - 2016-07-19 09:48:49 - exception 'ErrorException' with message 'Undefined index: yee_session' in C:\xampp\htdocs\KinguinInternship\myProject\App\Controllers\Test\TestController.php:46
Stack trace:
#0 C:\xampp\htdocs\KinguinInternship\myProject\App\Controllers\Test\TestController.php(46): Yee\Yee::handleErrors(8, 'Undefined index...', 'C:\\xampp\\htdocs...', 46, Array)
#1 [internal function]: TestController->testAction()
#2 C:\xampp\htdocs\KinguinInternship\myProject\Yee\Managers\Controller\Controller.php(22): call_user_func_array(Array, Array)
#3 [internal function]: Yee\Managers\Controller\Controller::__callStatic('___testAction', Array)
#4 [internal function]: TestController::___testAction()
#5 C:\xampp\htdocs\KinguinInternship\myProject\Yee\Route.php(462): call_user_func_array('TestController:...', Array)
#6 C:\xampp\htdocs\KinguinInternship\myProject\Yee\Yee.php(1334): Yee\Route->dispatch()
#7 C:\xampp\htdocs\KinguinInternship\myProject\Yee\Middleware\Flash.php(85): Yee\Yee->call()
#8 C:\xampp\htdocs\KinguinInternship\myProject\Yee\Middleware\MethodOverride.php(92): Yee\Middleware\Flash->call()
#9 C:\xampp\htdocs\KinguinInternship\myProject\Yee\Middleware\PrettyExceptions.php(67): Yee\Middleware\MethodOverride->call()
#10 C:\xampp\htdocs\KinguinInternship\myProject\Yee\Yee.php(1279): Yee\Middleware\PrettyExceptions->call()
#11 C:\xampp\htdocs\KinguinInternship\myProject\index.php(48): Yee\Yee->execute()
#12 {main}
ERROR - 2016-07-19 09:57:40 - exception 'ErrorException' with message 'A session had already been started - ignoring session_start()' in C:\xampp\htdocs\KinguinInternship\myProject\App\Controllers\Test\TestController.php:34
Stack trace:
#0 [internal function]: Yee\Yee::handleErrors(8, 'A session had a...', 'C:\\xampp\\htdocs...', 34, Array)
#1 C:\xampp\htdocs\KinguinInternship\myProject\App\Controllers\Test\TestController.php(34): session_start()
#2 [internal function]: TestController->testAction()
#3 C:\xampp\htdocs\KinguinInternship\myProject\Yee\Managers\Controller\Controller.php(22): call_user_func_array(Array, Array)
#4 [internal function]: Yee\Managers\Controller\Controller::__callStatic('___testAction', Array)
#5 [internal function]: TestController::___testAction()
#6 C:\xampp\htdocs\KinguinInternship\myProject\Yee\Route.php(462): call_user_func_array('TestController:...', Array)
#7 C:\xampp\htdocs\KinguinInternship\myProject\Yee\Yee.php(1334): Yee\Route->dispatch()
#8 C:\xampp\htdocs\KinguinInternship\myProject\Yee\Middleware\Flash.php(85): Yee\Yee->call()
#9 C:\xampp\htdocs\KinguinInternship\myProject\Yee\Middleware\MethodOverride.php(92): Yee\Middleware\Flash->call()
#10 C:\xampp\htdocs\KinguinInternship\myProject\Yee\Middleware\PrettyExceptions.php(67): Yee\Middleware\MethodOverride->call()
#11 C:\xampp\htdocs\KinguinInternship\myProject\Yee\Middleware\SessionCookie.php(110): Yee\Middleware\PrettyExceptions->call()
#12 C:\xampp\htdocs\KinguinInternship\myProject\Yee\Middleware\PrettyExceptions.php(67): Yee\Middleware\SessionCookie->call()
#13 C:\xampp\htdocs\KinguinInternship\myProject\Yee\Yee.php(1279): Yee\Middleware\PrettyExceptions->call()
#14 C:\xampp\htdocs\KinguinInternship\myProject\App\Controllers\Test\TestController.php(47): Yee\Yee->execute()
#15 [internal function]: TestController->testAction()
#16 C:\xampp\htdocs\KinguinInternship\myProject\Yee\Managers\Controller\Controller.php(22): call_user_func_array(Array, Array)
#17 [internal function]: Yee\Managers\Controller\Controller::__callStatic('___testAction', Array)
#18 [internal function]: TestController::___testAction()
#19 C:\xampp\htdocs\KinguinInternship\myProject\Yee\Route.php(462): call_user_func_array('TestController:...', Array)
#20 C:\xampp\htdocs\KinguinInternship\myProject\Yee\Yee.php(1334): Yee\Route->dispatch()
#21 C:\xampp\htdocs\KinguinInternship\myProject\Yee\Middleware\Flash.php(85): Yee\Yee->call()
#22 C:\xampp\htdocs\KinguinInternship\myProject\Yee\Middleware\MethodOverride.php(92): Yee\Middleware\Flash->call()
#23 C:\xampp\htdocs\KinguinInternship\myProject\Yee\Middleware\PrettyExceptions.php(67): Yee\Middleware\MethodOverride->call()
#24 C:\xampp\htdocs\KinguinInternship\myProject\Yee\Yee.php(1279): Yee\Middleware\PrettyExceptions->call()
#25 C:\xampp\htdocs\KinguinInternship\myProject\index.php(48): Yee\Yee->execute()
#26 {main}
ERROR - 2016-07-19 09:57:40 - exception 'ErrorException' with message 'Undefined index: yee_session' in C:\xampp\htdocs\KinguinInternship\myProject\App\Controllers\Test\TestController.php:48
Stack trace:
#0 C:\xampp\htdocs\KinguinInternship\myProject\App\Controllers\Test\TestController.php(48): Yee\Yee::handleErrors(8, 'Undefined index...', 'C:\\xampp\\htdocs...', 48, Array)
#1 [internal function]: TestController->testAction()
#2 C:\xampp\htdocs\KinguinInternship\myProject\Yee\Managers\Controller\Controller.php(22): call_user_func_array(Array, Array)
#3 [internal function]: Yee\Managers\Controller\Controller::__callStatic('___testAction', Array)
#4 [internal function]: TestController::___testAction()
#5 C:\xampp\htdocs\KinguinInternship\myProject\Yee\Route.php(462): call_user_func_array('TestController:...', Array)
#6 C:\xampp\htdocs\KinguinInternship\myProject\Yee\Yee.php(1334): Yee\Route->dispatch()
#7 C:\xampp\htdocs\KinguinInternship\myProject\Yee\Middleware\Flash.php(85): Yee\Yee->call()
#8 C:\xampp\htdocs\KinguinInternship\myProject\Yee\Middleware\MethodOverride.php(92): Yee\Middleware\Flash->call()
#9 C:\xampp\htdocs\KinguinInternship\myProject\Yee\Middleware\PrettyExceptions.php(67): Yee\Middleware\MethodOverride->call()
#10 C:\xampp\htdocs\KinguinInternship\myProject\Yee\Yee.php(1279): Yee\Middleware\PrettyExceptions->call()
#11 C:\xampp\htdocs\KinguinInternship\myProject\index.php(48): Yee\Yee->execute()
#12 {main}
ERROR - 2016-07-19 09:58:24 - exception 'ErrorException' with message 'Undefined variable: _SESSION' in C:\xampp\htdocs\KinguinInternship\myProject\App\Controllers\Test\TestController.php:48
Stack trace:
#0 C:\xampp\htdocs\KinguinInternship\myProject\App\Controllers\Test\TestController.php(48): Yee\Yee::handleErrors(8, 'Undefined varia...', 'C:\\xampp\\htdocs...', 48, Array)
#1 [internal function]: TestController->testAction()
#2 C:\xampp\htdocs\KinguinInternship\myProject\Yee\Managers\Controller\Controller.php(22): call_user_func_array(Array, Array)
#3 [internal function]: Yee\Managers\Controller\Controller::__callStatic('___testAction', Array)
#4 [internal function]: TestController::___testAction()
#5 C:\xampp\htdocs\KinguinInternship\myProject\Yee\Route.php(462): call_user_func_array('TestController:...', Array)
#6 C:\xampp\htdocs\KinguinInternship\myProject\Yee\Yee.php(1334): Yee\Route->dispatch()
#7 C:\xampp\htdocs\KinguinInternship\myProject\Yee\Middleware\Flash.php(85): Yee\Yee->call()
#8 C:\xampp\htdocs\KinguinInternship\myProject\Yee\Middleware\MethodOverride.php(92): Yee\Middleware\Flash->call()
#9 C:\xampp\htdocs\KinguinInternship\myProject\Yee\Middleware\PrettyExceptions.php(67): Yee\Middleware\MethodOverride->call()
#10 C:\xampp\htdocs\KinguinInternship\myProject\Yee\Yee.php(1279): Yee\Middleware\PrettyExceptions->call()
#11 C:\xampp\htdocs\KinguinInternship\myProject\index.php(48): Yee\Yee->execute()
#12 {main}
ERROR - 2016-07-19 09:58:25 - exception 'ErrorException' with message 'Undefined variable: _SESSION' in C:\xampp\htdocs\KinguinInternship\myProject\App\Controllers\Test\TestController.php:48
Stack trace:
#0 C:\xampp\htdocs\KinguinInternship\myProject\App\Controllers\Test\TestController.php(48): Yee\Yee::handleErrors(8, 'Undefined varia...', 'C:\\xampp\\htdocs...', 48, Array)
#1 [internal function]: TestController->testAction()
#2 C:\xampp\htdocs\KinguinInternship\myProject\Yee\Managers\Controller\Controller.php(22): call_user_func_array(Array, Array)
#3 [internal function]: Yee\Managers\Controller\Controller::__callStatic('___testAction', Array)
#4 [internal function]: TestController::___testAction()
#5 C:\xampp\htdocs\KinguinInternship\myProject\Yee\Route.php(462): call_user_func_array('TestController:...', Array)
#6 C:\xampp\htdocs\KinguinInternship\myProject\Yee\Yee.php(1334): Yee\Route->dispatch()
#7 C:\xampp\htdocs\KinguinInternship\myProject\Yee\Middleware\Flash.php(85): Yee\Yee->call()
#8 C:\xampp\htdocs\KinguinInternship\myProject\Yee\Middleware\MethodOverride.php(92): Yee\Middleware\Flash->call()
#9 C:\xampp\htdocs\KinguinInternship\myProject\Yee\Middleware\PrettyExceptions.php(67): Yee\Middleware\MethodOverride->call()
#10 C:\xampp\htdocs\KinguinInternship\myProject\Yee\Yee.php(1279): Yee\Middleware\PrettyExceptions->call()
#11 C:\xampp\htdocs\KinguinInternship\myProject\index.php(48): Yee\Yee->execute()
#12 {main}
ERROR - 2016-07-19 09:58:29 - exception 'ErrorException' with message 'Undefined variable: _SESSION' in C:\xampp\htdocs\KinguinInternship\myProject\App\Controllers\Test\TestController.php:48
Stack trace:
#0 C:\xampp\htdocs\KinguinInternship\myProject\App\Controllers\Test\TestController.php(48): Yee\Yee::handleErrors(8, 'Undefined varia...', 'C:\\xampp\\htdocs...', 48, Array)
#1 [internal function]: TestController->testAction()
#2 C:\xampp\htdocs\KinguinInternship\myProject\Yee\Managers\Controller\Controller.php(22): call_user_func_array(Array, Array)
#3 [internal function]: Yee\Managers\Controller\Controller::__callStatic('___testAction', Array)
#4 [internal function]: TestController::___testAction()
#5 C:\xampp\htdocs\KinguinInternship\myProject\Yee\Route.php(462): call_user_func_array('TestController:...', Array)
#6 C:\xampp\htdocs\KinguinInternship\myProject\Yee\Yee.php(1334): Yee\Route->dispatch()
#7 C:\xampp\htdocs\KinguinInternship\myProject\Yee\Middleware\Flash.php(85): Yee\Yee->call()
#8 C:\xampp\htdocs\KinguinInternship\myProject\Yee\Middleware\MethodOverride.php(92): Yee\Middleware\Flash->call()
#9 C:\xampp\htdocs\KinguinInternship\myProject\Yee\Middleware\PrettyExceptions.php(67): Yee\Middleware\MethodOverride->call()
#10 C:\xampp\htdocs\KinguinInternship\myProject\Yee\Yee.php(1279): Yee\Middleware\PrettyExceptions->call()
#11 C:\xampp\htdocs\KinguinInternship\myProject\index.php(48): Yee\Yee->execute()
#12 {main}
ERROR - 2016-07-19 17:32:00 - exception 'ErrorException' with message 'Undefined property: App\Models\Ajax\AjaxModel::$isUserActive' in C:\xampp\htdocs\KinguinInternship\myProject\App\Controllers\Ajax\AjaxController.php:48
Stack trace:
#0 C:\xampp\htdocs\KinguinInternship\myProject\App\Controllers\Ajax\AjaxController.php(48): Yee\Yee::handleErrors(8, 'Undefined prope...', 'C:\\xampp\\htdocs...', 48, Array)
#1 [internal function]: AjaxController->loginAction()
#2 C:\xampp\htdocs\KinguinInternship\myProject\Yee\Managers\Controller\Controller.php(22): call_user_func_array(Array, Array)
#3 [internal function]: Yee\Managers\Controller\Controller::__callStatic('___loginAction', Array)
#4 [internal function]: AjaxController::___loginAction()
#5 C:\xampp\htdocs\KinguinInternship\myProject\Yee\Route.php(462): call_user_func_array('AjaxController:...', Array)
#6 C:\xampp\htdocs\KinguinInternship\myProject\Yee\Yee.php(1334): Yee\Route->dispatch()
#7 C:\xampp\htdocs\KinguinInternship\myProject\Yee\Middleware\Flash.php(85): Yee\Yee->call()
#8 C:\xampp\htdocs\KinguinInternship\myProject\Yee\Middleware\MethodOverride.php(92): Yee\Middleware\Flash->call()
#9 C:\xampp\htdocs\KinguinInternship\myProject\Yee\Middleware\PrettyExceptions.php(67): Yee\Middleware\MethodOverride->call()
#10 C:\xampp\htdocs\KinguinInternship\myProject\Yee\Yee.php(1279): Yee\Middleware\PrettyExceptions->call()
#11 C:\xampp\htdocs\KinguinInternship\myProject\index.php(48): Yee\Yee->execute()
#12 {main}
ERROR - 2016-07-19 17:32:02 - exception 'ErrorException' with message 'Undefined property: App\Models\Ajax\AjaxModel::$isUserActive' in C:\xampp\htdocs\KinguinInternship\myProject\App\Controllers\Ajax\AjaxController.php:48
Stack trace:
#0 C:\xampp\htdocs\KinguinInternship\myProject\App\Controllers\Ajax\AjaxController.php(48): Yee\Yee::handleErrors(8, 'Undefined prope...', 'C:\\xampp\\htdocs...', 48, Array)
#1 [internal function]: AjaxController->loginAction()
#2 C:\xampp\htdocs\KinguinInternship\myProject\Yee\Managers\Controller\Controller.php(22): call_user_func_array(Array, Array)
#3 [internal function]: Yee\Managers\Controller\Controller::__callStatic('___loginAction', Array)
#4 [internal function]: AjaxController::___loginAction()
#5 C:\xampp\htdocs\KinguinInternship\myProject\Yee\Route.php(462): call_user_func_array('AjaxController:...', Array)
#6 C:\xampp\htdocs\KinguinInternship\myProject\Yee\Yee.php(1334): Yee\Route->dispatch()
#7 C:\xampp\htdocs\KinguinInternship\myProject\Yee\Middleware\Flash.php(85): Yee\Yee->call()
#8 C:\xampp\htdocs\KinguinInternship\myProject\Yee\Middleware\MethodOverride.php(92): Yee\Middleware\Flash->call()
#9 C:\xampp\htdocs\KinguinInternship\myProject\Yee\Middleware\PrettyExceptions.php(67): Yee\Middleware\MethodOverride->call()
#10 C:\xampp\htdocs\KinguinInternship\myProject\Yee\Yee.php(1279): Yee\Middleware\PrettyExceptions->call()
#11 C:\xampp\htdocs\KinguinInternship\myProject\index.php(48): Yee\Yee->execute()
#12 {main}
ERROR - 2016-07-19 17:32:19 - exception 'ErrorException' with message 'Undefined property: App\Models\Ajax\AjaxModel::$isUserActive' in C:\xampp\htdocs\KinguinInternship\myProject\App\Controllers\Ajax\AjaxController.php:48
Stack trace:
#0 C:\xampp\htdocs\KinguinInternship\myProject\App\Controllers\Ajax\AjaxController.php(48): Yee\Yee::handleErrors(8, 'Undefined prope...', 'C:\\xampp\\htdocs...', 48, Array)
#1 [internal function]: AjaxController->loginAction()
#2 C:\xampp\htdocs\KinguinInternship\myProject\Yee\Managers\Controller\Controller.php(22): call_user_func_array(Array, Array)
#3 [internal function]: Yee\Managers\Controller\Controller::__callStatic('___loginAction', Array)
#4 [internal function]: AjaxController::___loginAction()
#5 C:\xampp\htdocs\KinguinInternship\myProject\Yee\Route.php(462): call_user_func_array('AjaxController:...', Array)
#6 C:\xampp\htdocs\KinguinInternship\myProject\Yee\Yee.php(1334): Yee\Route->dispatch()
#7 C:\xampp\htdocs\KinguinInternship\myProject\Yee\Middleware\Flash.php(85): Yee\Yee->call()
#8 C:\xampp\htdocs\KinguinInternship\myProject\Yee\Middleware\MethodOverride.php(92): Yee\Middleware\Flash->call()
#9 C:\xampp\htdocs\KinguinInternship\myProject\Yee\Middleware\PrettyExceptions.php(67): Yee\Middleware\MethodOverride->call()
#10 C:\xampp\htdocs\KinguinInternship\myProject\Yee\Yee.php(1279): Yee\Middleware\PrettyExceptions->call()
#11 C:\xampp\htdocs\KinguinInternship\myProject\index.php(48): Yee\Yee->execute()
#12 {main}
ERROR - 2016-07-19 17:32:20 - exception 'ErrorException' with message 'Undefined property: App\Models\Ajax\AjaxModel::$isUserActive' in C:\xampp\htdocs\KinguinInternship\myProject\App\Controllers\Ajax\AjaxController.php:48
Stack trace:
#0 C:\xampp\htdocs\KinguinInternship\myProject\App\Controllers\Ajax\AjaxController.php(48): Yee\Yee::handleErrors(8, 'Undefined prope...', 'C:\\xampp\\htdocs...', 48, Array)
#1 [internal function]: AjaxController->loginAction()
#2 C:\xampp\htdocs\KinguinInternship\myProject\Yee\Managers\Controller\Controller.php(22): call_user_func_array(Array, Array)
#3 [internal function]: Yee\Managers\Controller\Controller::__callStatic('___loginAction', Array)
#4 [internal function]: AjaxController::___loginAction()
#5 C:\xampp\htdocs\KinguinInternship\myProject\Yee\Route.php(462): call_user_func_array('AjaxController:...', Array)
#6 C:\xampp\htdocs\KinguinInternship\myProject\Yee\Yee.php(1334): Yee\Route->dispatch()
#7 C:\xampp\htdocs\KinguinInternship\myProject\Yee\Middleware\Flash.php(85): Yee\Yee->call()
#8 C:\xampp\htdocs\KinguinInternship\myProject\Yee\Middleware\MethodOverride.php(92): Yee\Middleware\Flash->call()
#9 C:\xampp\htdocs\KinguinInternship\myProject\Yee\Middleware\PrettyExceptions.php(67): Yee\Middleware\MethodOverride->call()
#10 C:\xampp\htdocs\KinguinInternship\myProject\Yee\Yee.php(1279): Yee\Middleware\PrettyExceptions->call()
#11 C:\xampp\htdocs\KinguinInternship\myProject\index.php(48): Yee\Yee->execute()
#12 {main}
ERROR - 2016-07-19 17:32:22 - exception 'ErrorException' with message 'Undefined property: App\Models\Ajax\AjaxModel::$isUserActive' in C:\xampp\htdocs\KinguinInternship\myProject\App\Controllers\Ajax\AjaxController.php:48
Stack trace:
#0 C:\xampp\htdocs\KinguinInternship\myProject\App\Controllers\Ajax\AjaxController.php(48): Yee\Yee::handleErrors(8, 'Undefined prope...', 'C:\\xampp\\htdocs...', 48, Array)
#1 [internal function]: AjaxController->loginAction()
#2 C:\xampp\htdocs\KinguinInternship\myProject\Yee\Managers\Controller\Controller.php(22): call_user_func_array(Array, Array)
#3 [internal function]: Yee\Managers\Controller\Controller::__callStatic('___loginAction', Array)
#4 [internal function]: AjaxController::___loginAction()
#5 C:\xampp\htdocs\KinguinInternship\myProject\Yee\Route.php(462): call_user_func_array('AjaxController:...', Array)
#6 C:\xampp\htdocs\KinguinInternship\myProject\Yee\Yee.php(1334): Yee\Route->dispatch()
#7 C:\xampp\htdocs\KinguinInternship\myProject\Yee\Middleware\Flash.php(85): Yee\Yee->call()
#8 C:\xampp\htdocs\KinguinInternship\myProject\Yee\Middleware\MethodOverride.php(92): Yee\Middleware\Flash->call()
#9 C:\xampp\htdocs\KinguinInternship\myProject\Yee\Middleware\PrettyExceptions.php(67): Yee\Middleware\MethodOverride->call()
#10 C:\xampp\htdocs\KinguinInternship\myProject\Yee\Yee.php(1279): Yee\Middleware\PrettyExceptions->call()
#11 C:\xampp\htdocs\KinguinInternship\myProject\index.php(48): Yee\Yee->execute()
#12 {main}
ERROR - 2016-07-19 17:32:23 - exception 'ErrorException' with message 'Undefined property: App\Models\Ajax\AjaxModel::$isUserActive' in C:\xampp\htdocs\KinguinInternship\myProject\App\Controllers\Ajax\AjaxController.php:48
Stack trace:
#0 C:\xampp\htdocs\KinguinInternship\myProject\App\Controllers\Ajax\AjaxController.php(48): Yee\Yee::handleErrors(8, 'Undefined prope...', 'C:\\xampp\\htdocs...', 48, Array)
#1 [internal function]: AjaxController->loginAction()
#2 C:\xampp\htdocs\KinguinInternship\myProject\Yee\Managers\Controller\Controller.php(22): call_user_func_array(Array, Array)
#3 [internal function]: Yee\Managers\Controller\Controller::__callStatic('___loginAction', Array)
#4 [internal function]: AjaxController::___loginAction()
#5 C:\xampp\htdocs\KinguinInternship\myProject\Yee\Route.php(462): call_user_func_array('AjaxController:...', Array)
#6 C:\xampp\htdocs\KinguinInternship\myProject\Yee\Yee.php(1334): Yee\Route->dispatch()
#7 C:\xampp\htdocs\KinguinInternship\myProject\Yee\Middleware\Flash.php(85): Yee\Yee->call()
#8 C:\xampp\htdocs\KinguinInternship\myProject\Yee\Middleware\MethodOverride.php(92): Yee\Middleware\Flash->call()
#9 C:\xampp\htdocs\KinguinInternship\myProject\Yee\Middleware\PrettyExceptions.php(67): Yee\Middleware\MethodOverride->call()
#10 C:\xampp\htdocs\KinguinInternship\myProject\Yee\Yee.php(1279): Yee\Middleware\PrettyExceptions->call()
#11 C:\xampp\htdocs\KinguinInternship\myProject\index.php(48): Yee\Yee->execute()
#12 {main}
ERROR - 2016-07-19 17:32:23 - exception 'ErrorException' with message 'Undefined property: App\Models\Ajax\AjaxModel::$isUserActive' in C:\xampp\htdocs\KinguinInternship\myProject\App\Controllers\Ajax\AjaxController.php:48
Stack trace:
#0 C:\xampp\htdocs\KinguinInternship\myProject\App\Controllers\Ajax\AjaxController.php(48): Yee\Yee::handleErrors(8, 'Undefined prope...', 'C:\\xampp\\htdocs...', 48, Array)
#1 [internal function]: AjaxController->loginAction()
#2 C:\xampp\htdocs\KinguinInternship\myProject\Yee\Managers\Controller\Controller.php(22): call_user_func_array(Array, Array)
#3 [internal function]: Yee\Managers\Controller\Controller::__callStatic('___loginAction', Array)
#4 [internal function]: AjaxController::___loginAction()
#5 C:\xampp\htdocs\KinguinInternship\myProject\Yee\Route.php(462): call_user_func_array('AjaxController:...', Array)
#6 C:\xampp\htdocs\KinguinInternship\myProject\Yee\Yee.php(1334): Yee\Route->dispatch()
#7 C:\xampp\htdocs\KinguinInternship\myProject\Yee\Middleware\Flash.php(85): Yee\Yee->call()
#8 C:\xampp\htdocs\KinguinInternship\myProject\Yee\Middleware\MethodOverride.php(92): Yee\Middleware\Flash->call()
#9 C:\xampp\htdocs\KinguinInternship\myProject\Yee\Middleware\PrettyExceptions.php(67): Yee\Middleware\MethodOverride->call()
#10 C:\xampp\htdocs\KinguinInternship\myProject\Yee\Yee.php(1279): Yee\Middleware\PrettyExceptions->call()
#11 C:\xampp\htdocs\KinguinInternship\myProject\index.php(48): Yee\Yee->execute()
#12 {main}
ERROR - 2016-07-19 17:32:28 - exception 'ErrorException' with message 'Undefined property: App\Models\Ajax\AjaxModel::$isUserActive' in C:\xampp\htdocs\KinguinInternship\myProject\App\Controllers\Ajax\AjaxController.php:48
Stack trace:
#0 C:\xampp\htdocs\KinguinInternship\myProject\App\Controllers\Ajax\AjaxController.php(48): Yee\Yee::handleErrors(8, 'Undefined prope...', 'C:\\xampp\\htdocs...', 48, Array)
#1 [internal function]: AjaxController->loginAction()
#2 C:\xampp\htdocs\KinguinInternship\myProject\Yee\Managers\Controller\Controller.php(22): call_user_func_array(Array, Array)
#3 [internal function]: Yee\Managers\Controller\Controller::__callStatic('___loginAction', Array)
#4 [internal function]: AjaxController::___loginAction()
#5 C:\xampp\htdocs\KinguinInternship\myProject\Yee\Route.php(462): call_user_func_array('AjaxController:...', Array)
#6 C:\xampp\htdocs\KinguinInternship\myProject\Yee\Yee.php(1334): Yee\Route->dispatch()
#7 C:\xampp\htdocs\KinguinInternship\myProject\Yee\Middleware\Flash.php(85): Yee\Yee->call()
#8 C:\xampp\htdocs\KinguinInternship\myProject\Yee\Middleware\MethodOverride.php(92): Yee\Middleware\Flash->call()
#9 C:\xampp\htdocs\KinguinInternship\myProject\Yee\Middleware\PrettyExceptions.php(67): Yee\Middleware\MethodOverride->call()
#10 C:\xampp\htdocs\KinguinInternship\myProject\Yee\Yee.php(1279): Yee\Middleware\PrettyExceptions->call()
#11 C:\xampp\htdocs\KinguinInternship\myProject\index.php(48): Yee\Yee->execute()
#12 {main}
ERROR - 2016-07-19 17:32:28 - exception 'ErrorException' with message 'Undefined property: App\Models\Ajax\AjaxModel::$isUserActive' in C:\xampp\htdocs\KinguinInternship\myProject\App\Controllers\Ajax\AjaxController.php:48
Stack trace:
#0 C:\xampp\htdocs\KinguinInternship\myProject\App\Controllers\Ajax\AjaxController.php(48): Yee\Yee::handleErrors(8, 'Undefined prope...', 'C:\\xampp\\htdocs...', 48, Array)
#1 [internal function]: AjaxController->loginAction()
#2 C:\xampp\htdocs\KinguinInternship\myProject\Yee\Managers\Controller\Controller.php(22): call_user_func_array(Array, Array)
#3 [internal function]: Yee\Managers\Controller\Controller::__callStatic('___loginAction', Array)
#4 [internal function]: AjaxController::___loginAction()
#5 C:\xampp\htdocs\KinguinInternship\myProject\Yee\Route.php(462): call_user_func_array('AjaxController:...', Array)
#6 C:\xampp\htdocs\KinguinInternship\myProject\Yee\Yee.php(1334): Yee\Route->dispatch()
#7 C:\xampp\htdocs\KinguinInternship\myProject\Yee\Middleware\Flash.php(85): Yee\Yee->call()
#8 C:\xampp\htdocs\KinguinInternship\myProject\Yee\Middleware\MethodOverride.php(92): Yee\Middleware\Flash->call()
#9 C:\xampp\htdocs\KinguinInternship\myProject\Yee\Middleware\PrettyExceptions.php(67): Yee\Middleware\MethodOverride->call()
#10 C:\xampp\htdocs\KinguinInternship\myProject\Yee\Yee.php(1279): Yee\Middleware\PrettyExceptions->call()
#11 C:\xampp\htdocs\KinguinInternship\myProject\index.php(48): Yee\Yee->execute()
#12 {main}
ERROR - 2016-07-19 17:32:29 - exception 'ErrorException' with message 'Undefined property: App\Models\Ajax\AjaxModel::$isUserActive' in C:\xampp\htdocs\KinguinInternship\myProject\App\Controllers\Ajax\AjaxController.php:48
Stack trace:
#0 C:\xampp\htdocs\KinguinInternship\myProject\App\Controllers\Ajax\AjaxController.php(48): Yee\Yee::handleErrors(8, 'Undefined prope...', 'C:\\xampp\\htdocs...', 48, Array)
#1 [internal function]: AjaxController->loginAction()
#2 C:\xampp\htdocs\KinguinInternship\myProject\Yee\Managers\Controller\Controller.php(22): call_user_func_array(Array, Array)
#3 [internal function]: Yee\Managers\Controller\Controller::__callStatic('___loginAction', Array)
#4 [internal function]: AjaxController::___loginAction()
#5 C:\xampp\htdocs\KinguinInternship\myProject\Yee\Route.php(462): call_user_func_array('AjaxController:...', Array)
#6 C:\xampp\htdocs\KinguinInternship\myProject\Yee\Yee.php(1334): Yee\Route->dispatch()
#7 C:\xampp\htdocs\KinguinInternship\myProject\Yee\Middleware\Flash.php(85): Yee\Yee->call()
#8 C:\xampp\htdocs\KinguinInternship\myProject\Yee\Middleware\MethodOverride.php(92): Yee\Middleware\Flash->call()
#9 C:\xampp\htdocs\KinguinInternship\myProject\Yee\Middleware\PrettyExceptions.php(67): Yee\Middleware\MethodOverride->call()
#10 C:\xampp\htdocs\KinguinInternship\myProject\Yee\Yee.php(1279): Yee\Middleware\PrettyExceptions->call()
#11 C:\xampp\htdocs\KinguinInternship\myProject\index.php(48): Yee\Yee->execute()
#12 {main}
ERROR - 2016-07-19 17:32:36 - exception 'ErrorException' with message 'Undefined property: App\Models\Ajax\AjaxModel::$isUserActive' in C:\xampp\htdocs\KinguinInternship\myProject\App\Controllers\Ajax\AjaxController.php:48
Stack trace:
#0 C:\xampp\htdocs\KinguinInternship\myProject\App\Controllers\Ajax\AjaxController.php(48): Yee\Yee::handleErrors(8, 'Undefined prope...', 'C:\\xampp\\htdocs...', 48, Array)
#1 [internal function]: AjaxController->loginAction()
#2 C:\xampp\htdocs\KinguinInternship\myProject\Yee\Managers\Controller\Controller.php(22): call_user_func_array(Array, Array)
#3 [internal function]: Yee\Managers\Controller\Controller::__callStatic('___loginAction', Array)
#4 [internal function]: AjaxController::___loginAction()
#5 C:\xampp\htdocs\KinguinInternship\myProject\Yee\Route.php(462): call_user_func_array('AjaxController:...', Array)
#6 C:\xampp\htdocs\KinguinInternship\myProject\Yee\Yee.php(1334): Yee\Route->dispatch()
#7 C:\xampp\htdocs\KinguinInternship\myProject\Yee\Middleware\Flash.php(85): Yee\Yee->call()
#8 C:\xampp\htdocs\KinguinInternship\myProject\Yee\Middleware\MethodOverride.php(92): Yee\Middleware\Flash->call()
#9 C:\xampp\htdocs\KinguinInternship\myProject\Yee\Middleware\PrettyExceptions.php(67): Yee\Middleware\MethodOverride->call()
#10 C:\xampp\htdocs\KinguinInternship\myProject\Yee\Yee.php(1279): Yee\Middleware\PrettyExceptions->call()
#11 C:\xampp\htdocs\KinguinInternship\myProject\index.php(48): Yee\Yee->execute()
#12 {main}
ERROR - 2016-07-19 17:32:48 - exception 'ErrorException' with message 'Undefined property: App\Models\Ajax\AjaxModel::$isUserActive' in C:\xampp\htdocs\KinguinInternship\myProject\App\Controllers\Ajax\AjaxController.php:48
Stack trace:
#0 C:\xampp\htdocs\KinguinInternship\myProject\App\Controllers\Ajax\AjaxController.php(48): Yee\Yee::handleErrors(8, 'Undefined prope...', 'C:\\xampp\\htdocs...', 48, Array)
#1 [internal function]: AjaxController->loginAction()
#2 C:\xampp\htdocs\KinguinInternship\myProject\Yee\Managers\Controller\Controller.php(22): call_user_func_array(Array, Array)
#3 [internal function]: Yee\Managers\Controller\Controller::__callStatic('___loginAction', Array)
#4 [internal function]: AjaxController::___loginAction()
#5 C:\xampp\htdocs\KinguinInternship\myProject\Yee\Route.php(462): call_user_func_array('AjaxController:...', Array)
#6 C:\xampp\htdocs\KinguinInternship\myProject\Yee\Yee.php(1334): Yee\Route->dispatch()
#7 C:\xampp\htdocs\KinguinInternship\myProject\Yee\Middleware\Flash.php(85): Yee\Yee->call()
#8 C:\xampp\htdocs\KinguinInternship\myProject\Yee\Middleware\MethodOverride.php(92): Yee\Middleware\Flash->call()
#9 C:\xampp\htdocs\KinguinInternship\myProject\Yee\Middleware\PrettyExceptions.php(67): Yee\Middleware\MethodOverride->call()
#10 C:\xampp\htdocs\KinguinInternship\myProject\Yee\Yee.php(1279): Yee\Middleware\PrettyExceptions->call()
#11 C:\xampp\htdocs\KinguinInternship\myProject\index.php(48): Yee\Yee->execute()
#12 {main}
ERROR - 2016-07-19 17:33:45 - exception 'ErrorException' with message 'Undefined property: App\Models\Ajax\AjaxModel::$isUserActive' in C:\xampp\htdocs\KinguinInternship\myProject\App\Controllers\Ajax\AjaxController.php:48
Stack trace:
#0 C:\xampp\htdocs\KinguinInternship\myProject\App\Controllers\Ajax\AjaxController.php(48): Yee\Yee::handleErrors(8, 'Undefined prope...', 'C:\\xampp\\htdocs...', 48, Array)
#1 [internal function]: AjaxController->loginAction()
#2 C:\xampp\htdocs\KinguinInternship\myProject\Yee\Managers\Controller\Controller.php(22): call_user_func_array(Array, Array)
#3 [internal function]: Yee\Managers\Controller\Controller::__callStatic('___loginAction', Array)
#4 [internal function]: AjaxController::___loginAction()
#5 C:\xampp\htdocs\KinguinInternship\myProject\Yee\Route.php(462): call_user_func_array('AjaxController:...', Array)
#6 C:\xampp\htdocs\KinguinInternship\myProject\Yee\Yee.php(1334): Yee\Route->dispatch()
#7 C:\xampp\htdocs\KinguinInternship\myProject\Yee\Middleware\Flash.php(85): Yee\Yee->call()
#8 C:\xampp\htdocs\KinguinInternship\myProject\Yee\Middleware\MethodOverride.php(92): Yee\Middleware\Flash->call()
#9 C:\xampp\htdocs\KinguinInternship\myProject\Yee\Middleware\PrettyExceptions.php(67): Yee\Middleware\MethodOverride->call()
#10 C:\xampp\htdocs\KinguinInternship\myProject\Yee\Yee.php(1279): Yee\Middleware\PrettyExceptions->call()
#11 C:\xampp\htdocs\KinguinInternship\myProject\index.php(48): Yee\Yee->execute()
#12 {main}
ERROR - 2016-07-19 17:33:46 - exception 'ErrorException' with message 'Undefined property: App\Models\Ajax\AjaxModel::$isUserActive' in C:\xampp\htdocs\KinguinInternship\myProject\App\Controllers\Ajax\AjaxController.php:48
Stack trace:
#0 C:\xampp\htdocs\KinguinInternship\myProject\App\Controllers\Ajax\AjaxController.php(48): Yee\Yee::handleErrors(8, 'Undefined prope...', 'C:\\xampp\\htdocs...', 48, Array)
#1 [internal function]: AjaxController->loginAction()
#2 C:\xampp\htdocs\KinguinInternship\myProject\Yee\Managers\Controller\Controller.php(22): call_user_func_array(Array, Array)
#3 [internal function]: Yee\Managers\Controller\Controller::__callStatic('___loginAction', Array)
#4 [internal function]: AjaxController::___loginAction()
#5 C:\xampp\htdocs\KinguinInternship\myProject\Yee\Route.php(462): call_user_func_array('AjaxController:...', Array)
#6 C:\xampp\htdocs\KinguinInternship\myProject\Yee\Yee.php(1334): Yee\Route->dispatch()
#7 C:\xampp\htdocs\KinguinInternship\myProject\Yee\Middleware\Flash.php(85): Yee\Yee->call()
#8 C:\xampp\htdocs\KinguinInternship\myProject\Yee\Middleware\MethodOverride.php(92): Yee\Middleware\Flash->call()
#9 C:\xampp\htdocs\KinguinInternship\myProject\Yee\Middleware\PrettyExceptions.php(67): Yee\Middleware\MethodOverride->call()
#10 C:\xampp\htdocs\KinguinInternship\myProject\Yee\Yee.php(1279): Yee\Middleware\PrettyExceptions->call()
#11 C:\xampp\htdocs\KinguinInternship\myProject\index.php(48): Yee\Yee->execute()
#12 {main}
ERROR - 2016-07-19 17:33:53 - exception 'ErrorException' with message 'Undefined property: App\Models\Ajax\AjaxModel::$isUserActive' in C:\xampp\htdocs\KinguinInternship\myProject\App\Controllers\Ajax\AjaxController.php:48
Stack trace:
#0 C:\xampp\htdocs\KinguinInternship\myProject\App\Controllers\Ajax\AjaxController.php(48): Yee\Yee::handleErrors(8, 'Undefined prope...', 'C:\\xampp\\htdocs...', 48, Array)
#1 [internal function]: AjaxController->loginAction()
#2 C:\xampp\htdocs\KinguinInternship\myProject\Yee\Managers\Controller\Controller.php(22): call_user_func_array(Array, Array)
#3 [internal function]: Yee\Managers\Controller\Controller::__callStatic('___loginAction', Array)
#4 [internal function]: AjaxController::___loginAction()
#5 C:\xampp\htdocs\KinguinInternship\myProject\Yee\Route.php(462): call_user_func_array('AjaxController:...', Array)
#6 C:\xampp\htdocs\KinguinInternship\myProject\Yee\Yee.php(1334): Yee\Route->dispatch()
#7 C:\xampp\htdocs\KinguinInternship\myProject\Yee\Middleware\Flash.php(85): Yee\Yee->call()
#8 C:\xampp\htdocs\KinguinInternship\myProject\Yee\Middleware\MethodOverride.php(92): Yee\Middleware\Flash->call()
#9 C:\xampp\htdocs\KinguinInternship\myProject\Yee\Middleware\PrettyExceptions.php(67): Yee\Middleware\MethodOverride->call()
#10 C:\xampp\htdocs\KinguinInternship\myProject\Yee\Yee.php(1279): Yee\Middleware\PrettyExceptions->call()
#11 C:\xampp\htdocs\KinguinInternship\myProject\index.php(48): Yee\Yee->execute()
#12 {main}
ERROR - 2016-07-19 17:33:59 - exception 'ErrorException' with message 'Undefined property: App\Models\Ajax\AjaxModel::$isUserActive' in C:\xampp\htdocs\KinguinInternship\myProject\App\Controllers\Ajax\AjaxController.php:48
Stack trace:
#0 C:\xampp\htdocs\KinguinInternship\myProject\App\Controllers\Ajax\AjaxController.php(48): Yee\Yee::handleErrors(8, 'Undefined prope...', 'C:\\xampp\\htdocs...', 48, Array)
#1 [internal function]: AjaxController->loginAction()
#2 C:\xampp\htdocs\KinguinInternship\myProject\Yee\Managers\Controller\Controller.php(22): call_user_func_array(Array, Array)
#3 [internal function]: Yee\Managers\Controller\Controller::__callStatic('___loginAction', Array)
#4 [internal function]: AjaxController::___loginAction()
#5 C:\xampp\htdocs\KinguinInternship\myProject\Yee\Route.php(462): call_user_func_array('AjaxController:...', Array)
#6 C:\xampp\htdocs\KinguinInternship\myProject\Yee\Yee.php(1334): Yee\Route->dispatch()
#7 C:\xampp\htdocs\KinguinInternship\myProject\Yee\Middleware\Flash.php(85): Yee\Yee->call()
#8 C:\xampp\htdocs\KinguinInternship\myProject\Yee\Middleware\MethodOverride.php(92): Yee\Middleware\Flash->call()
#9 C:\xampp\htdocs\KinguinInternship\myProject\Yee\Middleware\PrettyExceptions.php(67): Yee\Middleware\MethodOverride->call()
#10 C:\xampp\htdocs\KinguinInternship\myProject\Yee\Yee.php(1279): Yee\Middleware\PrettyExceptions->call()
#11 C:\xampp\htdocs\KinguinInternship\myProject\index.php(48): Yee\Yee->execute()
#12 {main}
