ERROR - 2016-07-14 07:45:56 - exception 'Twig_Error_Loader' with message 'Unable to find template "mail/signup.tpl" (looked into: ./templates).' in C:\xampp\htdocs\KinguinInternship\myProject\Twig\Loader\Filesystem.php:191
Stack trace:
#0 C:\xampp\htdocs\KinguinInternship\myProject\Twig\Loader\Filesystem.php(138): Twig_Loader_Filesystem->findTemplate('mail/signup.tpl')
#1 C:\xampp\htdocs\KinguinInternship\myProject\Twig\Environment.php(265): Twig_Loader_Filesystem->getCacheKey('mail/signup.tpl')
#2 C:\xampp\htdocs\KinguinInternship\myProject\Twig\Environment.php(323): Twig_Environment->getTemplateClass('mail/signup.tpl', NULL)
#3 C:\xampp\htdocs\KinguinInternship\myProject\Yee\Views\Twig.php(87): Twig_Environment->loadTemplate('mail/signup.tpl')
#4 C:\xampp\htdocs\KinguinInternship\myProject\Yee\View.php(255): Yee\Views\Twig->render('mail/signup.tpl', NULL)
#5 C:\xampp\htdocs\KinguinInternship\myProject\Yee\View.php(243): Yee\View->fetch('mail/signup.tpl', NULL)
#6 C:\xampp\htdocs\KinguinInternship\myProject\Yee\Yee.php(765): Yee\View->display('mail/signup.tpl')
#7 C:\xampp\htdocs\KinguinInternship\myProject\App\Controllers\Signup\SignupController.php(51): Yee\Yee->render('mail/signup.tpl', Array)
#8 [internal function]: SignupController->sendingEmail()
#9 C:\xampp\htdocs\KinguinInternship\myProject\Yee\Managers\Controller\Controller.php(22): call_user_func_array(Array, Array)
#10 [internal function]: Yee\Managers\Controller\Controller::__callStatic('___sendingEmail', Array)
#11 [internal function]: SignupController::___sendingEmail()
#12 C:\xampp\htdocs\KinguinInternship\myProject\Yee\Route.php(462): call_user_func_array('SignupControlle...', Array)
#13 C:\xampp\htdocs\KinguinInternship\myProject\Yee\Yee.php(1334): Yee\Route->dispatch()
#14 C:\xampp\htdocs\KinguinInternship\myProject\Yee\Middleware\Flash.php(85): Yee\Yee->call()
#15 C:\xampp\htdocs\KinguinInternship\myProject\Yee\Middleware\MethodOverride.php(92): Yee\Middleware\Flash->call()
#16 C:\xampp\htdocs\KinguinInternship\myProject\Yee\Middleware\PrettyExceptions.php(67): Yee\Middleware\MethodOverride->call()
#17 C:\xampp\htdocs\KinguinInternship\myProject\Yee\Yee.php(1279): Yee\Middleware\PrettyExceptions->call()
#18 C:\xampp\htdocs\KinguinInternship\myProject\index.php(48): Yee\Yee->execute()
#19 {main}
ERROR - 2016-07-14 07:46:31 - exception 'Twig_Error_Loader' with message 'Unable to find template "header.tpl" (looked into: ./templates) in "mail/signup.tpl" at line 2.' in C:\xampp\htdocs\KinguinInternship\myProject\Twig\Loader\Filesystem.php:191
Stack trace:
#0 C:\xampp\htdocs\KinguinInternship\myProject\Twig\Loader\Filesystem.php(138): Twig_Loader_Filesystem->findTemplate('header.tpl')
#1 C:\xampp\htdocs\KinguinInternship\myProject\Twig\Environment.php(265): Twig_Loader_Filesystem->getCacheKey('header.tpl')
#2 C:\xampp\htdocs\KinguinInternship\myProject\Twig\Environment.php(323): Twig_Environment->getTemplateClass('header.tpl', NULL)
#3 C:\xampp\htdocs\KinguinInternship\myProject\cache\templates_c\ce\e6\d0d534bb4c251a950f4be8e9ffa5e28e19bdc6deb4728bd6c0490f146dea.php(22): Twig_Environment->loadTemplate('header.tpl')
#4 C:\xampp\htdocs\KinguinInternship\myProject\Twig\Template.php(279): __TwigTemplate_cee6d0d534bb4c251a950f4be8e9ffa5e28e19bdc6deb4728bd6c0490f146dea->doDisplay(Array, Array)
#5 C:\xampp\htdocs\KinguinInternship\myProject\Twig\Template.php(253): Twig_Template->displayWithErrorHandling(Array, Array)
#6 C:\xampp\htdocs\KinguinInternship\myProject\Twig\Template.php(264): Twig_Template->display(Array)
#7 C:\xampp\htdocs\KinguinInternship\myProject\Yee\Views\Twig.php(91): Twig_Template->render(Array)
#8 C:\xampp\htdocs\KinguinInternship\myProject\Yee\View.php(255): Yee\Views\Twig->render('mail/signup.tpl', NULL)
#9 C:\xampp\htdocs\KinguinInternship\myProject\Yee\View.php(243): Yee\View->fetch('mail/signup.tpl', NULL)
#10 C:\xampp\htdocs\KinguinInternship\myProject\Yee\Yee.php(765): Yee\View->display('mail/signup.tpl')
#11 C:\xampp\htdocs\KinguinInternship\myProject\App\Controllers\Signup\SignupController.php(51): Yee\Yee->render('mail/signup.tpl', Array)
#12 [internal function]: SignupController->sendingEmail()
#13 C:\xampp\htdocs\KinguinInternship\myProject\Yee\Managers\Controller\Controller.php(22): call_user_func_array(Array, Array)
#14 [internal function]: Yee\Managers\Controller\Controller::__callStatic('___sendingEmail', Array)
#15 [internal function]: SignupController::___sendingEmail()
#16 C:\xampp\htdocs\KinguinInternship\myProject\Yee\Route.php(462): call_user_func_array('SignupControlle...', Array)
#17 C:\xampp\htdocs\KinguinInternship\myProject\Yee\Yee.php(1334): Yee\Route->dispatch()
#18 C:\xampp\htdocs\KinguinInternship\myProject\Yee\Middleware\Flash.php(85): Yee\Yee->call()
#19 C:\xampp\htdocs\KinguinInternship\myProject\Yee\Middleware\MethodOverride.php(92): Yee\Middleware\Flash->call()
#20 C:\xampp\htdocs\KinguinInternship\myProject\Yee\Middleware\PrettyExceptions.php(67): Yee\Middleware\MethodOverride->call()
#21 C:\xampp\htdocs\KinguinInternship\myProject\Yee\Yee.php(1279): Yee\Middleware\PrettyExceptions->call()
#22 C:\xampp\htdocs\KinguinInternship\myProject\index.php(48): Yee\Yee->execute()
#23 {main}
ERROR - 2016-07-14 07:47:05 - exception 'Twig_Error_Loader' with message 'Unable to find template "footer.tpl" (looked into: ./templates) in "mail/signup.tpl" at line 64.' in C:\xampp\htdocs\KinguinInternship\myProject\Twig\Loader\Filesystem.php:191
Stack trace:
#0 C:\xampp\htdocs\KinguinInternship\myProject\Twig\Loader\Filesystem.php(138): Twig_Loader_Filesystem->findTemplate('footer.tpl')
#1 C:\xampp\htdocs\KinguinInternship\myProject\Twig\Environment.php(265): Twig_Loader_Filesystem->getCacheKey('footer.tpl')
#2 C:\xampp\htdocs\KinguinInternship\myProject\Twig\Environment.php(323): Twig_Environment->getTemplateClass('footer.tpl', NULL)
#3 C:\xampp\htdocs\KinguinInternship\myProject\cache\templates_c\ce\e6\d0d534bb4c251a950f4be8e9ffa5e28e19bdc6deb4728bd6c0490f146dea.php(87): Twig_Environment->loadTemplate('footer.tpl')
#4 C:\xampp\htdocs\KinguinInternship\myProject\Twig\Template.php(279): __TwigTemplate_cee6d0d534bb4c251a950f4be8e9ffa5e28e19bdc6deb4728bd6c0490f146dea->doDisplay(Array, Array)
#5 C:\xampp\htdocs\KinguinInternship\myProject\Twig\Template.php(253): Twig_Template->displayWithErrorHandling(Array, Array)
#6 C:\xampp\htdocs\KinguinInternship\myProject\Twig\Template.php(264): Twig_Template->display(Array)
#7 C:\xampp\htdocs\KinguinInternship\myProject\Yee\Views\Twig.php(91): Twig_Template->render(Array)
#8 C:\xampp\htdocs\KinguinInternship\myProject\Yee\View.php(255): Yee\Views\Twig->render('mail/signup.tpl', NULL)
#9 C:\xampp\htdocs\KinguinInternship\myProject\Yee\View.php(243): Yee\View->fetch('mail/signup.tpl', NULL)
#10 C:\xampp\htdocs\KinguinInternship\myProject\Yee\Yee.php(765): Yee\View->display('mail/signup.tpl')
#11 C:\xampp\htdocs\KinguinInternship\myProject\App\Controllers\Signup\SignupController.php(51): Yee\Yee->render('mail/signup.tpl', Array)
#12 [internal function]: SignupController->sendingEmail()
#13 C:\xampp\htdocs\KinguinInternship\myProject\Yee\Managers\Controller\Controller.php(22): call_user_func_array(Array, Array)
#14 [internal function]: Yee\Managers\Controller\Controller::__callStatic('___sendingEmail', Array)
#15 [internal function]: SignupController::___sendingEmail()
#16 C:\xampp\htdocs\KinguinInternship\myProject\Yee\Route.php(462): call_user_func_array('SignupControlle...', Array)
#17 C:\xampp\htdocs\KinguinInternship\myProject\Yee\Yee.php(1334): Yee\Route->dispatch()
#18 C:\xampp\htdocs\KinguinInternship\myProject\Yee\Middleware\Flash.php(85): Yee\Yee->call()
#19 C:\xampp\htdocs\KinguinInternship\myProject\Yee\Middleware\MethodOverride.php(92): Yee\Middleware\Flash->call()
#20 C:\xampp\htdocs\KinguinInternship\myProject\Yee\Middleware\PrettyExceptions.php(67): Yee\Middleware\MethodOverride->call()
#21 C:\xampp\htdocs\KinguinInternship\myProject\Yee\Yee.php(1279): Yee\Middleware\PrettyExceptions->call()
#22 C:\xampp\htdocs\KinguinInternship\myProject\index.php(48): Yee\Yee->execute()
#23 {main}
ERROR - 2016-07-14 09:26:34 - exception 'ErrorException' with message 'mail(): Failed to connect to mailserver at &quot;localhost&quot; port 25, verify your &quot;SMTP&quot; and &quot;smtp_port&quot; setting in php.ini or use ini_set()' in C:\xampp\htdocs\KinguinInternship\myProject\App\Libraries\Mailer\Mailer.php:42
Stack trace:
#0 [internal function]: Yee\Yee::handleErrors(2, 'mail(): Failed ...', 'C:\\xampp\\htdocs...', 42, Array)
#1 C:\xampp\htdocs\KinguinInternship\myProject\App\Libraries\Mailer\Mailer.php(42): mail('sidertopalov@gm...', 'Activate Accoun...', '\n<!DOCTYPE html...', 'MIME-Version: 1...')
#2 C:\xampp\htdocs\KinguinInternship\myProject\App\Controllers\Email\EmailController.php(22): App\Libraries\Mailer\Mailer->sendEmail()
#3 [internal function]: EmailController->testAction()
#4 C:\xampp\htdocs\KinguinInternship\myProject\Yee\Managers\Controller\Controller.php(22): call_user_func_array(Array, Array)
#5 [internal function]: Yee\Managers\Controller\Controller::__callStatic('___testAction', Array)
#6 [internal function]: EmailController::___testAction()
#7 C:\xampp\htdocs\KinguinInternship\myProject\Yee\Route.php(462): call_user_func_array('EmailController...', Array)
#8 C:\xampp\htdocs\KinguinInternship\myProject\Yee\Yee.php(1334): Yee\Route->dispatch()
#9 C:\xampp\htdocs\KinguinInternship\myProject\Yee\Middleware\Flash.php(85): Yee\Yee->call()
#10 C:\xampp\htdocs\KinguinInternship\myProject\Yee\Middleware\MethodOverride.php(92): Yee\Middleware\Flash->call()
#11 C:\xampp\htdocs\KinguinInternship\myProject\Yee\Middleware\PrettyExceptions.php(67): Yee\Middleware\MethodOverride->call()
#12 C:\xampp\htdocs\KinguinInternship\myProject\Yee\Yee.php(1279): Yee\Middleware\PrettyExceptions->call()
#13 C:\xampp\htdocs\KinguinInternship\myProject\index.php(48): Yee\Yee->execute()
#14 {main}
ERROR - 2016-07-14 09:38:26 - exception 'ErrorException' with message 'mail(): Failed to connect to mailserver at &quot;localhost&quot; port 25, verify your &quot;SMTP&quot; and &quot;smtp_port&quot; setting in php.ini or use ini_set()' in C:\xampp\htdocs\KinguinInternship\myProject\App\Libraries\Mailer\Mailer.php:42
Stack trace:
#0 [internal function]: Yee\Yee::handleErrors(2, 'mail(): Failed ...', 'C:\\xampp\\htdocs...', 42, Array)
#1 C:\xampp\htdocs\KinguinInternship\myProject\App\Libraries\Mailer\Mailer.php(42): mail('sidertopalov@gm...', 'Activate Accoun...', '\n<!DOCTYPE html...', 'MIME-Version: 1...')
#2 C:\xampp\htdocs\KinguinInternship\myProject\App\Controllers\Email\EmailController.php(22): App\Libraries\Mailer\Mailer->sendEmail()
#3 [internal function]: EmailController->testAction()
#4 C:\xampp\htdocs\KinguinInternship\myProject\Yee\Managers\Controller\Controller.php(22): call_user_func_array(Array, Array)
#5 [internal function]: Yee\Managers\Controller\Controller::__callStatic('___testAction', Array)
#6 [internal function]: EmailController::___testAction()
#7 C:\xampp\htdocs\KinguinInternship\myProject\Yee\Route.php(462): call_user_func_array('EmailController...', Array)
#8 C:\xampp\htdocs\KinguinInternship\myProject\Yee\Yee.php(1334): Yee\Route->dispatch()
#9 C:\xampp\htdocs\KinguinInternship\myProject\Yee\Middleware\Flash.php(85): Yee\Yee->call()
#10 C:\xampp\htdocs\KinguinInternship\myProject\Yee\Middleware\MethodOverride.php(92): Yee\Middleware\Flash->call()
#11 C:\xampp\htdocs\KinguinInternship\myProject\Yee\Middleware\PrettyExceptions.php(67): Yee\Middleware\MethodOverride->call()
#12 C:\xampp\htdocs\KinguinInternship\myProject\Yee\Yee.php(1279): Yee\Middleware\PrettyExceptions->call()
#13 C:\xampp\htdocs\KinguinInternship\myProject\index.php(48): Yee\Yee->execute()
#14 {main}
ERROR - 2016-07-14 09:40:23 - exception 'ErrorException' with message 'mail(): Failed to connect to mailserver at &quot;localhost&quot; port 25, verify your &quot;SMTP&quot; and &quot;smtp_port&quot; setting in php.ini or use ini_set()' in C:\xampp\htdocs\KinguinInternship\myProject\App\Libraries\Mailer\Mailer.php:42
Stack trace:
#0 [internal function]: Yee\Yee::handleErrors(2, 'mail(): Failed ...', 'C:\\xampp\\htdocs...', 42, Array)
#1 C:\xampp\htdocs\KinguinInternship\myProject\App\Libraries\Mailer\Mailer.php(42): mail('sidertopalov@gm...', 'Activation', 'Activate Accoun...', 'MIME-Version: 1...')
#2 C:\xampp\htdocs\KinguinInternship\myProject\App\Controllers\Email\EmailController.php(22): App\Libraries\Mailer\Mailer->sendEmail()
#3 [internal function]: EmailController->testAction()
#4 C:\xampp\htdocs\KinguinInternship\myProject\Yee\Managers\Controller\Controller.php(22): call_user_func_array(Array, Array)
#5 [internal function]: Yee\Managers\Controller\Controller::__callStatic('___testAction', Array)
#6 [internal function]: EmailController::___testAction()
#7 C:\xampp\htdocs\KinguinInternship\myProject\Yee\Route.php(462): call_user_func_array('EmailController...', Array)
#8 C:\xampp\htdocs\KinguinInternship\myProject\Yee\Yee.php(1334): Yee\Route->dispatch()
#9 C:\xampp\htdocs\KinguinInternship\myProject\Yee\Middleware\Flash.php(85): Yee\Yee->call()
#10 C:\xampp\htdocs\KinguinInternship\myProject\Yee\Middleware\MethodOverride.php(92): Yee\Middleware\Flash->call()
#11 C:\xampp\htdocs\KinguinInternship\myProject\Yee\Middleware\PrettyExceptions.php(67): Yee\Middleware\MethodOverride->call()
#12 C:\xampp\htdocs\KinguinInternship\myProject\Yee\Yee.php(1279): Yee\Middleware\PrettyExceptions->call()
#13 C:\xampp\htdocs\KinguinInternship\myProject\index.php(48): Yee\Yee->execute()
#14 {main}
ERROR - 2016-07-14 09:45:16 - exception 'ErrorException' with message 'mail(): Failed to connect to mailserver at &quot;localhost&quot; port 25, verify your &quot;SMTP&quot; and &quot;smtp_port&quot; setting in php.ini or use ini_set()' in C:\xampp\htdocs\KinguinInternship\myProject\App\Libraries\Mailer\Mailer.php:42
Stack trace:
#0 [internal function]: Yee\Yee::handleErrors(2, 'mail(): Failed ...', 'C:\\xampp\\htdocs...', 42, Array)
#1 C:\xampp\htdocs\KinguinInternship\myProject\App\Libraries\Mailer\Mailer.php(42): mail('sidertopalov@gm...', 'Activate Accoun...', '\n<!DOCTYPE html...', 'MIME-Version: 1...')
#2 C:\xampp\htdocs\KinguinInternship\myProject\App\Controllers\Email\EmailController.php(22): App\Libraries\Mailer\Mailer->sendEmail()
#3 [internal function]: EmailController->testAction()
#4 C:\xampp\htdocs\KinguinInternship\myProject\Yee\Managers\Controller\Controller.php(22): call_user_func_array(Array, Array)
#5 [internal function]: Yee\Managers\Controller\Controller::__callStatic('___testAction', Array)
#6 [internal function]: EmailController::___testAction()
#7 C:\xampp\htdocs\KinguinInternship\myProject\Yee\Route.php(462): call_user_func_array('EmailController...', Array)
#8 C:\xampp\htdocs\KinguinInternship\myProject\Yee\Yee.php(1334): Yee\Route->dispatch()
#9 C:\xampp\htdocs\KinguinInternship\myProject\Yee\Middleware\Flash.php(85): Yee\Yee->call()
#10 C:\xampp\htdocs\KinguinInternship\myProject\Yee\Middleware\MethodOverride.php(92): Yee\Middleware\Flash->call()
#11 C:\xampp\htdocs\KinguinInternship\myProject\Yee\Middleware\PrettyExceptions.php(67): Yee\Middleware\MethodOverride->call()
#12 C:\xampp\htdocs\KinguinInternship\myProject\Yee\Yee.php(1279): Yee\Middleware\PrettyExceptions->call()
#13 C:\xampp\htdocs\KinguinInternship\myProject\index.php(48): Yee\Yee->execute()
#14 {main}
ERROR - 2016-07-14 09:45:27 - exception 'ErrorException' with message 'mail(): Failed to connect to mailserver at &quot;localhost&quot; port 25, verify your &quot;SMTP&quot; and &quot;smtp_port&quot; setting in php.ini or use ini_set()' in C:\xampp\htdocs\KinguinInternship\myProject\App\Libraries\Mailer\Mailer.php:42
Stack trace:
#0 [internal function]: Yee\Yee::handleErrors(2, 'mail(): Failed ...', 'C:\\xampp\\htdocs...', 42, Array)
#1 C:\xampp\htdocs\KinguinInternship\myProject\App\Libraries\Mailer\Mailer.php(42): mail('sidertopalov@gm...', 'Activate Accoun...', '\n<!DOCTYPE html...', 'MIME-Version: 1...')
#2 C:\xampp\htdocs\KinguinInternship\myProject\App\Controllers\Email\EmailController.php(22): App\Libraries\Mailer\Mailer->sendEmail()
#3 [internal function]: EmailController->testAction()
#4 C:\xampp\htdocs\KinguinInternship\myProject\Yee\Managers\Controller\Controller.php(22): call_user_func_array(Array, Array)
#5 [internal function]: Yee\Managers\Controller\Controller::__callStatic('___testAction', Array)
#6 [internal function]: EmailController::___testAction()
#7 C:\xampp\htdocs\KinguinInternship\myProject\Yee\Route.php(462): call_user_func_array('EmailController...', Array)
#8 C:\xampp\htdocs\KinguinInternship\myProject\Yee\Yee.php(1334): Yee\Route->dispatch()
#9 C:\xampp\htdocs\KinguinInternship\myProject\Yee\Middleware\Flash.php(85): Yee\Yee->call()
#10 C:\xampp\htdocs\KinguinInternship\myProject\Yee\Middleware\MethodOverride.php(92): Yee\Middleware\Flash->call()
#11 C:\xampp\htdocs\KinguinInternship\myProject\Yee\Middleware\PrettyExceptions.php(67): Yee\Middleware\MethodOverride->call()
#12 C:\xampp\htdocs\KinguinInternship\myProject\Yee\Yee.php(1279): Yee\Middleware\PrettyExceptions->call()
#13 C:\xampp\htdocs\KinguinInternship\myProject\index.php(48): Yee\Yee->execute()
#14 {main}
ERROR - 2016-07-14 12:15:19 - exception 'ErrorException' with message 'Undefined property: App\Libraries\Mailer\Mailer::$sender' in C:\xampp\htdocs\KinguinInternship\myProject\App\Libraries\Mailer\Mailer.php:39
Stack trace:
#0 C:\xampp\htdocs\KinguinInternship\myProject\App\Libraries\Mailer\Mailer.php(39): Yee\Yee::handleErrors(8, 'Undefined prope...', 'C:\\xampp\\htdocs...', 39, Array)
#1 C:\xampp\htdocs\KinguinInternship\myProject\App\Controllers\Email\EmailController.php(22): App\Libraries\Mailer\Mailer->sendEmail()
#2 [internal function]: EmailController->testAction()
#3 C:\xampp\htdocs\KinguinInternship\myProject\Yee\Managers\Controller\Controller.php(22): call_user_func_array(Array, Array)
#4 [internal function]: Yee\Managers\Controller\Controller::__callStatic('___testAction', Array)
#5 [internal function]: EmailController::___testAction()
#6 C:\xampp\htdocs\KinguinInternship\myProject\Yee\Route.php(462): call_user_func_array('EmailController...', Array)
#7 C:\xampp\htdocs\KinguinInternship\myProject\Yee\Yee.php(1334): Yee\Route->dispatch()
#8 C:\xampp\htdocs\KinguinInternship\myProject\Yee\Middleware\Flash.php(85): Yee\Yee->call()
#9 C:\xampp\htdocs\KinguinInternship\myProject\Yee\Middleware\MethodOverride.php(92): Yee\Middleware\Flash->call()
#10 C:\xampp\htdocs\KinguinInternship\myProject\Yee\Middleware\PrettyExceptions.php(67): Yee\Middleware\MethodOverride->call()
#11 C:\xampp\htdocs\KinguinInternship\myProject\Yee\Yee.php(1279): Yee\Middleware\PrettyExceptions->call()
#12 C:\xampp\htdocs\KinguinInternship\myProject\index.php(48): Yee\Yee->execute()
#13 {main}
ERROR - 2016-07-14 13:02:10 - exception 'ErrorException' with message 'Undefined variable: activationCode' in C:\xampp\htdocs\KinguinInternship\myProject\App\Models\Signup\SignupModel.php:91
Stack trace:
#0 C:\xampp\htdocs\KinguinInternship\myProject\App\Models\Signup\SignupModel.php(91): Yee\Yee::handleErrors(8, 'Undefined varia...', 'C:\\xampp\\htdocs...', 91, Array)
#1 C:\xampp\htdocs\KinguinInternship\myProject\App\Controllers\Signup\SignupController.php(95): App\Models\Signup\SignupModel->register()
#2 [internal function]: SignupController->signUpAction()
#3 C:\xampp\htdocs\KinguinInternship\myProject\Yee\Managers\Controller\Controller.php(22): call_user_func_array(Array, Array)
#4 [internal function]: Yee\Managers\Controller\Controller::__callStatic('___signUpAction', Array)
#5 [internal function]: SignupController::___signUpAction()
#6 C:\xampp\htdocs\KinguinInternship\myProject\Yee\Route.php(462): call_user_func_array('SignupControlle...', Array)
#7 C:\xampp\htdocs\KinguinInternship\myProject\Yee\Yee.php(1334): Yee\Route->dispatch()
#8 C:\xampp\htdocs\KinguinInternship\myProject\Yee\Middleware\Flash.php(85): Yee\Yee->call()
#9 C:\xampp\htdocs\KinguinInternship\myProject\Yee\Middleware\MethodOverride.php(92): Yee\Middleware\Flash->call()
#10 C:\xampp\htdocs\KinguinInternship\myProject\Yee\Middleware\PrettyExceptions.php(67): Yee\Middleware\MethodOverride->call()
#11 C:\xampp\htdocs\KinguinInternship\myProject\Yee\Yee.php(1279): Yee\Middleware\PrettyExceptions->call()
#12 C:\xampp\htdocs\KinguinInternship\myProject\index.php(48): Yee\Yee->execute()
#13 {main}
ERROR - 2016-07-14 13:03:09 - exception 'ErrorException' with message 'Undefined variable: activationCode' in C:\xampp\htdocs\KinguinInternship\myProject\App\Models\Signup\SignupModel.php:92
Stack trace:
#0 C:\xampp\htdocs\KinguinInternship\myProject\App\Models\Signup\SignupModel.php(92): Yee\Yee::handleErrors(8, 'Undefined varia...', 'C:\\xampp\\htdocs...', 92, Array)
#1 C:\xampp\htdocs\KinguinInternship\myProject\App\Controllers\Signup\SignupController.php(95): App\Models\Signup\SignupModel->register()
#2 [internal function]: SignupController->signUpAction()
#3 C:\xampp\htdocs\KinguinInternship\myProject\Yee\Managers\Controller\Controller.php(22): call_user_func_array(Array, Array)
#4 [internal function]: Yee\Managers\Controller\Controller::__callStatic('___signUpAction', Array)
#5 [internal function]: SignupController::___signUpAction()
#6 C:\xampp\htdocs\KinguinInternship\myProject\Yee\Route.php(462): call_user_func_array('SignupControlle...', Array)
#7 C:\xampp\htdocs\KinguinInternship\myProject\Yee\Yee.php(1334): Yee\Route->dispatch()
#8 C:\xampp\htdocs\KinguinInternship\myProject\Yee\Middleware\Flash.php(85): Yee\Yee->call()
#9 C:\xampp\htdocs\KinguinInternship\myProject\Yee\Middleware\MethodOverride.php(92): Yee\Middleware\Flash->call()
#10 C:\xampp\htdocs\KinguinInternship\myProject\Yee\Middleware\PrettyExceptions.php(67): Yee\Middleware\MethodOverride->call()
#11 C:\xampp\htdocs\KinguinInternship\myProject\Yee\Yee.php(1279): Yee\Middleware\PrettyExceptions->call()
#12 C:\xampp\htdocs\KinguinInternship\myProject\index.php(48): Yee\Yee->execute()
#13 {main}
ERROR - 2016-07-14 13:04:19 - exception 'ErrorException' with message 'Undefined variable: activationCode' in C:\xampp\htdocs\KinguinInternship\myProject\App\Models\Signup\SignupModel.php:91
Stack trace:
#0 C:\xampp\htdocs\KinguinInternship\myProject\App\Models\Signup\SignupModel.php(91): Yee\Yee::handleErrors(8, 'Undefined varia...', 'C:\\xampp\\htdocs...', 91, Array)
#1 C:\xampp\htdocs\KinguinInternship\myProject\App\Controllers\Signup\SignupController.php(95): App\Models\Signup\SignupModel->register()
#2 [internal function]: SignupController->signUpAction()
#3 C:\xampp\htdocs\KinguinInternship\myProject\Yee\Managers\Controller\Controller.php(22): call_user_func_array(Array, Array)
#4 [internal function]: Yee\Managers\Controller\Controller::__callStatic('___signUpAction', Array)
#5 [internal function]: SignupController::___signUpAction()
#6 C:\xampp\htdocs\KinguinInternship\myProject\Yee\Route.php(462): call_user_func_array('SignupControlle...', Array)
#7 C:\xampp\htdocs\KinguinInternship\myProject\Yee\Yee.php(1334): Yee\Route->dispatch()
#8 C:\xampp\htdocs\KinguinInternship\myProject\Yee\Middleware\Flash.php(85): Yee\Yee->call()
#9 C:\xampp\htdocs\KinguinInternship\myProject\Yee\Middleware\MethodOverride.php(92): Yee\Middleware\Flash->call()
#10 C:\xampp\htdocs\KinguinInternship\myProject\Yee\Middleware\PrettyExceptions.php(67): Yee\Middleware\MethodOverride->call()
#11 C:\xampp\htdocs\KinguinInternship\myProject\Yee\Yee.php(1279): Yee\Middleware\PrettyExceptions->call()
#12 C:\xampp\htdocs\KinguinInternship\myProject\index.php(48): Yee\Yee->execute()
#13 {main}
ERROR - 2016-07-14 13:05:54 - exception 'ErrorException' with message 'Undefined variable: activationCode' in C:\xampp\htdocs\KinguinInternship\myProject\App\Models\Signup\SignupModel.php:91
Stack trace:
#0 C:\xampp\htdocs\KinguinInternship\myProject\App\Models\Signup\SignupModel.php(91): Yee\Yee::handleErrors(8, 'Undefined varia...', 'C:\\xampp\\htdocs...', 91, Array)
#1 C:\xampp\htdocs\KinguinInternship\myProject\App\Controllers\Signup\SignupController.php(95): App\Models\Signup\SignupModel->register()
#2 [internal function]: SignupController->signUpAction()
#3 C:\xampp\htdocs\KinguinInternship\myProject\Yee\Managers\Controller\Controller.php(22): call_user_func_array(Array, Array)
#4 [internal function]: Yee\Managers\Controller\Controller::__callStatic('___signUpAction', Array)
#5 [internal function]: SignupController::___signUpAction()
#6 C:\xampp\htdocs\KinguinInternship\myProject\Yee\Route.php(462): call_user_func_array('SignupControlle...', Array)
#7 C:\xampp\htdocs\KinguinInternship\myProject\Yee\Yee.php(1334): Yee\Route->dispatch()
#8 C:\xampp\htdocs\KinguinInternship\myProject\Yee\Middleware\Flash.php(85): Yee\Yee->call()
#9 C:\xampp\htdocs\KinguinInternship\myProject\Yee\Middleware\MethodOverride.php(92): Yee\Middleware\Flash->call()
#10 C:\xampp\htdocs\KinguinInternship\myProject\Yee\Middleware\PrettyExceptions.php(67): Yee\Middleware\MethodOverride->call()
#11 C:\xampp\htdocs\KinguinInternship\myProject\Yee\Yee.php(1279): Yee\Middleware\PrettyExceptions->call()
#12 C:\xampp\htdocs\KinguinInternship\myProject\index.php(48): Yee\Yee->execute()
#13 {main}
ERROR - 2016-07-14 13:08:54 - exception 'ErrorException' with message 'Undefined variable: activationCode' in C:\xampp\htdocs\KinguinInternship\myProject\App\Models\Signup\SignupModel.php:91
Stack trace:
#0 C:\xampp\htdocs\KinguinInternship\myProject\App\Models\Signup\SignupModel.php(91): Yee\Yee::handleErrors(8, 'Undefined varia...', 'C:\\xampp\\htdocs...', 91, Array)
#1 C:\xampp\htdocs\KinguinInternship\myProject\App\Controllers\Signup\SignupController.php(95): App\Models\Signup\SignupModel->register()
#2 [internal function]: SignupController->signUpAction()
#3 C:\xampp\htdocs\KinguinInternship\myProject\Yee\Managers\Controller\Controller.php(22): call_user_func_array(Array, Array)
#4 [internal function]: Yee\Managers\Controller\Controller::__callStatic('___signUpAction', Array)
#5 [internal function]: SignupController::___signUpAction()
#6 C:\xampp\htdocs\KinguinInternship\myProject\Yee\Route.php(462): call_user_func_array('SignupControlle...', Array)
#7 C:\xampp\htdocs\KinguinInternship\myProject\Yee\Yee.php(1334): Yee\Route->dispatch()
#8 C:\xampp\htdocs\KinguinInternship\myProject\Yee\Middleware\Flash.php(85): Yee\Yee->call()
#9 C:\xampp\htdocs\KinguinInternship\myProject\Yee\Middleware\MethodOverride.php(92): Yee\Middleware\Flash->call()
#10 C:\xampp\htdocs\KinguinInternship\myProject\Yee\Middleware\PrettyExceptions.php(67): Yee\Middleware\MethodOverride->call()
#11 C:\xampp\htdocs\KinguinInternship\myProject\Yee\Yee.php(1279): Yee\Middleware\PrettyExceptions->call()
#12 C:\xampp\htdocs\KinguinInternship\myProject\index.php(48): Yee\Yee->execute()
#13 {main}
ERROR - 2016-07-14 13:17:17 - exception 'ErrorException' with message 'Undefined variable: activationCode' in C:\xampp\htdocs\KinguinInternship\myProject\App\Models\Signup\SignupModel.php:91
Stack trace:
#0 C:\xampp\htdocs\KinguinInternship\myProject\App\Models\Signup\SignupModel.php(91): Yee\Yee::handleErrors(8, 'Undefined varia...', 'C:\\xampp\\htdocs...', 91, Array)
#1 C:\xampp\htdocs\KinguinInternship\myProject\App\Controllers\Signup\SignupController.php(95): App\Models\Signup\SignupModel->register()
#2 [internal function]: SignupController->signUpAction()
#3 C:\xampp\htdocs\KinguinInternship\myProject\Yee\Managers\Controller\Controller.php(22): call_user_func_array(Array, Array)
#4 [internal function]: Yee\Managers\Controller\Controller::__callStatic('___signUpAction', Array)
#5 [internal function]: SignupController::___signUpAction()
#6 C:\xampp\htdocs\KinguinInternship\myProject\Yee\Route.php(462): call_user_func_array('SignupControlle...', Array)
#7 C:\xampp\htdocs\KinguinInternship\myProject\Yee\Yee.php(1334): Yee\Route->dispatch()
#8 C:\xampp\htdocs\KinguinInternship\myProject\Yee\Middleware\Flash.php(85): Yee\Yee->call()
#9 C:\xampp\htdocs\KinguinInternship\myProject\Yee\Middleware\MethodOverride.php(92): Yee\Middleware\Flash->call()
#10 C:\xampp\htdocs\KinguinInternship\myProject\Yee\Middleware\PrettyExceptions.php(67): Yee\Middleware\MethodOverride->call()
#11 C:\xampp\htdocs\KinguinInternship\myProject\Yee\Yee.php(1279): Yee\Middleware\PrettyExceptions->call()
#12 C:\xampp\htdocs\KinguinInternship\myProject\index.php(48): Yee\Yee->execute()
#13 {main}
