ERROR - 2016-07-15 12:26:57 - exception 'ErrorException' with message 'Undefined property: LoginController::$javascript' in C:\xampp\htdocs\KinguinInternship\myProject\App\Controllers\Login\LoginController.php:25
Stack trace:
#0 C:\xampp\htdocs\KinguinInternship\myProject\App\Controllers\Login\LoginController.php(25): Yee\Yee::handleErrors(8, 'Undefined prope...', 'C:\\xampp\\htdocs...', 25, Array)
#1 [internal function]: LoginController->indexAction()
#2 C:\xampp\htdocs\KinguinInternship\myProject\Yee\Managers\Controller\Controller.php(22): call_user_func_array(Array, Array)
#3 [internal function]: Yee\Managers\Controller\Controller::__callStatic('___indexAction', Array)
#4 [internal function]: LoginController::___indexAction()
#5 C:\xampp\htdocs\KinguinInternship\myProject\Yee\Route.php(462): call_user_func_array('LoginController...', Array)
#6 C:\xampp\htdocs\KinguinInternship\myProject\Yee\Yee.php(1334): Yee\Route->dispatch()
#7 C:\xampp\htdocs\KinguinInternship\myProject\Yee\Middleware\Flash.php(85): Yee\Yee->call()
#8 C:\xampp\htdocs\KinguinInternship\myProject\Yee\Middleware\MethodOverride.php(92): Yee\Middleware\Flash->call()
#9 C:\xampp\htdocs\KinguinInternship\myProject\Yee\Middleware\PrettyExceptions.php(67): Yee\Middleware\MethodOverride->call()
#10 C:\xampp\htdocs\KinguinInternship\myProject\Yee\Yee.php(1279): Yee\Middleware\PrettyExceptions->call()
#11 C:\xampp\htdocs\KinguinInternship\myProject\index.php(48): Yee\Yee->execute()
#12 {main}
ERROR - 2016-07-15 12:27:26 - exception 'ErrorException' with message 'Undefined property: LoginController::$javascript' in C:\xampp\htdocs\KinguinInternship\myProject\App\Controllers\Login\LoginController.php:25
Stack trace:
#0 C:\xampp\htdocs\KinguinInternship\myProject\App\Controllers\Login\LoginController.php(25): Yee\Yee::handleErrors(8, 'Undefined prope...', 'C:\\xampp\\htdocs...', 25, Array)
#1 [internal function]: LoginController->indexAction()
#2 C:\xampp\htdocs\KinguinInternship\myProject\Yee\Managers\Controller\Controller.php(22): call_user_func_array(Array, Array)
#3 [internal function]: Yee\Managers\Controller\Controller::__callStatic('___indexAction', Array)
#4 [internal function]: LoginController::___indexAction()
#5 C:\xampp\htdocs\KinguinInternship\myProject\Yee\Route.php(462): call_user_func_array('LoginController...', Array)
#6 C:\xampp\htdocs\KinguinInternship\myProject\Yee\Yee.php(1334): Yee\Route->dispatch()
#7 C:\xampp\htdocs\KinguinInternship\myProject\Yee\Middleware\Flash.php(85): Yee\Yee->call()
#8 C:\xampp\htdocs\KinguinInternship\myProject\Yee\Middleware\MethodOverride.php(92): Yee\Middleware\Flash->call()
#9 C:\xampp\htdocs\KinguinInternship\myProject\Yee\Middleware\PrettyExceptions.php(67): Yee\Middleware\MethodOverride->call()
#10 C:\xampp\htdocs\KinguinInternship\myProject\Yee\Yee.php(1279): Yee\Middleware\PrettyExceptions->call()
#11 C:\xampp\htdocs\KinguinInternship\myProject\index.php(48): Yee\Yee->execute()
#12 {main}
ERROR - 2016-07-15 12:37:12 - exception 'Twig_Error_Syntax' with message 'The function "is_null" does not exist in "./common/footer.tpl" at line 54' in C:\xampp\htdocs\KinguinInternship\myProject\Twig\ExpressionParser.php:553
Stack trace:
#0 C:\xampp\htdocs\KinguinInternship\myProject\Twig\ExpressionParser.php(336): Twig_ExpressionParser->getFunctionNodeClass('is_null', 54)
#1 C:\xampp\htdocs\KinguinInternship\myProject\Twig\ExpressionParser.php(144): Twig_ExpressionParser->getFunctionNode('is_null', 54)
#2 C:\xampp\htdocs\KinguinInternship\myProject\Twig\ExpressionParser.php(84): Twig_ExpressionParser->parsePrimaryExpression()
#3 C:\xampp\htdocs\KinguinInternship\myProject\Twig\ExpressionParser.php(41): Twig_ExpressionParser->getPrimary()
#4 C:\xampp\htdocs\KinguinInternship\myProject\Twig\TokenParser\If.php(38): Twig_ExpressionParser->parseExpression()
#5 C:\xampp\htdocs\KinguinInternship\myProject\Twig\Parser.php(187): Twig_TokenParser_If->parse(Object(Twig_Token))
#6 C:\xampp\htdocs\KinguinInternship\myProject\Twig\Parser.php(95): Twig_Parser->subparse(NULL, false)
#7 C:\xampp\htdocs\KinguinInternship\myProject\Twig\Environment.php(507): Twig_Parser->parse(Object(Twig_TokenStream))
#8 C:\xampp\htdocs\KinguinInternship\myProject\Twig\Environment.php(559): Twig_Environment->parse(Object(Twig_TokenStream))
#9 C:\xampp\htdocs\KinguinInternship\myProject\Twig\Environment.php(334): Twig_Environment->compileSource('\t\t\t\t\r\n\t\t\t\t</div...', './common/footer...')
#10 C:\xampp\htdocs\KinguinInternship\myProject\cache\templates_c\f0\22\27d5213c618684c21fe32255d1233ef04336fc58de14a9bf26a630fdc112.php(52): Twig_Environment->loadTemplate('./common/footer...')
#11 C:\xampp\htdocs\KinguinInternship\myProject\Twig\Template.php(279): __TwigTemplate_f02227d5213c618684c21fe32255d1233ef04336fc58de14a9bf26a630fdc112->doDisplay(Array, Array)
#12 C:\xampp\htdocs\KinguinInternship\myProject\Twig\Template.php(253): Twig_Template->displayWithErrorHandling(Array, Array)
#13 C:\xampp\htdocs\KinguinInternship\myProject\Twig\Template.php(264): Twig_Template->display(Array)
#14 C:\xampp\htdocs\KinguinInternship\myProject\Yee\Views\Twig.php(91): Twig_Template->render(Array)
#15 C:\xampp\htdocs\KinguinInternship\myProject\Yee\View.php(255): Yee\Views\Twig->render('pages/login.tpl', NULL)
#16 C:\xampp\htdocs\KinguinInternship\myProject\Yee\View.php(243): Yee\View->fetch('pages/login.tpl', NULL)
#17 C:\xampp\htdocs\KinguinInternship\myProject\Yee\Yee.php(765): Yee\View->display('pages/login.tpl')
#18 C:\xampp\htdocs\KinguinInternship\myProject\App\Controllers\Login\LoginController.php(28): Yee\Yee->render('pages/login.tpl', Array)
#19 [internal function]: LoginController->indexAction()
#20 C:\xampp\htdocs\KinguinInternship\myProject\Yee\Managers\Controller\Controller.php(22): call_user_func_array(Array, Array)
#21 [internal function]: Yee\Managers\Controller\Controller::__callStatic('___indexAction', Array)
#22 [internal function]: LoginController::___indexAction()
#23 C:\xampp\htdocs\KinguinInternship\myProject\Yee\Route.php(462): call_user_func_array('LoginController...', Array)
#24 C:\xampp\htdocs\KinguinInternship\myProject\Yee\Yee.php(1334): Yee\Route->dispatch()
#25 C:\xampp\htdocs\KinguinInternship\myProject\Yee\Middleware\Flash.php(85): Yee\Yee->call()
#26 C:\xampp\htdocs\KinguinInternship\myProject\Yee\Middleware\MethodOverride.php(92): Yee\Middleware\Flash->call()
#27 C:\xampp\htdocs\KinguinInternship\myProject\Yee\Middleware\PrettyExceptions.php(67): Yee\Middleware\MethodOverride->call()
#28 C:\xampp\htdocs\KinguinInternship\myProject\Yee\Yee.php(1279): Yee\Middleware\PrettyExceptions->call()
#29 C:\xampp\htdocs\KinguinInternship\myProject\index.php(48): Yee\Yee->execute()
#30 {main}
ERROR - 2016-07-15 12:37:20 - exception 'Twig_Error_Syntax' with message 'Unexpected token "punctuation" of value "(" ("end of statement block" expected) in "./common/footer.tpl" at line 54' in C:\xampp\htdocs\KinguinInternship\myProject\Twig\TokenStream.php:88
Stack trace:
#0 C:\xampp\htdocs\KinguinInternship\myProject\Twig\TokenParser\If.php(40): Twig_TokenStream->expect(3)
#1 C:\xampp\htdocs\KinguinInternship\myProject\Twig\Parser.php(187): Twig_TokenParser_If->parse(Object(Twig_Token))
#2 C:\xampp\htdocs\KinguinInternship\myProject\Twig\Parser.php(95): Twig_Parser->subparse(NULL, false)
#3 C:\xampp\htdocs\KinguinInternship\myProject\Twig\Environment.php(507): Twig_Parser->parse(Object(Twig_TokenStream))
#4 C:\xampp\htdocs\KinguinInternship\myProject\Twig\Environment.php(559): Twig_Environment->parse(Object(Twig_TokenStream))
#5 C:\xampp\htdocs\KinguinInternship\myProject\Twig\Environment.php(334): Twig_Environment->compileSource('\t\t\t\t\r\n\t\t\t\t</div...', './common/footer...')
#6 C:\xampp\htdocs\KinguinInternship\myProject\cache\templates_c\f0\22\27d5213c618684c21fe32255d1233ef04336fc58de14a9bf26a630fdc112.php(52): Twig_Environment->loadTemplate('./common/footer...')
#7 C:\xampp\htdocs\KinguinInternship\myProject\Twig\Template.php(279): __TwigTemplate_f02227d5213c618684c21fe32255d1233ef04336fc58de14a9bf26a630fdc112->doDisplay(Array, Array)
#8 C:\xampp\htdocs\KinguinInternship\myProject\Twig\Template.php(253): Twig_Template->displayWithErrorHandling(Array, Array)
#9 C:\xampp\htdocs\KinguinInternship\myProject\Twig\Template.php(264): Twig_Template->display(Array)
#10 C:\xampp\htdocs\KinguinInternship\myProject\Yee\Views\Twig.php(91): Twig_Template->render(Array)
#11 C:\xampp\htdocs\KinguinInternship\myProject\Yee\View.php(255): Yee\Views\Twig->render('pages/login.tpl', NULL)
#12 C:\xampp\htdocs\KinguinInternship\myProject\Yee\View.php(243): Yee\View->fetch('pages/login.tpl', NULL)
#13 C:\xampp\htdocs\KinguinInternship\myProject\Yee\Yee.php(765): Yee\View->display('pages/login.tpl')
#14 C:\xampp\htdocs\KinguinInternship\myProject\App\Controllers\Login\LoginController.php(28): Yee\Yee->render('pages/login.tpl', Array)
#15 [internal function]: LoginController->indexAction()
#16 C:\xampp\htdocs\KinguinInternship\myProject\Yee\Managers\Controller\Controller.php(22): call_user_func_array(Array, Array)
#17 [internal function]: Yee\Managers\Controller\Controller::__callStatic('___indexAction', Array)
#18 [internal function]: LoginController::___indexAction()
#19 C:\xampp\htdocs\KinguinInternship\myProject\Yee\Route.php(462): call_user_func_array('LoginController...', Array)
#20 C:\xampp\htdocs\KinguinInternship\myProject\Yee\Yee.php(1334): Yee\Route->dispatch()
#21 C:\xampp\htdocs\KinguinInternship\myProject\Yee\Middleware\Flash.php(85): Yee\Yee->call()
#22 C:\xampp\htdocs\KinguinInternship\myProject\Yee\Middleware\MethodOverride.php(92): Yee\Middleware\Flash->call()
#23 C:\xampp\htdocs\KinguinInternship\myProject\Yee\Middleware\PrettyExceptions.php(67): Yee\Middleware\MethodOverride->call()
#24 C:\xampp\htdocs\KinguinInternship\myProject\Yee\Yee.php(1279): Yee\Middleware\PrettyExceptions->call()
#25 C:\xampp\htdocs\KinguinInternship\myProject\index.php(48): Yee\Yee->execute()
#26 {main}
ERROR - 2016-07-15 12:42:33 - exception 'Twig_Error_Syntax' with message 'Unexpected token "punctuation" of value "(" ("end of statement block" expected) in "./common/footer.tpl" at line 54' in C:\xampp\htdocs\KinguinInternship\myProject\Twig\TokenStream.php:88
Stack trace:
#0 C:\xampp\htdocs\KinguinInternship\myProject\Twig\TokenParser\If.php(40): Twig_TokenStream->expect(3)
#1 C:\xampp\htdocs\KinguinInternship\myProject\Twig\Parser.php(187): Twig_TokenParser_If->parse(Object(Twig_Token))
#2 C:\xampp\htdocs\KinguinInternship\myProject\Twig\Parser.php(95): Twig_Parser->subparse(NULL, false)
#3 C:\xampp\htdocs\KinguinInternship\myProject\Twig\Environment.php(507): Twig_Parser->parse(Object(Twig_TokenStream))
#4 C:\xampp\htdocs\KinguinInternship\myProject\Twig\Environment.php(559): Twig_Environment->parse(Object(Twig_TokenStream))
#5 C:\xampp\htdocs\KinguinInternship\myProject\Twig\Environment.php(334): Twig_Environment->compileSource('\t\t\t\t\r\n\t\t\t\t</div...', './common/footer...')
#6 C:\xampp\htdocs\KinguinInternship\myProject\cache\templates_c\f0\22\27d5213c618684c21fe32255d1233ef04336fc58de14a9bf26a630fdc112.php(52): Twig_Environment->loadTemplate('./common/footer...')
#7 C:\xampp\htdocs\KinguinInternship\myProject\Twig\Template.php(279): __TwigTemplate_f02227d5213c618684c21fe32255d1233ef04336fc58de14a9bf26a630fdc112->doDisplay(Array, Array)
#8 C:\xampp\htdocs\KinguinInternship\myProject\Twig\Template.php(253): Twig_Template->displayWithErrorHandling(Array, Array)
#9 C:\xampp\htdocs\KinguinInternship\myProject\Twig\Template.php(264): Twig_Template->display(Array)
#10 C:\xampp\htdocs\KinguinInternship\myProject\Yee\Views\Twig.php(91): Twig_Template->render(Array)
#11 C:\xampp\htdocs\KinguinInternship\myProject\Yee\View.php(255): Yee\Views\Twig->render('pages/login.tpl', NULL)
#12 C:\xampp\htdocs\KinguinInternship\myProject\Yee\View.php(243): Yee\View->fetch('pages/login.tpl', NULL)
#13 C:\xampp\htdocs\KinguinInternship\myProject\Yee\Yee.php(765): Yee\View->display('pages/login.tpl')
#14 C:\xampp\htdocs\KinguinInternship\myProject\App\Controllers\Login\LoginController.php(28): Yee\Yee->render('pages/login.tpl', Array)
#15 [internal function]: LoginController->indexAction()
#16 C:\xampp\htdocs\KinguinInternship\myProject\Yee\Managers\Controller\Controller.php(22): call_user_func_array(Array, Array)
#17 [internal function]: Yee\Managers\Controller\Controller::__callStatic('___indexAction', Array)
#18 [internal function]: LoginController::___indexAction()
#19 C:\xampp\htdocs\KinguinInternship\myProject\Yee\Route.php(462): call_user_func_array('LoginController...', Array)
#20 C:\xampp\htdocs\KinguinInternship\myProject\Yee\Yee.php(1334): Yee\Route->dispatch()
#21 C:\xampp\htdocs\KinguinInternship\myProject\Yee\Middleware\Flash.php(85): Yee\Yee->call()
#22 C:\xampp\htdocs\KinguinInternship\myProject\Yee\Middleware\MethodOverride.php(92): Yee\Middleware\Flash->call()
#23 C:\xampp\htdocs\KinguinInternship\myProject\Yee\Middleware\PrettyExceptions.php(67): Yee\Middleware\MethodOverride->call()
#24 C:\xampp\htdocs\KinguinInternship\myProject\Yee\Yee.php(1279): Yee\Middleware\PrettyExceptions->call()
#25 C:\xampp\htdocs\KinguinInternship\myProject\index.php(48): Yee\Yee->execute()
#26 {main}
ERROR - 2016-07-15 12:42:35 - exception 'Twig_Error_Syntax' with message 'Unexpected token "punctuation" of value "(" ("end of statement block" expected) in "./common/footer.tpl" at line 54' in C:\xampp\htdocs\KinguinInternship\myProject\Twig\TokenStream.php:88
Stack trace:
#0 C:\xampp\htdocs\KinguinInternship\myProject\Twig\TokenParser\If.php(40): Twig_TokenStream->expect(3)
#1 C:\xampp\htdocs\KinguinInternship\myProject\Twig\Parser.php(187): Twig_TokenParser_If->parse(Object(Twig_Token))
#2 C:\xampp\htdocs\KinguinInternship\myProject\Twig\Parser.php(95): Twig_Parser->subparse(NULL, false)
#3 C:\xampp\htdocs\KinguinInternship\myProject\Twig\Environment.php(507): Twig_Parser->parse(Object(Twig_TokenStream))
#4 C:\xampp\htdocs\KinguinInternship\myProject\Twig\Environment.php(559): Twig_Environment->parse(Object(Twig_TokenStream))
#5 C:\xampp\htdocs\KinguinInternship\myProject\Twig\Environment.php(334): Twig_Environment->compileSource('\t\t\t\t\r\n\t\t\t\t</div...', './common/footer...')
#6 C:\xampp\htdocs\KinguinInternship\myProject\cache\templates_c\f0\22\27d5213c618684c21fe32255d1233ef04336fc58de14a9bf26a630fdc112.php(52): Twig_Environment->loadTemplate('./common/footer...')
#7 C:\xampp\htdocs\KinguinInternship\myProject\Twig\Template.php(279): __TwigTemplate_f02227d5213c618684c21fe32255d1233ef04336fc58de14a9bf26a630fdc112->doDisplay(Array, Array)
#8 C:\xampp\htdocs\KinguinInternship\myProject\Twig\Template.php(253): Twig_Template->displayWithErrorHandling(Array, Array)
#9 C:\xampp\htdocs\KinguinInternship\myProject\Twig\Template.php(264): Twig_Template->display(Array)
#10 C:\xampp\htdocs\KinguinInternship\myProject\Yee\Views\Twig.php(91): Twig_Template->render(Array)
#11 C:\xampp\htdocs\KinguinInternship\myProject\Yee\View.php(255): Yee\Views\Twig->render('pages/login.tpl', NULL)
#12 C:\xampp\htdocs\KinguinInternship\myProject\Yee\View.php(243): Yee\View->fetch('pages/login.tpl', NULL)
#13 C:\xampp\htdocs\KinguinInternship\myProject\Yee\Yee.php(765): Yee\View->display('pages/login.tpl')
#14 C:\xampp\htdocs\KinguinInternship\myProject\App\Controllers\Login\LoginController.php(28): Yee\Yee->render('pages/login.tpl', Array)
#15 [internal function]: LoginController->indexAction()
#16 C:\xampp\htdocs\KinguinInternship\myProject\Yee\Managers\Controller\Controller.php(22): call_user_func_array(Array, Array)
#17 [internal function]: Yee\Managers\Controller\Controller::__callStatic('___indexAction', Array)
#18 [internal function]: LoginController::___indexAction()
#19 C:\xampp\htdocs\KinguinInternship\myProject\Yee\Route.php(462): call_user_func_array('LoginController...', Array)
#20 C:\xampp\htdocs\KinguinInternship\myProject\Yee\Yee.php(1334): Yee\Route->dispatch()
#21 C:\xampp\htdocs\KinguinInternship\myProject\Yee\Middleware\Flash.php(85): Yee\Yee->call()
#22 C:\xampp\htdocs\KinguinInternship\myProject\Yee\Middleware\MethodOverride.php(92): Yee\Middleware\Flash->call()
#23 C:\xampp\htdocs\KinguinInternship\myProject\Yee\Middleware\PrettyExceptions.php(67): Yee\Middleware\MethodOverride->call()
#24 C:\xampp\htdocs\KinguinInternship\myProject\Yee\Yee.php(1279): Yee\Middleware\PrettyExceptions->call()
#25 C:\xampp\htdocs\KinguinInternship\myProject\index.php(48): Yee\Yee->execute()
#26 {main}
ERROR - 2016-07-15 12:42:43 - exception 'Twig_Error_Syntax' with message 'Unexpected tag name "else" (expecting closing tag for the "if" tag defined near line 57) in "./common/footer.tpl" at line 60' in C:\xampp\htdocs\KinguinInternship\myProject\Twig\Parser.php:174
Stack trace:
#0 C:\xampp\htdocs\KinguinInternship\myProject\Twig\TokenParser\If.php(50): Twig_Parser->subparse(Array)
#1 C:\xampp\htdocs\KinguinInternship\myProject\Twig\Parser.php(187): Twig_TokenParser_If->parse(Object(Twig_Token))
#2 C:\xampp\htdocs\KinguinInternship\myProject\Twig\Parser.php(95): Twig_Parser->subparse(NULL, false)
#3 C:\xampp\htdocs\KinguinInternship\myProject\Twig\Environment.php(507): Twig_Parser->parse(Object(Twig_TokenStream))
#4 C:\xampp\htdocs\KinguinInternship\myProject\Twig\Environment.php(559): Twig_Environment->parse(Object(Twig_TokenStream))
#5 C:\xampp\htdocs\KinguinInternship\myProject\Twig\Environment.php(334): Twig_Environment->compileSource('\t\t\t\t\r\n\t\t\t\t</div...', './common/footer...')
#6 C:\xampp\htdocs\KinguinInternship\myProject\cache\templates_c\f0\22\27d5213c618684c21fe32255d1233ef04336fc58de14a9bf26a630fdc112.php(52): Twig_Environment->loadTemplate('./common/footer...')
#7 C:\xampp\htdocs\KinguinInternship\myProject\Twig\Template.php(279): __TwigTemplate_f02227d5213c618684c21fe32255d1233ef04336fc58de14a9bf26a630fdc112->doDisplay(Array, Array)
#8 C:\xampp\htdocs\KinguinInternship\myProject\Twig\Template.php(253): Twig_Template->displayWithErrorHandling(Array, Array)
#9 C:\xampp\htdocs\KinguinInternship\myProject\Twig\Template.php(264): Twig_Template->display(Array)
#10 C:\xampp\htdocs\KinguinInternship\myProject\Yee\Views\Twig.php(91): Twig_Template->render(Array)
#11 C:\xampp\htdocs\KinguinInternship\myProject\Yee\View.php(255): Yee\Views\Twig->render('pages/login.tpl', NULL)
#12 C:\xampp\htdocs\KinguinInternship\myProject\Yee\View.php(243): Yee\View->fetch('pages/login.tpl', NULL)
#13 C:\xampp\htdocs\KinguinInternship\myProject\Yee\Yee.php(765): Yee\View->display('pages/login.tpl')
#14 C:\xampp\htdocs\KinguinInternship\myProject\App\Controllers\Login\LoginController.php(28): Yee\Yee->render('pages/login.tpl', Array)
#15 [internal function]: LoginController->indexAction()
#16 C:\xampp\htdocs\KinguinInternship\myProject\Yee\Managers\Controller\Controller.php(22): call_user_func_array(Array, Array)
#17 [internal function]: Yee\Managers\Controller\Controller::__callStatic('___indexAction', Array)
#18 [internal function]: LoginController::___indexAction()
#19 C:\xampp\htdocs\KinguinInternship\myProject\Yee\Route.php(462): call_user_func_array('LoginController...', Array)
#20 C:\xampp\htdocs\KinguinInternship\myProject\Yee\Yee.php(1334): Yee\Route->dispatch()
#21 C:\xampp\htdocs\KinguinInternship\myProject\Yee\Middleware\Flash.php(85): Yee\Yee->call()
#22 C:\xampp\htdocs\KinguinInternship\myProject\Yee\Middleware\MethodOverride.php(92): Yee\Middleware\Flash->call()
#23 C:\xampp\htdocs\KinguinInternship\myProject\Yee\Middleware\PrettyExceptions.php(67): Yee\Middleware\MethodOverride->call()
#24 C:\xampp\htdocs\KinguinInternship\myProject\Yee\Yee.php(1279): Yee\Middleware\PrettyExceptions->call()
#25 C:\xampp\htdocs\KinguinInternship\myProject\index.php(48): Yee\Yee->execute()
#26 {main}
ERROR - 2016-07-15 13:27:03 - exception 'ErrorException' with message 'Undefined property: AjaxController::$isEmailExist' in C:\xampp\htdocs\KinguinInternship\myProject\App\Controllers\Ajax\AjaxController.php:19
Stack trace:
#0 C:\xampp\htdocs\KinguinInternship\myProject\App\Controllers\Ajax\AjaxController.php(19): Yee\Yee::handleErrors(8, 'Undefined prope...', 'C:\\xampp\\htdocs...', 19, Array)
#1 [internal function]: AjaxController->indexAction()
#2 C:\xampp\htdocs\KinguinInternship\myProject\Yee\Managers\Controller\Controller.php(22): call_user_func_array(Array, Array)
#3 [internal function]: Yee\Managers\Controller\Controller::__callStatic('___indexAction', Array)
#4 [internal function]: AjaxController::___indexAction()
#5 C:\xampp\htdocs\KinguinInternship\myProject\Yee\Route.php(462): call_user_func_array('AjaxController:...', Array)
#6 C:\xampp\htdocs\KinguinInternship\myProject\Yee\Yee.php(1334): Yee\Route->dispatch()
#7 C:\xampp\htdocs\KinguinInternship\myProject\Yee\Middleware\Flash.php(85): Yee\Yee->call()
#8 C:\xampp\htdocs\KinguinInternship\myProject\Yee\Middleware\MethodOverride.php(92): Yee\Middleware\Flash->call()
#9 C:\xampp\htdocs\KinguinInternship\myProject\Yee\Middleware\PrettyExceptions.php(67): Yee\Middleware\MethodOverride->call()
#10 C:\xampp\htdocs\KinguinInternship\myProject\Yee\Yee.php(1279): Yee\Middleware\PrettyExceptions->call()
#11 C:\xampp\htdocs\KinguinInternship\myProject\index.php(48): Yee\Yee->execute()
#12 {main}
ERROR - 2016-07-15 13:31:56 - exception 'ErrorException' with message 'Undefined property: App\Models\Ajax\AjaxModel::$email' in C:\xampp\htdocs\KinguinInternship\myProject\App\Models\Ajax\AjaxModel.php:21
Stack trace:
#0 C:\xampp\htdocs\KinguinInternship\myProject\App\Models\Ajax\AjaxModel.php(21): Yee\Yee::handleErrors(8, 'Undefined prope...', 'C:\\xampp\\htdocs...', 21, Array)
#1 C:\xampp\htdocs\KinguinInternship\myProject\App\Controllers\Ajax\AjaxController.php(19): App\Models\Ajax\AjaxModel->isEmailExist()
#2 [internal function]: AjaxController->indexAction()
#3 C:\xampp\htdocs\KinguinInternship\myProject\Yee\Managers\Controller\Controller.php(22): call_user_func_array(Array, Array)
#4 [internal function]: Yee\Managers\Controller\Controller::__callStatic('___indexAction', Array)
#5 [internal function]: AjaxController::___indexAction()
#6 C:\xampp\htdocs\KinguinInternship\myProject\Yee\Route.php(462): call_user_func_array('AjaxController:...', Array)
#7 C:\xampp\htdocs\KinguinInternship\myProject\Yee\Yee.php(1334): Yee\Route->dispatch()
#8 C:\xampp\htdocs\KinguinInternship\myProject\Yee\Middleware\Flash.php(85): Yee\Yee->call()
#9 C:\xampp\htdocs\KinguinInternship\myProject\Yee\Middleware\MethodOverride.php(92): Yee\Middleware\Flash->call()
#10 C:\xampp\htdocs\KinguinInternship\myProject\Yee\Middleware\PrettyExceptions.php(67): Yee\Middleware\MethodOverride->call()
#11 C:\xampp\htdocs\KinguinInternship\myProject\Yee\Yee.php(1279): Yee\Middleware\PrettyExceptions->call()
#12 C:\xampp\htdocs\KinguinInternship\myProject\index.php(48): Yee\Yee->execute()
#13 {main}
ERROR - 2016-07-15 13:32:22 - exception 'ErrorException' with message 'Undefined variable: ap' in C:\xampp\htdocs\KinguinInternship\myProject\App\Models\Ajax\AjaxModel.php:22
Stack trace:
#0 C:\xampp\htdocs\KinguinInternship\myProject\App\Models\Ajax\AjaxModel.php(22): Yee\Yee::handleErrors(8, 'Undefined varia...', 'C:\\xampp\\htdocs...', 22, Array)
#1 C:\xampp\htdocs\KinguinInternship\myProject\App\Controllers\Ajax\AjaxController.php(19): App\Models\Ajax\AjaxModel->isEmailExist()
#2 [internal function]: AjaxController->indexAction()
#3 C:\xampp\htdocs\KinguinInternship\myProject\Yee\Managers\Controller\Controller.php(22): call_user_func_array(Array, Array)
#4 [internal function]: Yee\Managers\Controller\Controller::__callStatic('___indexAction', Array)
#5 [internal function]: AjaxController::___indexAction()
#6 C:\xampp\htdocs\KinguinInternship\myProject\Yee\Route.php(462): call_user_func_array('AjaxController:...', Array)
#7 C:\xampp\htdocs\KinguinInternship\myProject\Yee\Yee.php(1334): Yee\Route->dispatch()
#8 C:\xampp\htdocs\KinguinInternship\myProject\Yee\Middleware\Flash.php(85): Yee\Yee->call()
#9 C:\xampp\htdocs\KinguinInternship\myProject\Yee\Middleware\MethodOverride.php(92): Yee\Middleware\Flash->call()
#10 C:\xampp\htdocs\KinguinInternship\myProject\Yee\Middleware\PrettyExceptions.php(67): Yee\Middleware\MethodOverride->call()
#11 C:\xampp\htdocs\KinguinInternship\myProject\Yee\Yee.php(1279): Yee\Middleware\PrettyExceptions->call()
#12 C:\xampp\htdocs\KinguinInternship\myProject\index.php(48): Yee\Yee->execute()
#13 {main}
ERROR - 2016-07-15 20:05:46 - exception 'ErrorException' with message 'Undefined variable: baseUrl' in C:\xampp\htdocs\KinguinInternship\myProject\App\Controllers\Ajax\AjaxController.php:74
Stack trace:
#0 C:\xampp\htdocs\KinguinInternship\myProject\App\Controllers\Ajax\AjaxController.php(74): Yee\Yee::handleErrors(8, 'Undefined varia...', 'C:\\xampp\\htdocs...', 74, Array)
#1 [internal function]: AjaxController->loginAction()
#2 C:\xampp\htdocs\KinguinInternship\myProject\Yee\Managers\Controller\Controller.php(22): call_user_func_array(Array, Array)
#3 [internal function]: Yee\Managers\Controller\Controller::__callStatic('___loginAction', Array)
#4 [internal function]: AjaxController::___loginAction()
#5 C:\xampp\htdocs\KinguinInternship\myProject\Yee\Route.php(462): call_user_func_array('AjaxController:...', Array)
#6 C:\xampp\htdocs\KinguinInternship\myProject\Yee\Yee.php(1334): Yee\Route->dispatch()
#7 C:\xampp\htdocs\KinguinInternship\myProject\Yee\Middleware\Flash.php(85): Yee\Yee->call()
#8 C:\xampp\htdocs\KinguinInternship\myProject\Yee\Middleware\MethodOverride.php(92): Yee\Middleware\Flash->call()
#9 C:\xampp\htdocs\KinguinInternship\myProject\Yee\Middleware\PrettyExceptions.php(67): Yee\Middleware\MethodOverride->call()
#10 C:\xampp\htdocs\KinguinInternship\myProject\Yee\Yee.php(1279): Yee\Middleware\PrettyExceptions->call()
#11 C:\xampp\htdocs\KinguinInternship\myProject\index.php(48): Yee\Yee->execute()
#12 {main}
