ERROR - 2016-07-29 07:43:14 - exception 'ErrorException' with message 'Undefined variable: categoryDetails' in C:\xampp\htdocs\KinguinInternship\myProject\App\Controllers\Category\CategoryController.php:130
Stack trace:
#0 C:\xampp\htdocs\KinguinInternship\myProject\App\Controllers\Category\CategoryController.php(130): Yee\Yee::handleErrors(8, 'Undefined varia...', 'C:\\xampp\\htdocs...', 130, Array)
#1 [internal function]: CategoryController->listCategory()
#2 C:\xampp\htdocs\KinguinInternship\myProject\Yee\Managers\Controller\Controller.php(22): call_user_func_array(Array, Array)
#3 [internal function]: Yee\Managers\Controller\Controller::__callStatic('___listCategory', Array)
#4 [internal function]: CategoryController::___listCategory()
#5 C:\xampp\htdocs\KinguinInternship\myProject\Yee\Route.php(462): call_user_func_array('CategoryControl...', Array)
#6 C:\xampp\htdocs\KinguinInternship\myProject\Yee\Yee.php(1334): Yee\Route->dispatch()
#7 C:\xampp\htdocs\KinguinInternship\myProject\Yee\Middleware\Flash.php(85): Yee\Yee->call()
#8 C:\xampp\htdocs\KinguinInternship\myProject\Yee\Middleware\MethodOverride.php(92): Yee\Middleware\Flash->call()
#9 C:\xampp\htdocs\KinguinInternship\myProject\Yee\Middleware\PrettyExceptions.php(67): Yee\Middleware\MethodOverride->call()
#10 C:\xampp\htdocs\KinguinInternship\myProject\Yee\Yee.php(1279): Yee\Middleware\PrettyExceptions->call()
#11 C:\xampp\htdocs\KinguinInternship\myProject\index.php(49): Yee\Yee->execute()
#12 {main}
ERROR - 2016-07-29 07:58:49 - exception 'Twig_Error_Syntax' with message 'Unexpected end of template in "./common/header.tpl" at line 112' in C:\xampp\htdocs\KinguinInternship\myProject\Twig\TokenStream.php:60
Stack trace:
#0 C:\xampp\htdocs\KinguinInternship\myProject\Twig\TokenParser\If.php(47): Twig_TokenStream->next()
#1 C:\xampp\htdocs\KinguinInternship\myProject\Twig\Parser.php(187): Twig_TokenParser_If->parse(Object(Twig_Token))
#2 C:\xampp\htdocs\KinguinInternship\myProject\Twig\Parser.php(95): Twig_Parser->subparse(NULL, false)
#3 C:\xampp\htdocs\KinguinInternship\myProject\Twig\Environment.php(507): Twig_Parser->parse(Object(Twig_TokenStream))
#4 C:\xampp\htdocs\KinguinInternship\myProject\Twig\Environment.php(559): Twig_Environment->parse(Object(Twig_TokenStream))
#5 C:\xampp\htdocs\KinguinInternship\myProject\Twig\Environment.php(334): Twig_Environment->compileSource('<!DOCTYPE html>...', './common/header...')
#6 C:\xampp\htdocs\KinguinInternship\myProject\cache\templates_c\a3\7b\f16a43e8732d19421834a664c9c0c326f7d3c7cd6be98ac329c582d2ef57.php(19): Twig_Environment->loadTemplate('./common/header...')
#7 C:\xampp\htdocs\KinguinInternship\myProject\Twig\Template.php(279): __TwigTemplate_a37bf16a43e8732d19421834a664c9c0c326f7d3c7cd6be98ac329c582d2ef57->doDisplay(Array, Array)
#8 C:\xampp\htdocs\KinguinInternship\myProject\Twig\Template.php(253): Twig_Template->displayWithErrorHandling(Array, Array)
#9 C:\xampp\htdocs\KinguinInternship\myProject\Twig\Template.php(264): Twig_Template->display(Array)
#10 C:\xampp\htdocs\KinguinInternship\myProject\Yee\Views\Twig.php(91): Twig_Template->render(Array)
#11 C:\xampp\htdocs\KinguinInternship\myProject\Yee\View.php(255): Yee\Views\Twig->render('/pages/category...', NULL)
#12 C:\xampp\htdocs\KinguinInternship\myProject\Yee\View.php(243): Yee\View->fetch('/pages/category...', NULL)
#13 C:\xampp\htdocs\KinguinInternship\myProject\Yee\Yee.php(765): Yee\View->display('/pages/category...')
#14 C:\xampp\htdocs\KinguinInternship\myProject\App\Controllers\Category\CategoryController.php(133): Yee\Yee->render('/pages/category...', Array)
#15 [internal function]: CategoryController->listCategory()
#16 C:\xampp\htdocs\KinguinInternship\myProject\Yee\Managers\Controller\Controller.php(22): call_user_func_array(Array, Array)
#17 [internal function]: Yee\Managers\Controller\Controller::__callStatic('___listCategory', Array)
#18 [internal function]: CategoryController::___listCategory()
#19 C:\xampp\htdocs\KinguinInternship\myProject\Yee\Route.php(462): call_user_func_array('CategoryControl...', Array)
#20 C:\xampp\htdocs\KinguinInternship\myProject\Yee\Yee.php(1334): Yee\Route->dispatch()
#21 C:\xampp\htdocs\KinguinInternship\myProject\Yee\Middleware\Flash.php(85): Yee\Yee->call()
#22 C:\xampp\htdocs\KinguinInternship\myProject\Yee\Middleware\MethodOverride.php(92): Yee\Middleware\Flash->call()
#23 C:\xampp\htdocs\KinguinInternship\myProject\Yee\Middleware\PrettyExceptions.php(67): Yee\Middleware\MethodOverride->call()
#24 C:\xampp\htdocs\KinguinInternship\myProject\Yee\Yee.php(1279): Yee\Middleware\PrettyExceptions->call()
#25 C:\xampp\htdocs\KinguinInternship\myProject\index.php(49): Yee\Yee->execute()
#26 {main}
ERROR - 2016-07-29 08:48:44 - exception 'ErrorException' with message 'Undefined index: category_id' in C:\xampp\htdocs\KinguinInternship\myProject\App\Controllers\Article\ArticleController.php:66
Stack trace:
#0 C:\xampp\htdocs\KinguinInternship\myProject\App\Controllers\Article\ArticleController.php(66): Yee\Yee::handleErrors(8, 'Undefined index...', 'C:\\xampp\\htdocs...', 66, Array)
#1 [internal function]: ArticleController->listArticles()
#2 C:\xampp\htdocs\KinguinInternship\myProject\Yee\Managers\Controller\Controller.php(22): call_user_func_array(Array, Array)
#3 [internal function]: Yee\Managers\Controller\Controller::__callStatic('___listArticles', Array)
#4 [internal function]: ArticleController::___listArticles()
#5 C:\xampp\htdocs\KinguinInternship\myProject\Yee\Route.php(462): call_user_func_array('ArticleControll...', Array)
#6 C:\xampp\htdocs\KinguinInternship\myProject\Yee\Yee.php(1334): Yee\Route->dispatch()
#7 C:\xampp\htdocs\KinguinInternship\myProject\Yee\Middleware\Flash.php(85): Yee\Yee->call()
#8 C:\xampp\htdocs\KinguinInternship\myProject\Yee\Middleware\MethodOverride.php(92): Yee\Middleware\Flash->call()
#9 C:\xampp\htdocs\KinguinInternship\myProject\Yee\Middleware\PrettyExceptions.php(67): Yee\Middleware\MethodOverride->call()
#10 C:\xampp\htdocs\KinguinInternship\myProject\Yee\Yee.php(1279): Yee\Middleware\PrettyExceptions->call()
#11 C:\xampp\htdocs\KinguinInternship\myProject\index.php(49): Yee\Yee->execute()
#12 {main}
ERROR - 2016-07-29 08:49:57 - exception 'ErrorException' with message 'Undefined index: category_id' in C:\xampp\htdocs\KinguinInternship\myProject\App\Controllers\Article\ArticleController.php:66
Stack trace:
#0 C:\xampp\htdocs\KinguinInternship\myProject\App\Controllers\Article\ArticleController.php(66): Yee\Yee::handleErrors(8, 'Undefined index...', 'C:\\xampp\\htdocs...', 66, Array)
#1 [internal function]: ArticleController->listArticles()
#2 C:\xampp\htdocs\KinguinInternship\myProject\Yee\Managers\Controller\Controller.php(22): call_user_func_array(Array, Array)
#3 [internal function]: Yee\Managers\Controller\Controller::__callStatic('___listArticles', Array)
#4 [internal function]: ArticleController::___listArticles()
#5 C:\xampp\htdocs\KinguinInternship\myProject\Yee\Route.php(462): call_user_func_array('ArticleControll...', Array)
#6 C:\xampp\htdocs\KinguinInternship\myProject\Yee\Yee.php(1334): Yee\Route->dispatch()
#7 C:\xampp\htdocs\KinguinInternship\myProject\Yee\Middleware\Flash.php(85): Yee\Yee->call()
#8 C:\xampp\htdocs\KinguinInternship\myProject\Yee\Middleware\MethodOverride.php(92): Yee\Middleware\Flash->call()
#9 C:\xampp\htdocs\KinguinInternship\myProject\Yee\Middleware\PrettyExceptions.php(67): Yee\Middleware\MethodOverride->call()
#10 C:\xampp\htdocs\KinguinInternship\myProject\Yee\Yee.php(1279): Yee\Middleware\PrettyExceptions->call()
#11 C:\xampp\htdocs\KinguinInternship\myProject\index.php(49): Yee\Yee->execute()
#12 {main}
ERROR - 2016-07-29 08:50:00 - exception 'ErrorException' with message 'Undefined index: category_id' in C:\xampp\htdocs\KinguinInternship\myProject\App\Controllers\Article\ArticleController.php:66
Stack trace:
#0 C:\xampp\htdocs\KinguinInternship\myProject\App\Controllers\Article\ArticleController.php(66): Yee\Yee::handleErrors(8, 'Undefined index...', 'C:\\xampp\\htdocs...', 66, Array)
#1 [internal function]: ArticleController->listArticles()
#2 C:\xampp\htdocs\KinguinInternship\myProject\Yee\Managers\Controller\Controller.php(22): call_user_func_array(Array, Array)
#3 [internal function]: Yee\Managers\Controller\Controller::__callStatic('___listArticles', Array)
#4 [internal function]: ArticleController::___listArticles()
#5 C:\xampp\htdocs\KinguinInternship\myProject\Yee\Route.php(462): call_user_func_array('ArticleControll...', Array)
#6 C:\xampp\htdocs\KinguinInternship\myProject\Yee\Yee.php(1334): Yee\Route->dispatch()
#7 C:\xampp\htdocs\KinguinInternship\myProject\Yee\Middleware\Flash.php(85): Yee\Yee->call()
#8 C:\xampp\htdocs\KinguinInternship\myProject\Yee\Middleware\MethodOverride.php(92): Yee\Middleware\Flash->call()
#9 C:\xampp\htdocs\KinguinInternship\myProject\Yee\Middleware\PrettyExceptions.php(67): Yee\Middleware\MethodOverride->call()
#10 C:\xampp\htdocs\KinguinInternship\myProject\Yee\Yee.php(1279): Yee\Middleware\PrettyExceptions->call()
#11 C:\xampp\htdocs\KinguinInternship\myProject\index.php(49): Yee\Yee->execute()
#12 {main}
ERROR - 2016-07-29 10:02:48 - exception 'Twig_Error_Loader' with message 'Unable to find template "/pages/categoryelect.tpl" (looked into: ./templates).' in C:\xampp\htdocs\KinguinInternship\myProject\Twig\Loader\Filesystem.php:191
Stack trace:
#0 C:\xampp\htdocs\KinguinInternship\myProject\Twig\Loader\Filesystem.php(138): Twig_Loader_Filesystem->findTemplate('/pages/category...')
#1 C:\xampp\htdocs\KinguinInternship\myProject\Twig\Environment.php(265): Twig_Loader_Filesystem->getCacheKey('/pages/category...')
#2 C:\xampp\htdocs\KinguinInternship\myProject\Twig\Environment.php(323): Twig_Environment->getTemplateClass('/pages/category...', NULL)
#3 C:\xampp\htdocs\KinguinInternship\myProject\Yee\Views\Twig.php(87): Twig_Environment->loadTemplate('/pages/category...')
#4 C:\xampp\htdocs\KinguinInternship\myProject\Yee\View.php(255): Yee\Views\Twig->render('/pages/category...', NULL)
#5 C:\xampp\htdocs\KinguinInternship\myProject\Yee\View.php(243): Yee\View->fetch('/pages/category...', NULL)
#6 C:\xampp\htdocs\KinguinInternship\myProject\Yee\Yee.php(765): Yee\View->display('/pages/category...')
#7 C:\xampp\htdocs\KinguinInternship\myProject\App\Controllers\CategoryUsers\CategoryUsersController.php(31): Yee\Yee->render('/pages/category...', Array)
#8 [internal function]: CategoryUsersController->indexAction()
#9 C:\xampp\htdocs\KinguinInternship\myProject\Yee\Managers\Controller\Controller.php(22): call_user_func_array(Array, Array)
#10 [internal function]: Yee\Managers\Controller\Controller::__callStatic('___indexAction', Array)
#11 [internal function]: CategoryUsersController::___indexAction()
#12 C:\xampp\htdocs\KinguinInternship\myProject\Yee\Route.php(462): call_user_func_array('CategoryUsersCo...', Array)
#13 C:\xampp\htdocs\KinguinInternship\myProject\Yee\Yee.php(1334): Yee\Route->dispatch()
#14 C:\xampp\htdocs\KinguinInternship\myProject\Yee\Middleware\Flash.php(85): Yee\Yee->call()
#15 C:\xampp\htdocs\KinguinInternship\myProject\Yee\Middleware\MethodOverride.php(92): Yee\Middleware\Flash->call()
#16 C:\xampp\htdocs\KinguinInternship\myProject\Yee\Middleware\PrettyExceptions.php(67): Yee\Middleware\MethodOverride->call()
#17 C:\xampp\htdocs\KinguinInternship\myProject\Yee\Yee.php(1279): Yee\Middleware\PrettyExceptions->call()
#18 C:\xampp\htdocs\KinguinInternship\myProject\index.php(49): Yee\Yee->execute()
#19 {main}
