ERROR - 2016-07-28 08:57:52 - exception 'Twig_Error_Syntax' with message 'The filter "row" does not exist. Did you mean "raw" in "pages/articleList.tpl" at line 61' in C:\xampp\htdocs\KinguinInternship\myProject\Twig\ExpressionParser.php:573
Stack trace:
#0 C:\xampp\htdocs\KinguinInternship\myProject\Twig\ExpressionParser.php(437): Twig_ExpressionParser->getFilterNodeClass('row', 61)
#1 C:\xampp\htdocs\KinguinInternship\myProject\Twig\ExpressionParser.php(422): Twig_ExpressionParser->parseFilterExpressionRaw(Object(Twig_Node_Expression_GetAttr))
#2 C:\xampp\htdocs\KinguinInternship\myProject\Twig\ExpressionParser.php(287): Twig_ExpressionParser->parseFilterExpression(Object(Twig_Node_Expression_GetAttr))
#3 C:\xampp\htdocs\KinguinInternship\myProject\Twig\ExpressionParser.php(179): Twig_ExpressionParser->parsePostfixExpression(Object(Twig_Node_Expression_Name))
#4 C:\xampp\htdocs\KinguinInternship\myProject\Twig\ExpressionParser.php(84): Twig_ExpressionParser->parsePrimaryExpression()
#5 C:\xampp\htdocs\KinguinInternship\myProject\Twig\ExpressionParser.php(41): Twig_ExpressionParser->getPrimary()
#6 C:\xampp\htdocs\KinguinInternship\myProject\Twig\Parser.php(141): Twig_ExpressionParser->parseExpression()
#7 C:\xampp\htdocs\KinguinInternship\myProject\Twig\TokenParser\For.php(47): Twig_Parser->subparse(Array)
#8 C:\xampp\htdocs\KinguinInternship\myProject\Twig\Parser.php(187): Twig_TokenParser_For->parse(Object(Twig_Token))
#9 C:\xampp\htdocs\KinguinInternship\myProject\Twig\Parser.php(95): Twig_Parser->subparse(NULL, false)
#10 C:\xampp\htdocs\KinguinInternship\myProject\Twig\Environment.php(507): Twig_Parser->parse(Object(Twig_TokenStream))
#11 C:\xampp\htdocs\KinguinInternship\myProject\Twig\Environment.php(559): Twig_Environment->parse(Object(Twig_TokenStream))
#12 C:\xampp\htdocs\KinguinInternship\myProject\Twig\Environment.php(334): Twig_Environment->compileSource('{% include "./c...', 'pages/articleLi...')
#13 C:\xampp\htdocs\KinguinInternship\myProject\Yee\Views\Twig.php(87): Twig_Environment->loadTemplate('pages/articleLi...')
#14 C:\xampp\htdocs\KinguinInternship\myProject\Yee\View.php(255): Yee\Views\Twig->render('pages/articleLi...', NULL)
#15 C:\xampp\htdocs\KinguinInternship\myProject\Yee\View.php(243): Yee\View->fetch('pages/articleLi...', NULL)
#16 C:\xampp\htdocs\KinguinInternship\myProject\Yee\Yee.php(765): Yee\View->display('pages/articleLi...')
#17 C:\xampp\htdocs\KinguinInternship\myProject\App\Controllers\Article\ArticleController.php(62): Yee\Yee->render('pages/articleLi...', Array)
#18 [internal function]: ArticleController->listArticles()
#19 C:\xampp\htdocs\KinguinInternship\myProject\Yee\Managers\Controller\Controller.php(22): call_user_func_array(Array, Array)
#20 [internal function]: Yee\Managers\Controller\Controller::__callStatic('___listArticles', Array)
#21 [internal function]: ArticleController::___listArticles()
#22 C:\xampp\htdocs\KinguinInternship\myProject\Yee\Route.php(462): call_user_func_array('ArticleControll...', Array)
#23 C:\xampp\htdocs\KinguinInternship\myProject\Yee\Yee.php(1334): Yee\Route->dispatch()
#24 C:\xampp\htdocs\KinguinInternship\myProject\Yee\Middleware\Flash.php(85): Yee\Yee->call()
#25 C:\xampp\htdocs\KinguinInternship\myProject\Yee\Middleware\MethodOverride.php(92): Yee\Middleware\Flash->call()
#26 C:\xampp\htdocs\KinguinInternship\myProject\Yee\Middleware\PrettyExceptions.php(67): Yee\Middleware\MethodOverride->call()
#27 C:\xampp\htdocs\KinguinInternship\myProject\Yee\Yee.php(1279): Yee\Middleware\PrettyExceptions->call()
#28 C:\xampp\htdocs\KinguinInternship\myProject\index.php(49): Yee\Yee->execute()
#29 {main}
ERROR - 2016-07-28 09:52:20 - exception 'ErrorException' with message 'Undefined variable: _AJAX' in C:\xampp\htdocs\KinguinInternship\myProject\App\Controllers\Ajax\AjaxController.php:214
Stack trace:
#0 C:\xampp\htdocs\KinguinInternship\myProject\App\Controllers\Ajax\AjaxController.php(214): Yee\Yee::handleErrors(8, 'Undefined varia...', 'C:\\xampp\\htdocs...', 214, Array)
#1 [internal function]: AjaxController->postAddArticleAction()
#2 C:\xampp\htdocs\KinguinInternship\myProject\Yee\Managers\Controller\Controller.php(22): call_user_func_array(Array, Array)
#3 [internal function]: Yee\Managers\Controller\Controller::__callStatic('___postAddArtic...', Array)
#4 [internal function]: AjaxController::___postAddArticleAction()
#5 C:\xampp\htdocs\KinguinInternship\myProject\Yee\Route.php(462): call_user_func_array('AjaxController:...', Array)
#6 C:\xampp\htdocs\KinguinInternship\myProject\Yee\Yee.php(1334): Yee\Route->dispatch()
#7 C:\xampp\htdocs\KinguinInternship\myProject\Yee\Middleware\Flash.php(85): Yee\Yee->call()
#8 C:\xampp\htdocs\KinguinInternship\myProject\Yee\Middleware\MethodOverride.php(92): Yee\Middleware\Flash->call()
#9 C:\xampp\htdocs\KinguinInternship\myProject\Yee\Middleware\PrettyExceptions.php(67): Yee\Middleware\MethodOverride->call()
#10 C:\xampp\htdocs\KinguinInternship\myProject\Yee\Yee.php(1279): Yee\Middleware\PrettyExceptions->call()
#11 C:\xampp\htdocs\KinguinInternship\myProject\index.php(49): Yee\Yee->execute()
#12 {main}
ERROR - 2016-07-28 12:05:45 - exception 'Twig_Error_Syntax' with message 'Unexpected token "name" of value "category" ("end of print statement" expected) in "pages/articleAdd.tpl" at line 44' in C:\xampp\htdocs\KinguinInternship\myProject\Twig\TokenStream.php:88
Stack trace:
#0 C:\xampp\htdocs\KinguinInternship\myProject\Twig\Parser.php(142): Twig_TokenStream->expect(4)
#1 C:\xampp\htdocs\KinguinInternship\myProject\Twig\Parser.php(95): Twig_Parser->subparse(NULL, false)
#2 C:\xampp\htdocs\KinguinInternship\myProject\Twig\Environment.php(507): Twig_Parser->parse(Object(Twig_TokenStream))
#3 C:\xampp\htdocs\KinguinInternship\myProject\Twig\Environment.php(559): Twig_Environment->parse(Object(Twig_TokenStream))
#4 C:\xampp\htdocs\KinguinInternship\myProject\Twig\Environment.php(334): Twig_Environment->compileSource('{% include "./c...', 'pages/articleAd...')
#5 C:\xampp\htdocs\KinguinInternship\myProject\Yee\Views\Twig.php(87): Twig_Environment->loadTemplate('pages/articleAd...')
#6 C:\xampp\htdocs\KinguinInternship\myProject\Yee\View.php(255): Yee\Views\Twig->render('pages/articleAd...', NULL)
#7 C:\xampp\htdocs\KinguinInternship\myProject\Yee\View.php(243): Yee\View->fetch('pages/articleAd...', NULL)
#8 C:\xampp\htdocs\KinguinInternship\myProject\Yee\Yee.php(765): Yee\View->display('pages/articleAd...')
#9 C:\xampp\htdocs\KinguinInternship\myProject\App\Controllers\Article\ArticleController.php(37): Yee\Yee->render('pages/articleAd...', Array)
#10 [internal function]: ArticleController->indexAction()
#11 C:\xampp\htdocs\KinguinInternship\myProject\Yee\Managers\Controller\Controller.php(22): call_user_func_array(Array, Array)
#12 [internal function]: Yee\Managers\Controller\Controller::__callStatic('___indexAction', Array)
#13 [internal function]: ArticleController::___indexAction()
#14 C:\xampp\htdocs\KinguinInternship\myProject\Yee\Route.php(462): call_user_func_array('ArticleControll...', Array)
#15 C:\xampp\htdocs\KinguinInternship\myProject\Yee\Yee.php(1334): Yee\Route->dispatch()
#16 C:\xampp\htdocs\KinguinInternship\myProject\Yee\Middleware\Flash.php(85): Yee\Yee->call()
#17 C:\xampp\htdocs\KinguinInternship\myProject\Yee\Middleware\MethodOverride.php(92): Yee\Middleware\Flash->call()
#18 C:\xampp\htdocs\KinguinInternship\myProject\Yee\Middleware\PrettyExceptions.php(67): Yee\Middleware\MethodOverride->call()
#19 C:\xampp\htdocs\KinguinInternship\myProject\Yee\Yee.php(1279): Yee\Middleware\PrettyExceptions->call()
#20 C:\xampp\htdocs\KinguinInternship\myProject\index.php(49): Yee\Yee->execute()
#21 {main}
ERROR - 2016-07-28 12:07:22 - exception 'Twig_Error_Syntax' with message 'Unexpected token "name" of value "category" ("end of print statement" expected) in "pages/articleAdd.tpl" at line 44' in C:\xampp\htdocs\KinguinInternship\myProject\Twig\TokenStream.php:88
Stack trace:
#0 C:\xampp\htdocs\KinguinInternship\myProject\Twig\Parser.php(142): Twig_TokenStream->expect(4)
#1 C:\xampp\htdocs\KinguinInternship\myProject\Twig\Parser.php(95): Twig_Parser->subparse(NULL, false)
#2 C:\xampp\htdocs\KinguinInternship\myProject\Twig\Environment.php(507): Twig_Parser->parse(Object(Twig_TokenStream))
#3 C:\xampp\htdocs\KinguinInternship\myProject\Twig\Environment.php(559): Twig_Environment->parse(Object(Twig_TokenStream))
#4 C:\xampp\htdocs\KinguinInternship\myProject\Twig\Environment.php(334): Twig_Environment->compileSource('{% include "./c...', 'pages/articleAd...')
#5 C:\xampp\htdocs\KinguinInternship\myProject\Yee\Views\Twig.php(87): Twig_Environment->loadTemplate('pages/articleAd...')
#6 C:\xampp\htdocs\KinguinInternship\myProject\Yee\View.php(255): Yee\Views\Twig->render('pages/articleAd...', NULL)
#7 C:\xampp\htdocs\KinguinInternship\myProject\Yee\View.php(243): Yee\View->fetch('pages/articleAd...', NULL)
#8 C:\xampp\htdocs\KinguinInternship\myProject\Yee\Yee.php(765): Yee\View->display('pages/articleAd...')
#9 C:\xampp\htdocs\KinguinInternship\myProject\App\Controllers\Article\ArticleController.php(37): Yee\Yee->render('pages/articleAd...', Array)
#10 [internal function]: ArticleController->indexAction()
#11 C:\xampp\htdocs\KinguinInternship\myProject\Yee\Managers\Controller\Controller.php(22): call_user_func_array(Array, Array)
#12 [internal function]: Yee\Managers\Controller\Controller::__callStatic('___indexAction', Array)
#13 [internal function]: ArticleController::___indexAction()
#14 C:\xampp\htdocs\KinguinInternship\myProject\Yee\Route.php(462): call_user_func_array('ArticleControll...', Array)
#15 C:\xampp\htdocs\KinguinInternship\myProject\Yee\Yee.php(1334): Yee\Route->dispatch()
#16 C:\xampp\htdocs\KinguinInternship\myProject\Yee\Middleware\Flash.php(85): Yee\Yee->call()
#17 C:\xampp\htdocs\KinguinInternship\myProject\Yee\Middleware\MethodOverride.php(92): Yee\Middleware\Flash->call()
#18 C:\xampp\htdocs\KinguinInternship\myProject\Yee\Middleware\PrettyExceptions.php(67): Yee\Middleware\MethodOverride->call()
#19 C:\xampp\htdocs\KinguinInternship\myProject\Yee\Yee.php(1279): Yee\Middleware\PrettyExceptions->call()
#20 C:\xampp\htdocs\KinguinInternship\myProject\index.php(49): Yee\Yee->execute()
#21 {main}
ERROR - 2016-07-28 12:16:26 - exception 'ErrorException' with message 'Missing argument 1 for CategorynController::activationAction()' in C:\xampp\htdocs\KinguinInternship\myProject\App\Controllers\Category\CategoryController.php:14
Stack trace:
#0 C:\xampp\htdocs\KinguinInternship\myProject\App\Controllers\Category\CategoryController.php(14): Yee\Yee::handleErrors(2, 'Missing argumen...', 'C:\\xampp\\htdocs...', 14, Array)
#1 [internal function]: CategorynController->activationAction()
#2 C:\xampp\htdocs\KinguinInternship\myProject\Yee\Managers\Controller\Controller.php(22): call_user_func_array(Array, Array)
#3 [internal function]: Yee\Managers\Controller\Controller::__callStatic('___activationAc...', Array)
#4 [internal function]: CategorynController::___activationAction()
#5 C:\xampp\htdocs\KinguinInternship\myProject\Yee\Route.php(462): call_user_func_array('CategorynContro...', Array)
#6 C:\xampp\htdocs\KinguinInternship\myProject\Yee\Yee.php(1334): Yee\Route->dispatch()
#7 C:\xampp\htdocs\KinguinInternship\myProject\Yee\Middleware\Flash.php(85): Yee\Yee->call()
#8 C:\xampp\htdocs\KinguinInternship\myProject\Yee\Middleware\MethodOverride.php(92): Yee\Middleware\Flash->call()
#9 C:\xampp\htdocs\KinguinInternship\myProject\Yee\Middleware\PrettyExceptions.php(67): Yee\Middleware\MethodOverride->call()
#10 C:\xampp\htdocs\KinguinInternship\myProject\Yee\Yee.php(1279): Yee\Middleware\PrettyExceptions->call()
#11 C:\xampp\htdocs\KinguinInternship\myProject\index.php(49): Yee\Yee->execute()
#12 {main}
ERROR - 2016-07-28 12:16:36 - exception 'ErrorException' with message 'Missing argument 1 for CategoryController::activationAction()' in C:\xampp\htdocs\KinguinInternship\myProject\App\Controllers\Category\CategoryController.php:14
Stack trace:
#0 C:\xampp\htdocs\KinguinInternship\myProject\App\Controllers\Category\CategoryController.php(14): Yee\Yee::handleErrors(2, 'Missing argumen...', 'C:\\xampp\\htdocs...', 14, Array)
#1 [internal function]: CategoryController->activationAction()
#2 C:\xampp\htdocs\KinguinInternship\myProject\Yee\Managers\Controller\Controller.php(22): call_user_func_array(Array, Array)
#3 [internal function]: Yee\Managers\Controller\Controller::__callStatic('___activationAc...', Array)
#4 [internal function]: CategoryController::___activationAction()
#5 C:\xampp\htdocs\KinguinInternship\myProject\Yee\Route.php(462): call_user_func_array('CategoryControl...', Array)
#6 C:\xampp\htdocs\KinguinInternship\myProject\Yee\Yee.php(1334): Yee\Route->dispatch()
#7 C:\xampp\htdocs\KinguinInternship\myProject\Yee\Middleware\Flash.php(85): Yee\Yee->call()
#8 C:\xampp\htdocs\KinguinInternship\myProject\Yee\Middleware\MethodOverride.php(92): Yee\Middleware\Flash->call()
#9 C:\xampp\htdocs\KinguinInternship\myProject\Yee\Middleware\PrettyExceptions.php(67): Yee\Middleware\MethodOverride->call()
#10 C:\xampp\htdocs\KinguinInternship\myProject\Yee\Yee.php(1279): Yee\Middleware\PrettyExceptions->call()
#11 C:\xampp\htdocs\KinguinInternship\myProject\index.php(49): Yee\Yee->execute()
#12 {main}
ERROR - 2016-07-28 12:16:52 - exception 'ErrorException' with message 'Undefined variable: ap' in C:\xampp\htdocs\KinguinInternship\myProject\App\Controllers\Category\CategoryController.php:25
Stack trace:
#0 C:\xampp\htdocs\KinguinInternship\myProject\App\Controllers\Category\CategoryController.php(25): Yee\Yee::handleErrors(8, 'Undefined varia...', 'C:\\xampp\\htdocs...', 25, Array)
#1 [internal function]: CategoryController->indexAction()
#2 C:\xampp\htdocs\KinguinInternship\myProject\Yee\Managers\Controller\Controller.php(22): call_user_func_array(Array, Array)
#3 [internal function]: Yee\Managers\Controller\Controller::__callStatic('___indexAction', Array)
#4 [internal function]: CategoryController::___indexAction()
#5 C:\xampp\htdocs\KinguinInternship\myProject\Yee\Route.php(462): call_user_func_array('CategoryControl...', Array)
#6 C:\xampp\htdocs\KinguinInternship\myProject\Yee\Yee.php(1334): Yee\Route->dispatch()
#7 C:\xampp\htdocs\KinguinInternship\myProject\Yee\Middleware\Flash.php(85): Yee\Yee->call()
#8 C:\xampp\htdocs\KinguinInternship\myProject\Yee\Middleware\MethodOverride.php(92): Yee\Middleware\Flash->call()
#9 C:\xampp\htdocs\KinguinInternship\myProject\Yee\Middleware\PrettyExceptions.php(67): Yee\Middleware\MethodOverride->call()
#10 C:\xampp\htdocs\KinguinInternship\myProject\Yee\Yee.php(1279): Yee\Middleware\PrettyExceptions->call()
#11 C:\xampp\htdocs\KinguinInternship\myProject\index.php(49): Yee\Yee->execute()
#12 {main}
ERROR - 2016-07-28 12:17:05 - exception 'Twig_Error_Loader' with message 'Unable to find template "/pages/categoryAdd" (looked into: ./templates).' in C:\xampp\htdocs\KinguinInternship\myProject\Twig\Loader\Filesystem.php:191
Stack trace:
#0 C:\xampp\htdocs\KinguinInternship\myProject\Twig\Loader\Filesystem.php(138): Twig_Loader_Filesystem->findTemplate('/pages/category...')
#1 C:\xampp\htdocs\KinguinInternship\myProject\Twig\Environment.php(265): Twig_Loader_Filesystem->getCacheKey('/pages/category...')
#2 C:\xampp\htdocs\KinguinInternship\myProject\Twig\Environment.php(323): Twig_Environment->getTemplateClass('/pages/category...', NULL)
#3 C:\xampp\htdocs\KinguinInternship\myProject\Yee\Views\Twig.php(87): Twig_Environment->loadTemplate('/pages/category...')
#4 C:\xampp\htdocs\KinguinInternship\myProject\Yee\View.php(255): Yee\Views\Twig->render('/pages/category...', NULL)
#5 C:\xampp\htdocs\KinguinInternship\myProject\Yee\View.php(243): Yee\View->fetch('/pages/category...', NULL)
#6 C:\xampp\htdocs\KinguinInternship\myProject\Yee\Yee.php(765): Yee\View->display('/pages/category...')
#7 C:\xampp\htdocs\KinguinInternship\myProject\App\Controllers\Category\CategoryController.php(25): Yee\Yee->render('/pages/category...')
#8 [internal function]: CategoryController->indexAction()
#9 C:\xampp\htdocs\KinguinInternship\myProject\Yee\Managers\Controller\Controller.php(22): call_user_func_array(Array, Array)
#10 [internal function]: Yee\Managers\Controller\Controller::__callStatic('___indexAction', Array)
#11 [internal function]: CategoryController::___indexAction()
#12 C:\xampp\htdocs\KinguinInternship\myProject\Yee\Route.php(462): call_user_func_array('CategoryControl...', Array)
#13 C:\xampp\htdocs\KinguinInternship\myProject\Yee\Yee.php(1334): Yee\Route->dispatch()
#14 C:\xampp\htdocs\KinguinInternship\myProject\Yee\Middleware\Flash.php(85): Yee\Yee->call()
#15 C:\xampp\htdocs\KinguinInternship\myProject\Yee\Middleware\MethodOverride.php(92): Yee\Middleware\Flash->call()
#16 C:\xampp\htdocs\KinguinInternship\myProject\Yee\Middleware\PrettyExceptions.php(67): Yee\Middleware\MethodOverride->call()
#17 C:\xampp\htdocs\KinguinInternship\myProject\Yee\Yee.php(1279): Yee\Middleware\PrettyExceptions->call()
#18 C:\xampp\htdocs\KinguinInternship\myProject\index.php(49): Yee\Yee->execute()
#19 {main}
ERROR - 2016-07-28 13:14:45 - exception 'ErrorException' with message 'Undefined property: App\Models\Category\CategoryModel::$app' in C:\xampp\htdocs\KinguinInternship\myProject\App\Models\Category\CategoryModel.php:23
Stack trace:
#0 C:\xampp\htdocs\KinguinInternship\myProject\App\Models\Category\CategoryModel.php(23): Yee\Yee::handleErrors(8, 'Undefined prope...', 'C:\\xampp\\htdocs...', 23, Array)
#1 C:\xampp\htdocs\KinguinInternship\myProject\App\Controllers\Article\ArticleController.php(24): App\Models\Category\CategoryModel->getCategory()
#2 [internal function]: ArticleController->indexAction()
#3 C:\xampp\htdocs\KinguinInternship\myProject\Yee\Managers\Controller\Controller.php(22): call_user_func_array(Array, Array)
#4 [internal function]: Yee\Managers\Controller\Controller::__callStatic('___indexAction', Array)
#5 [internal function]: ArticleController::___indexAction()
#6 C:\xampp\htdocs\KinguinInternship\myProject\Yee\Route.php(462): call_user_func_array('ArticleControll...', Array)
#7 C:\xampp\htdocs\KinguinInternship\myProject\Yee\Yee.php(1334): Yee\Route->dispatch()
#8 C:\xampp\htdocs\KinguinInternship\myProject\Yee\Middleware\Flash.php(85): Yee\Yee->call()
#9 C:\xampp\htdocs\KinguinInternship\myProject\Yee\Middleware\MethodOverride.php(92): Yee\Middleware\Flash->call()
#10 C:\xampp\htdocs\KinguinInternship\myProject\Yee\Middleware\PrettyExceptions.php(67): Yee\Middleware\MethodOverride->call()
#11 C:\xampp\htdocs\KinguinInternship\myProject\Yee\Yee.php(1279): Yee\Middleware\PrettyExceptions->call()
#12 C:\xampp\htdocs\KinguinInternship\myProject\index.php(49): Yee\Yee->execute()
#13 {main}
ERROR - 2016-07-28 13:29:11 - exception 'Twig_Error_Loader' with message 'Unable to find template "/pages/categoryUpdate" (looked into: ./templates).' in C:\xampp\htdocs\KinguinInternship\myProject\Twig\Loader\Filesystem.php:191
Stack trace:
#0 C:\xampp\htdocs\KinguinInternship\myProject\Twig\Loader\Filesystem.php(138): Twig_Loader_Filesystem->findTemplate('/pages/category...')
#1 C:\xampp\htdocs\KinguinInternship\myProject\Twig\Environment.php(265): Twig_Loader_Filesystem->getCacheKey('/pages/category...')
#2 C:\xampp\htdocs\KinguinInternship\myProject\Twig\Environment.php(323): Twig_Environment->getTemplateClass('/pages/category...', NULL)
#3 C:\xampp\htdocs\KinguinInternship\myProject\Yee\Views\Twig.php(87): Twig_Environment->loadTemplate('/pages/category...')
#4 C:\xampp\htdocs\KinguinInternship\myProject\Yee\View.php(255): Yee\Views\Twig->render('/pages/category...', NULL)
#5 C:\xampp\htdocs\KinguinInternship\myProject\Yee\View.php(243): Yee\View->fetch('/pages/category...', NULL)
#6 C:\xampp\htdocs\KinguinInternship\myProject\Yee\Yee.php(765): Yee\View->display('/pages/category...')
#7 C:\xampp\htdocs\KinguinInternship\myProject\App\Controllers\Category\CategoryController.php(50): Yee\Yee->render('/pages/category...')
#8 [internal function]: CategoryController->updateCategory('3')
#9 C:\xampp\htdocs\KinguinInternship\myProject\Yee\Managers\Controller\Controller.php(22): call_user_func_array(Array, Array)
#10 [internal function]: Yee\Managers\Controller\Controller::__callStatic('___updateCatego...', Array)
#11 [internal function]: CategoryController::___updateCategory('3')
#12 C:\xampp\htdocs\KinguinInternship\myProject\Yee\Route.php(462): call_user_func_array('CategoryControl...', Array)
#13 C:\xampp\htdocs\KinguinInternship\myProject\Yee\Yee.php(1334): Yee\Route->dispatch()
#14 C:\xampp\htdocs\KinguinInternship\myProject\Yee\Middleware\Flash.php(85): Yee\Yee->call()
#15 C:\xampp\htdocs\KinguinInternship\myProject\Yee\Middleware\MethodOverride.php(92): Yee\Middleware\Flash->call()
#16 C:\xampp\htdocs\KinguinInternship\myProject\Yee\Middleware\PrettyExceptions.php(67): Yee\Middleware\MethodOverride->call()
#17 C:\xampp\htdocs\KinguinInternship\myProject\Yee\Yee.php(1279): Yee\Middleware\PrettyExceptions->call()
#18 C:\xampp\htdocs\KinguinInternship\myProject\index.php(49): Yee\Yee->execute()
#19 {main}
ERROR - 2016-07-28 13:29:35 - exception 'Twig_Error_Loader' with message 'Unable to find template "/pages/categoryUpdate" (looked into: ./templates).' in C:\xampp\htdocs\KinguinInternship\myProject\Twig\Loader\Filesystem.php:191
Stack trace:
#0 C:\xampp\htdocs\KinguinInternship\myProject\Twig\Loader\Filesystem.php(138): Twig_Loader_Filesystem->findTemplate('/pages/category...')
#1 C:\xampp\htdocs\KinguinInternship\myProject\Twig\Environment.php(265): Twig_Loader_Filesystem->getCacheKey('/pages/category...')
#2 C:\xampp\htdocs\KinguinInternship\myProject\Twig\Environment.php(323): Twig_Environment->getTemplateClass('/pages/category...', NULL)
#3 C:\xampp\htdocs\KinguinInternship\myProject\Yee\Views\Twig.php(87): Twig_Environment->loadTemplate('/pages/category...')
#4 C:\xampp\htdocs\KinguinInternship\myProject\Yee\View.php(255): Yee\Views\Twig->render('/pages/category...', NULL)
#5 C:\xampp\htdocs\KinguinInternship\myProject\Yee\View.php(243): Yee\View->fetch('/pages/category...', NULL)
#6 C:\xampp\htdocs\KinguinInternship\myProject\Yee\Yee.php(765): Yee\View->display('/pages/category...')
#7 C:\xampp\htdocs\KinguinInternship\myProject\App\Controllers\Category\CategoryController.php(50): Yee\Yee->render('/pages/category...')
#8 [internal function]: CategoryController->updateCategory('3')
#9 C:\xampp\htdocs\KinguinInternship\myProject\Yee\Managers\Controller\Controller.php(22): call_user_func_array(Array, Array)
#10 [internal function]: Yee\Managers\Controller\Controller::__callStatic('___updateCatego...', Array)
#11 [internal function]: CategoryController::___updateCategory('3')
#12 C:\xampp\htdocs\KinguinInternship\myProject\Yee\Route.php(462): call_user_func_array('CategoryControl...', Array)
#13 C:\xampp\htdocs\KinguinInternship\myProject\Yee\Yee.php(1334): Yee\Route->dispatch()
#14 C:\xampp\htdocs\KinguinInternship\myProject\Yee\Middleware\Flash.php(85): Yee\Yee->call()
#15 C:\xampp\htdocs\KinguinInternship\myProject\Yee\Middleware\MethodOverride.php(92): Yee\Middleware\Flash->call()
#16 C:\xampp\htdocs\KinguinInternship\myProject\Yee\Middleware\PrettyExceptions.php(67): Yee\Middleware\MethodOverride->call()
#17 C:\xampp\htdocs\KinguinInternship\myProject\Yee\Yee.php(1279): Yee\Middleware\PrettyExceptions->call()
#18 C:\xampp\htdocs\KinguinInternship\myProject\index.php(49): Yee\Yee->execute()
#19 {main}
ERROR - 2016-07-28 13:30:43 - exception 'Twig_Error_Loader' with message 'Unable to find template "/pages/categoryUpdate" (looked into: ./templates).' in C:\xampp\htdocs\KinguinInternship\myProject\Twig\Loader\Filesystem.php:191
Stack trace:
#0 C:\xampp\htdocs\KinguinInternship\myProject\Twig\Loader\Filesystem.php(138): Twig_Loader_Filesystem->findTemplate('/pages/category...')
#1 C:\xampp\htdocs\KinguinInternship\myProject\Twig\Environment.php(265): Twig_Loader_Filesystem->getCacheKey('/pages/category...')
#2 C:\xampp\htdocs\KinguinInternship\myProject\Twig\Environment.php(323): Twig_Environment->getTemplateClass('/pages/category...', NULL)
#3 C:\xampp\htdocs\KinguinInternship\myProject\Yee\Views\Twig.php(87): Twig_Environment->loadTemplate('/pages/category...')
#4 C:\xampp\htdocs\KinguinInternship\myProject\Yee\View.php(255): Yee\Views\Twig->render('/pages/category...', NULL)
#5 C:\xampp\htdocs\KinguinInternship\myProject\Yee\View.php(243): Yee\View->fetch('/pages/category...', NULL)
#6 C:\xampp\htdocs\KinguinInternship\myProject\Yee\Yee.php(765): Yee\View->display('/pages/category...')
#7 C:\xampp\htdocs\KinguinInternship\myProject\App\Controllers\Category\CategoryController.php(51): Yee\Yee->render('/pages/category...')
#8 [internal function]: CategoryController->updateCategory('3')
#9 C:\xampp\htdocs\KinguinInternship\myProject\Yee\Managers\Controller\Controller.php(22): call_user_func_array(Array, Array)
#10 [internal function]: Yee\Managers\Controller\Controller::__callStatic('___updateCatego...', Array)
#11 [internal function]: CategoryController::___updateCategory('3')
#12 C:\xampp\htdocs\KinguinInternship\myProject\Yee\Route.php(462): call_user_func_array('CategoryControl...', Array)
#13 C:\xampp\htdocs\KinguinInternship\myProject\Yee\Yee.php(1334): Yee\Route->dispatch()
#14 C:\xampp\htdocs\KinguinInternship\myProject\Yee\Middleware\Flash.php(85): Yee\Yee->call()
#15 C:\xampp\htdocs\KinguinInternship\myProject\Yee\Middleware\MethodOverride.php(92): Yee\Middleware\Flash->call()
#16 C:\xampp\htdocs\KinguinInternship\myProject\Yee\Middleware\PrettyExceptions.php(67): Yee\Middleware\MethodOverride->call()
#17 C:\xampp\htdocs\KinguinInternship\myProject\Yee\Yee.php(1279): Yee\Middleware\PrettyExceptions->call()
#18 C:\xampp\htdocs\KinguinInternship\myProject\index.php(49): Yee\Yee->execute()
#19 {main}
ERROR - 2016-07-28 13:32:51 - exception 'Twig_Error_Syntax' with message 'Unexpected character "$" in "/pages/categoryUpdate.tpl" at line 19' in C:\xampp\htdocs\KinguinInternship\myProject\Twig\Lexer.php:284
Stack trace:
#0 C:\xampp\htdocs\KinguinInternship\myProject\Twig\Lexer.php(216): Twig_Lexer->lexExpression()
#1 C:\xampp\htdocs\KinguinInternship\myProject\Twig\Lexer.php(115): Twig_Lexer->lexVar()
#2 C:\xampp\htdocs\KinguinInternship\myProject\Twig\Environment.php(469): Twig_Lexer->tokenize('{% include "./c...', '/pages/category...')
#3 C:\xampp\htdocs\KinguinInternship\myProject\Twig\Environment.php(559): Twig_Environment->tokenize('{% include "./c...', '/pages/category...')
#4 C:\xampp\htdocs\KinguinInternship\myProject\Twig\Environment.php(334): Twig_Environment->compileSource('{% include "./c...', '/pages/category...')
#5 C:\xampp\htdocs\KinguinInternship\myProject\Yee\Views\Twig.php(87): Twig_Environment->loadTemplate('/pages/category...')
#6 C:\xampp\htdocs\KinguinInternship\myProject\Yee\View.php(255): Yee\Views\Twig->render('/pages/category...', NULL)
#7 C:\xampp\htdocs\KinguinInternship\myProject\Yee\View.php(243): Yee\View->fetch('/pages/category...', NULL)
#8 C:\xampp\htdocs\KinguinInternship\myProject\Yee\Yee.php(765): Yee\View->display('/pages/category...')
#9 C:\xampp\htdocs\KinguinInternship\myProject\App\Controllers\Category\CategoryController.php(51): Yee\Yee->render('/pages/category...')
#10 [internal function]: CategoryController->updateCategory('3')
#11 C:\xampp\htdocs\KinguinInternship\myProject\Yee\Managers\Controller\Controller.php(22): call_user_func_array(Array, Array)
#12 [internal function]: Yee\Managers\Controller\Controller::__callStatic('___updateCatego...', Array)
#13 [internal function]: CategoryController::___updateCategory('3')
#14 C:\xampp\htdocs\KinguinInternship\myProject\Yee\Route.php(462): call_user_func_array('CategoryControl...', Array)
#15 C:\xampp\htdocs\KinguinInternship\myProject\Yee\Yee.php(1334): Yee\Route->dispatch()
#16 C:\xampp\htdocs\KinguinInternship\myProject\Yee\Middleware\Flash.php(85): Yee\Yee->call()
#17 C:\xampp\htdocs\KinguinInternship\myProject\Yee\Middleware\MethodOverride.php(92): Yee\Middleware\Flash->call()
#18 C:\xampp\htdocs\KinguinInternship\myProject\Yee\Middleware\PrettyExceptions.php(67): Yee\Middleware\MethodOverride->call()
#19 C:\xampp\htdocs\KinguinInternship\myProject\Yee\Yee.php(1279): Yee\Middleware\PrettyExceptions->call()
#20 C:\xampp\htdocs\KinguinInternship\myProject\index.php(49): Yee\Yee->execute()
#21 {main}
ERROR - 2016-07-28 14:12:54 - exception 'ErrorException' with message 'Undefined variable: categoryId' in C:\xampp\htdocs\KinguinInternship\myProject\App\Controllers\Category\CategoryController.php:79
Stack trace:
#0 C:\xampp\htdocs\KinguinInternship\myProject\App\Controllers\Category\CategoryController.php(79): Yee\Yee::handleErrors(8, 'Undefined varia...', 'C:\\xampp\\htdocs...', 79, Array)
#1 [internal function]: CategoryController->deleteCategory('4')
#2 C:\xampp\htdocs\KinguinInternship\myProject\Yee\Managers\Controller\Controller.php(22): call_user_func_array(Array, Array)
#3 [internal function]: Yee\Managers\Controller\Controller::__callStatic('___deleteCatego...', Array)
#4 [internal function]: CategoryController::___deleteCategory('4')
#5 C:\xampp\htdocs\KinguinInternship\myProject\Yee\Route.php(462): call_user_func_array('CategoryControl...', Array)
#6 C:\xampp\htdocs\KinguinInternship\myProject\Yee\Yee.php(1334): Yee\Route->dispatch()
#7 C:\xampp\htdocs\KinguinInternship\myProject\Yee\Middleware\Flash.php(85): Yee\Yee->call()
#8 C:\xampp\htdocs\KinguinInternship\myProject\Yee\Middleware\MethodOverride.php(92): Yee\Middleware\Flash->call()
#9 C:\xampp\htdocs\KinguinInternship\myProject\Yee\Middleware\PrettyExceptions.php(67): Yee\Middleware\MethodOverride->call()
#10 C:\xampp\htdocs\KinguinInternship\myProject\Yee\Yee.php(1279): Yee\Middleware\PrettyExceptions->call()
#11 C:\xampp\htdocs\KinguinInternship\myProject\index.php(49): Yee\Yee->execute()
#12 {main}
ERROR - 2016-07-28 14:12:58 - exception 'ErrorException' with message 'Undefined variable: categoryId' in C:\xampp\htdocs\KinguinInternship\myProject\App\Controllers\Category\CategoryController.php:79
Stack trace:
#0 C:\xampp\htdocs\KinguinInternship\myProject\App\Controllers\Category\CategoryController.php(79): Yee\Yee::handleErrors(8, 'Undefined varia...', 'C:\\xampp\\htdocs...', 79, Array)
#1 [internal function]: CategoryController->deleteCategory('4')
#2 C:\xampp\htdocs\KinguinInternship\myProject\Yee\Managers\Controller\Controller.php(22): call_user_func_array(Array, Array)
#3 [internal function]: Yee\Managers\Controller\Controller::__callStatic('___deleteCatego...', Array)
#4 [internal function]: CategoryController::___deleteCategory('4')
#5 C:\xampp\htdocs\KinguinInternship\myProject\Yee\Route.php(462): call_user_func_array('CategoryControl...', Array)
#6 C:\xampp\htdocs\KinguinInternship\myProject\Yee\Yee.php(1334): Yee\Route->dispatch()
#7 C:\xampp\htdocs\KinguinInternship\myProject\Yee\Middleware\Flash.php(85): Yee\Yee->call()
#8 C:\xampp\htdocs\KinguinInternship\myProject\Yee\Middleware\MethodOverride.php(92): Yee\Middleware\Flash->call()
#9 C:\xampp\htdocs\KinguinInternship\myProject\Yee\Middleware\PrettyExceptions.php(67): Yee\Middleware\MethodOverride->call()
#10 C:\xampp\htdocs\KinguinInternship\myProject\Yee\Yee.php(1279): Yee\Middleware\PrettyExceptions->call()
#11 C:\xampp\htdocs\KinguinInternship\myProject\index.php(49): Yee\Yee->execute()
#12 {main}
ERROR - 2016-07-28 14:47:25 - exception 'ErrorException' with message 'Missing argument 1 for CategoryController::listCategory()' in C:\xampp\htdocs\KinguinInternship\myProject\App\Controllers\Category\CategoryController.php:99
Stack trace:
#0 C:\xampp\htdocs\KinguinInternship\myProject\App\Controllers\Category\CategoryController.php(99): Yee\Yee::handleErrors(2, 'Missing argumen...', 'C:\\xampp\\htdocs...', 99, Array)
#1 [internal function]: CategoryController->listCategory()
#2 C:\xampp\htdocs\KinguinInternship\myProject\Yee\Managers\Controller\Controller.php(22): call_user_func_array(Array, Array)
#3 [internal function]: Yee\Managers\Controller\Controller::__callStatic('___listCategory', Array)
#4 [internal function]: CategoryController::___listCategory()
#5 C:\xampp\htdocs\KinguinInternship\myProject\Yee\Route.php(462): call_user_func_array('CategoryControl...', Array)
#6 C:\xampp\htdocs\KinguinInternship\myProject\Yee\Yee.php(1334): Yee\Route->dispatch()
#7 C:\xampp\htdocs\KinguinInternship\myProject\Yee\Middleware\Flash.php(85): Yee\Yee->call()
#8 C:\xampp\htdocs\KinguinInternship\myProject\Yee\Middleware\MethodOverride.php(92): Yee\Middleware\Flash->call()
#9 C:\xampp\htdocs\KinguinInternship\myProject\Yee\Middleware\PrettyExceptions.php(67): Yee\Middleware\MethodOverride->call()
#10 C:\xampp\htdocs\KinguinInternship\myProject\Yee\Yee.php(1279): Yee\Middleware\PrettyExceptions->call()
#11 C:\xampp\htdocs\KinguinInternship\myProject\index.php(49): Yee\Yee->execute()
#12 {main}
