ERROR - 2016-07-26 10:35:57 - exception 'ErrorException' with message 'Trying to get property of non-object' in C:\xampp\htdocs\KinguinInternship\myProject\App\Models\MyAccount\MyAccountModel.php:23
Stack trace:
#0 C:\xampp\htdocs\KinguinInternship\myProject\App\Models\MyAccount\MyAccountModel.php(23): Yee\Yee::handleErrors(8, 'Trying to get p...', 'C:\\xampp\\htdocs...', 23, Array)
#1 C:\xampp\htdocs\KinguinInternship\myProject\App\Controllers\Ajax\AjaxController.php(215): App\Models\MyAccount\MyAccountModel->getAccountDetails()
#2 [internal function]: AjaxController->postAddArticleAction()
#3 C:\xampp\htdocs\KinguinInternship\myProject\Yee\Managers\Controller\Controller.php(22): call_user_func_array(Array, Array)
#4 [internal function]: Yee\Managers\Controller\Controller::__callStatic('___postAddArtic...', Array)
#5 [internal function]: AjaxController::___postAddArticleAction()
#6 C:\xampp\htdocs\KinguinInternship\myProject\Yee\Route.php(462): call_user_func_array('AjaxController:...', Array)
#7 C:\xampp\htdocs\KinguinInternship\myProject\Yee\Yee.php(1334): Yee\Route->dispatch()
#8 C:\xampp\htdocs\KinguinInternship\myProject\Yee\Middleware\Flash.php(85): Yee\Yee->call()
#9 C:\xampp\htdocs\KinguinInternship\myProject\Yee\Middleware\MethodOverride.php(92): Yee\Middleware\Flash->call()
#10 C:\xampp\htdocs\KinguinInternship\myProject\Yee\Middleware\PrettyExceptions.php(67): Yee\Middleware\MethodOverride->call()
#11 C:\xampp\htdocs\KinguinInternship\myProject\Yee\Yee.php(1279): Yee\Middleware\PrettyExceptions->call()
#12 C:\xampp\htdocs\KinguinInternship\myProject\index.php(49): Yee\Yee->execute()
#13 {main}
ERROR - 2016-07-26 10:51:32 - exception 'ErrorException' with message 'Problem preparing query (INSERT into article(`title`, `author_id`, `date`, `content`, `categoryId`) VALUES(?, ?, ?, ?, ?)) Unknown column 'categoryId' in 'field list'' in C:\xampp\htdocs\KinguinInternship\myProject\Yee\Libraries\Database\MysqliDB.php:909
Stack trace:
#0 [internal function]: Yee\Yee::handleErrors(256, 'Problem prepari...', 'C:\\xampp\\htdocs...', 909, Array)
#1 C:\xampp\htdocs\KinguinInternship\myProject\Yee\Libraries\Database\MysqliDB.php(909): trigger_error('Problem prepari...', 256)
#2 C:\xampp\htdocs\KinguinInternship\myProject\Yee\Libraries\Database\MysqliDB.php(648): Yee\Libraries\Database\MysqliDB->_prepareQuery()
#3 C:\xampp\htdocs\KinguinInternship\myProject\Yee\Libraries\Database\MysqliDB.php(324): Yee\Libraries\Database\MysqliDB->_buildQuery(NULL, Array)
#4 C:\xampp\htdocs\KinguinInternship\myProject\App\Models\Article\ArticleModel.php(40): Yee\Libraries\Database\MysqliDB->insert('article', Array)
#5 C:\xampp\htdocs\KinguinInternship\myProject\App\Controllers\Ajax\AjaxController.php(218): App\Models\Article\ArticleModel->addComment('Post test', 'First comment t...', 3)
#6 [internal function]: AjaxController->postAddArticleAction()
#7 C:\xampp\htdocs\KinguinInternship\myProject\Yee\Managers\Controller\Controller.php(22): call_user_func_array(Array, Array)
#8 [internal function]: Yee\Managers\Controller\Controller::__callStatic('___postAddArtic...', Array)
#9 [internal function]: AjaxController::___postAddArticleAction()
#10 C:\xampp\htdocs\KinguinInternship\myProject\Yee\Route.php(462): call_user_func_array('AjaxController:...', Array)
#11 C:\xampp\htdocs\KinguinInternship\myProject\Yee\Yee.php(1334): Yee\Route->dispatch()
#12 C:\xampp\htdocs\KinguinInternship\myProject\Yee\Middleware\Flash.php(85): Yee\Yee->call()
#13 C:\xampp\htdocs\KinguinInternship\myProject\Yee\Middleware\MethodOverride.php(92): Yee\Middleware\Flash->call()
#14 C:\xampp\htdocs\KinguinInternship\myProject\Yee\Middleware\PrettyExceptions.php(67): Yee\Middleware\MethodOverride->call()
#15 C:\xampp\htdocs\KinguinInternship\myProject\Yee\Yee.php(1279): Yee\Middleware\PrettyExceptions->call()
#16 C:\xampp\htdocs\KinguinInternship\myProject\index.php(49): Yee\Yee->execute()
#17 {main}
